[2023-01-06T18:36:56.061+0000] {processor.py:153} INFO - Started process (PID=59) to work on /home/airflow/.local/lib/python3.7/site-packages/airflow/example_dags/example_short_circuit_operator.py
[2023-01-06T18:36:56.062+0000] {processor.py:743} INFO - Processing file /home/airflow/.local/lib/python3.7/site-packages/airflow/example_dags/example_short_circuit_operator.py for tasks to queue
[2023-01-06T18:36:56.062+0000] {logging_mixin.py:137} INFO - [2023-01-06T18:36:56.062+0000] {dagbag.py:538} INFO - Filling up the DagBag from /home/airflow/.local/lib/python3.7/site-packages/airflow/example_dags/example_short_circuit_operator.py
[2023-01-06T18:36:56.077+0000] {processor.py:753} INFO - DAG(s) dict_keys(['example_short_circuit_operator']) retrieved from /home/airflow/.local/lib/python3.7/site-packages/airflow/example_dags/example_short_circuit_operator.py
[2023-01-06T18:36:56.102+0000] {logging_mixin.py:137} INFO - [2023-01-06T18:36:56.102+0000] {dag.py:2676} INFO - Sync 1 DAGs
[2023-01-06T18:36:56.129+0000] {logging_mixin.py:137} INFO - [2023-01-06T18:36:56.129+0000] {dag.py:3427} INFO - Setting next_dagrun for example_short_circuit_operator to 2023-01-05T18:36:56.128958+00:00, run_after=2023-01-06T18:36:56.128958+00:00
[2023-01-06T18:36:56.149+0000] {processor.py:175} INFO - Processing /home/airflow/.local/lib/python3.7/site-packages/airflow/example_dags/example_short_circuit_operator.py took 0.092 seconds
[2023-01-06T18:37:26.661+0000] {processor.py:153} INFO - Started process (PID=145) to work on /home/airflow/.local/lib/python3.7/site-packages/airflow/example_dags/example_short_circuit_operator.py
[2023-01-06T18:37:26.662+0000] {processor.py:743} INFO - Processing file /home/airflow/.local/lib/python3.7/site-packages/airflow/example_dags/example_short_circuit_operator.py for tasks to queue
[2023-01-06T18:37:26.663+0000] {logging_mixin.py:137} INFO - [2023-01-06T18:37:26.662+0000] {dagbag.py:538} INFO - Filling up the DagBag from /home/airflow/.local/lib/python3.7/site-packages/airflow/example_dags/example_short_circuit_operator.py
[2023-01-06T18:37:26.678+0000] {processor.py:753} INFO - DAG(s) dict_keys(['example_short_circuit_operator']) retrieved from /home/airflow/.local/lib/python3.7/site-packages/airflow/example_dags/example_short_circuit_operator.py
[2023-01-06T18:37:26.707+0000] {logging_mixin.py:137} INFO - [2023-01-06T18:37:26.707+0000] {dag.py:2676} INFO - Sync 1 DAGs
[2023-01-06T18:37:26.725+0000] {logging_mixin.py:137} INFO - [2023-01-06T18:37:26.725+0000] {dag.py:3427} INFO - Setting next_dagrun for example_short_circuit_operator to 2023-01-05T18:37:26.725253+00:00, run_after=2023-01-06T18:37:26.725253+00:00
[2023-01-06T18:37:26.739+0000] {processor.py:175} INFO - Processing /home/airflow/.local/lib/python3.7/site-packages/airflow/example_dags/example_short_circuit_operator.py took 0.081 seconds
[2023-01-06T18:37:57.165+0000] {processor.py:153} INFO - Started process (PID=231) to work on /home/airflow/.local/lib/python3.7/site-packages/airflow/example_dags/example_short_circuit_operator.py
[2023-01-06T18:37:57.166+0000] {processor.py:743} INFO - Processing file /home/airflow/.local/lib/python3.7/site-packages/airflow/example_dags/example_short_circuit_operator.py for tasks to queue
[2023-01-06T18:37:57.167+0000] {logging_mixin.py:137} INFO - [2023-01-06T18:37:57.167+0000] {dagbag.py:538} INFO - Filling up the DagBag from /home/airflow/.local/lib/python3.7/site-packages/airflow/example_dags/example_short_circuit_operator.py
[2023-01-06T18:37:57.182+0000] {processor.py:753} INFO - DAG(s) dict_keys(['example_short_circuit_operator']) retrieved from /home/airflow/.local/lib/python3.7/site-packages/airflow/example_dags/example_short_circuit_operator.py
[2023-01-06T18:37:57.215+0000] {logging_mixin.py:137} INFO - [2023-01-06T18:37:57.215+0000] {dag.py:2676} INFO - Sync 1 DAGs
[2023-01-06T18:37:57.233+0000] {logging_mixin.py:137} INFO - [2023-01-06T18:37:57.233+0000] {dag.py:3427} INFO - Setting next_dagrun for example_short_circuit_operator to 2023-01-05T18:37:57.233645+00:00, run_after=2023-01-06T18:37:57.233645+00:00
[2023-01-06T18:37:57.250+0000] {processor.py:175} INFO - Processing /home/airflow/.local/lib/python3.7/site-packages/airflow/example_dags/example_short_circuit_operator.py took 0.088 seconds
[2023-01-06T18:38:27.548+0000] {processor.py:153} INFO - Started process (PID=301) to work on /home/airflow/.local/lib/python3.7/site-packages/airflow/example_dags/example_short_circuit_operator.py
[2023-01-06T18:38:27.549+0000] {processor.py:743} INFO - Processing file /home/airflow/.local/lib/python3.7/site-packages/airflow/example_dags/example_short_circuit_operator.py for tasks to queue
[2023-01-06T18:38:27.549+0000] {logging_mixin.py:137} INFO - [2023-01-06T18:38:27.549+0000] {dagbag.py:538} INFO - Filling up the DagBag from /home/airflow/.local/lib/python3.7/site-packages/airflow/example_dags/example_short_circuit_operator.py
[2023-01-06T18:38:27.564+0000] {processor.py:753} INFO - DAG(s) dict_keys(['example_short_circuit_operator']) retrieved from /home/airflow/.local/lib/python3.7/site-packages/airflow/example_dags/example_short_circuit_operator.py
[2023-01-06T18:38:27.595+0000] {logging_mixin.py:137} INFO - [2023-01-06T18:38:27.595+0000] {dag.py:2676} INFO - Sync 1 DAGs
[2023-01-06T18:38:27.613+0000] {logging_mixin.py:137} INFO - [2023-01-06T18:38:27.613+0000] {dag.py:3427} INFO - Setting next_dagrun for example_short_circuit_operator to 2023-01-05T18:38:27.613491+00:00, run_after=2023-01-06T18:38:27.613491+00:00
[2023-01-06T18:38:27.627+0000] {processor.py:175} INFO - Processing /home/airflow/.local/lib/python3.7/site-packages/airflow/example_dags/example_short_circuit_operator.py took 0.082 seconds
[2023-01-06T18:38:57.976+0000] {processor.py:153} INFO - Started process (PID=387) to work on /home/airflow/.local/lib/python3.7/site-packages/airflow/example_dags/example_short_circuit_operator.py
[2023-01-06T18:38:57.976+0000] {processor.py:743} INFO - Processing file /home/airflow/.local/lib/python3.7/site-packages/airflow/example_dags/example_short_circuit_operator.py for tasks to queue
[2023-01-06T18:38:57.977+0000] {logging_mixin.py:137} INFO - [2023-01-06T18:38:57.977+0000] {dagbag.py:538} INFO - Filling up the DagBag from /home/airflow/.local/lib/python3.7/site-packages/airflow/example_dags/example_short_circuit_operator.py
[2023-01-06T18:38:57.991+0000] {processor.py:753} INFO - DAG(s) dict_keys(['example_short_circuit_operator']) retrieved from /home/airflow/.local/lib/python3.7/site-packages/airflow/example_dags/example_short_circuit_operator.py
[2023-01-06T18:38:58.023+0000] {logging_mixin.py:137} INFO - [2023-01-06T18:38:58.023+0000] {dag.py:2676} INFO - Sync 1 DAGs
[2023-01-06T18:38:58.041+0000] {logging_mixin.py:137} INFO - [2023-01-06T18:38:58.041+0000] {dag.py:3427} INFO - Setting next_dagrun for example_short_circuit_operator to 2023-01-05T18:38:58.041513+00:00, run_after=2023-01-06T18:38:58.041513+00:00
[2023-01-06T18:38:58.055+0000] {processor.py:175} INFO - Processing /home/airflow/.local/lib/python3.7/site-packages/airflow/example_dags/example_short_circuit_operator.py took 0.083 seconds
[2023-01-06T18:39:28.356+0000] {processor.py:153} INFO - Started process (PID=457) to work on /home/airflow/.local/lib/python3.7/site-packages/airflow/example_dags/example_short_circuit_operator.py
[2023-01-06T18:39:28.357+0000] {processor.py:743} INFO - Processing file /home/airflow/.local/lib/python3.7/site-packages/airflow/example_dags/example_short_circuit_operator.py for tasks to queue
[2023-01-06T18:39:28.358+0000] {logging_mixin.py:137} INFO - [2023-01-06T18:39:28.357+0000] {dagbag.py:538} INFO - Filling up the DagBag from /home/airflow/.local/lib/python3.7/site-packages/airflow/example_dags/example_short_circuit_operator.py
[2023-01-06T18:39:28.372+0000] {processor.py:753} INFO - DAG(s) dict_keys(['example_short_circuit_operator']) retrieved from /home/airflow/.local/lib/python3.7/site-packages/airflow/example_dags/example_short_circuit_operator.py
[2023-01-06T18:39:28.400+0000] {logging_mixin.py:137} INFO - [2023-01-06T18:39:28.400+0000] {dag.py:2676} INFO - Sync 1 DAGs
[2023-01-06T18:39:28.419+0000] {logging_mixin.py:137} INFO - [2023-01-06T18:39:28.419+0000] {dag.py:3427} INFO - Setting next_dagrun for example_short_circuit_operator to 2023-01-05T18:39:28.419076+00:00, run_after=2023-01-06T18:39:28.419076+00:00
[2023-01-06T18:39:28.433+0000] {processor.py:175} INFO - Processing /home/airflow/.local/lib/python3.7/site-packages/airflow/example_dags/example_short_circuit_operator.py took 0.080 seconds
[2023-01-06T18:39:58.975+0000] {processor.py:153} INFO - Started process (PID=543) to work on /home/airflow/.local/lib/python3.7/site-packages/airflow/example_dags/example_short_circuit_operator.py
[2023-01-06T18:39:58.976+0000] {processor.py:743} INFO - Processing file /home/airflow/.local/lib/python3.7/site-packages/airflow/example_dags/example_short_circuit_operator.py for tasks to queue
[2023-01-06T18:39:58.976+0000] {logging_mixin.py:137} INFO - [2023-01-06T18:39:58.976+0000] {dagbag.py:538} INFO - Filling up the DagBag from /home/airflow/.local/lib/python3.7/site-packages/airflow/example_dags/example_short_circuit_operator.py
[2023-01-06T18:39:58.993+0000] {processor.py:753} INFO - DAG(s) dict_keys(['example_short_circuit_operator']) retrieved from /home/airflow/.local/lib/python3.7/site-packages/airflow/example_dags/example_short_circuit_operator.py
[2023-01-06T18:39:59.027+0000] {logging_mixin.py:137} INFO - [2023-01-06T18:39:59.027+0000] {dag.py:2676} INFO - Sync 1 DAGs
[2023-01-06T18:39:59.047+0000] {logging_mixin.py:137} INFO - [2023-01-06T18:39:59.047+0000] {dag.py:3427} INFO - Setting next_dagrun for example_short_circuit_operator to 2023-01-05T18:39:59.046915+00:00, run_after=2023-01-06T18:39:59.046915+00:00
[2023-01-06T18:39:59.061+0000] {processor.py:175} INFO - Processing /home/airflow/.local/lib/python3.7/site-packages/airflow/example_dags/example_short_circuit_operator.py took 0.090 seconds
[2023-01-06T18:40:29.491+0000] {processor.py:153} INFO - Started process (PID=630) to work on /home/airflow/.local/lib/python3.7/site-packages/airflow/example_dags/example_short_circuit_operator.py
[2023-01-06T18:40:29.491+0000] {processor.py:743} INFO - Processing file /home/airflow/.local/lib/python3.7/site-packages/airflow/example_dags/example_short_circuit_operator.py for tasks to queue
[2023-01-06T18:40:29.492+0000] {logging_mixin.py:137} INFO - [2023-01-06T18:40:29.492+0000] {dagbag.py:538} INFO - Filling up the DagBag from /home/airflow/.local/lib/python3.7/site-packages/airflow/example_dags/example_short_circuit_operator.py
[2023-01-06T18:40:29.507+0000] {processor.py:753} INFO - DAG(s) dict_keys(['example_short_circuit_operator']) retrieved from /home/airflow/.local/lib/python3.7/site-packages/airflow/example_dags/example_short_circuit_operator.py
[2023-01-06T18:40:29.539+0000] {logging_mixin.py:137} INFO - [2023-01-06T18:40:29.539+0000] {dag.py:2676} INFO - Sync 1 DAGs
[2023-01-06T18:40:29.558+0000] {logging_mixin.py:137} INFO - [2023-01-06T18:40:29.558+0000] {dag.py:3427} INFO - Setting next_dagrun for example_short_circuit_operator to 2023-01-05T18:40:29.557791+00:00, run_after=2023-01-06T18:40:29.557791+00:00
[2023-01-06T18:40:29.572+0000] {processor.py:175} INFO - Processing /home/airflow/.local/lib/python3.7/site-packages/airflow/example_dags/example_short_circuit_operator.py took 0.085 seconds
[2023-01-06T18:40:59.799+0000] {processor.py:153} INFO - Started process (PID=700) to work on /home/airflow/.local/lib/python3.7/site-packages/airflow/example_dags/example_short_circuit_operator.py
[2023-01-06T18:40:59.799+0000] {processor.py:743} INFO - Processing file /home/airflow/.local/lib/python3.7/site-packages/airflow/example_dags/example_short_circuit_operator.py for tasks to queue
[2023-01-06T18:40:59.800+0000] {logging_mixin.py:137} INFO - [2023-01-06T18:40:59.800+0000] {dagbag.py:538} INFO - Filling up the DagBag from /home/airflow/.local/lib/python3.7/site-packages/airflow/example_dags/example_short_circuit_operator.py
[2023-01-06T18:40:59.814+0000] {processor.py:753} INFO - DAG(s) dict_keys(['example_short_circuit_operator']) retrieved from /home/airflow/.local/lib/python3.7/site-packages/airflow/example_dags/example_short_circuit_operator.py
[2023-01-06T18:40:59.845+0000] {logging_mixin.py:137} INFO - [2023-01-06T18:40:59.845+0000] {dag.py:2676} INFO - Sync 1 DAGs
[2023-01-06T18:40:59.863+0000] {logging_mixin.py:137} INFO - [2023-01-06T18:40:59.862+0000] {dag.py:3427} INFO - Setting next_dagrun for example_short_circuit_operator to 2023-01-05T18:40:59.862750+00:00, run_after=2023-01-06T18:40:59.862750+00:00
[2023-01-06T18:40:59.877+0000] {processor.py:175} INFO - Processing /home/airflow/.local/lib/python3.7/site-packages/airflow/example_dags/example_short_circuit_operator.py took 0.082 seconds
[2023-01-06T18:41:30.133+0000] {processor.py:153} INFO - Started process (PID=786) to work on /home/airflow/.local/lib/python3.7/site-packages/airflow/example_dags/example_short_circuit_operator.py
[2023-01-06T18:41:30.134+0000] {processor.py:743} INFO - Processing file /home/airflow/.local/lib/python3.7/site-packages/airflow/example_dags/example_short_circuit_operator.py for tasks to queue
[2023-01-06T18:41:30.134+0000] {logging_mixin.py:137} INFO - [2023-01-06T18:41:30.134+0000] {dagbag.py:538} INFO - Filling up the DagBag from /home/airflow/.local/lib/python3.7/site-packages/airflow/example_dags/example_short_circuit_operator.py
[2023-01-06T18:41:30.149+0000] {processor.py:753} INFO - DAG(s) dict_keys(['example_short_circuit_operator']) retrieved from /home/airflow/.local/lib/python3.7/site-packages/airflow/example_dags/example_short_circuit_operator.py
[2023-01-06T18:41:30.182+0000] {logging_mixin.py:137} INFO - [2023-01-06T18:41:30.182+0000] {dag.py:2676} INFO - Sync 1 DAGs
[2023-01-06T18:41:30.202+0000] {logging_mixin.py:137} INFO - [2023-01-06T18:41:30.202+0000] {dag.py:3427} INFO - Setting next_dagrun for example_short_circuit_operator to 2023-01-05T18:41:30.202059+00:00, run_after=2023-01-06T18:41:30.202059+00:00
[2023-01-06T18:41:30.215+0000] {processor.py:175} INFO - Processing /home/airflow/.local/lib/python3.7/site-packages/airflow/example_dags/example_short_circuit_operator.py took 0.085 seconds
[2023-01-06T18:42:01.234+0000] {processor.py:153} INFO - Started process (PID=871) to work on /home/airflow/.local/lib/python3.7/site-packages/airflow/example_dags/example_short_circuit_operator.py
[2023-01-06T18:42:01.235+0000] {processor.py:743} INFO - Processing file /home/airflow/.local/lib/python3.7/site-packages/airflow/example_dags/example_short_circuit_operator.py for tasks to queue
[2023-01-06T18:42:01.236+0000] {logging_mixin.py:137} INFO - [2023-01-06T18:42:01.236+0000] {dagbag.py:538} INFO - Filling up the DagBag from /home/airflow/.local/lib/python3.7/site-packages/airflow/example_dags/example_short_circuit_operator.py
[2023-01-06T18:42:01.258+0000] {processor.py:753} INFO - DAG(s) dict_keys(['example_short_circuit_operator']) retrieved from /home/airflow/.local/lib/python3.7/site-packages/airflow/example_dags/example_short_circuit_operator.py
[2023-01-06T18:42:01.299+0000] {logging_mixin.py:137} INFO - [2023-01-06T18:42:01.299+0000] {dag.py:2676} INFO - Sync 1 DAGs
[2023-01-06T18:42:01.321+0000] {logging_mixin.py:137} INFO - [2023-01-06T18:42:01.321+0000] {dag.py:3427} INFO - Setting next_dagrun for example_short_circuit_operator to 2023-01-05T18:42:01.321454+00:00, run_after=2023-01-06T18:42:01.321454+00:00
[2023-01-06T18:42:01.340+0000] {processor.py:175} INFO - Processing /home/airflow/.local/lib/python3.7/site-packages/airflow/example_dags/example_short_circuit_operator.py took 0.110 seconds
