[2023-01-06T18:36:56.578+0000] {processor.py:153} INFO - Started process (PID=64) to work on /home/airflow/.local/lib/python3.7/site-packages/airflow/example_dags/example_datasets.py
[2023-01-06T18:36:56.578+0000] {processor.py:743} INFO - Processing file /home/airflow/.local/lib/python3.7/site-packages/airflow/example_dags/example_datasets.py for tasks to queue
[2023-01-06T18:36:56.627+0000] {logging_mixin.py:137} INFO - [2023-01-06T18:36:56.627+0000] {dagbag.py:538} INFO - Filling up the DagBag from /home/airflow/.local/lib/python3.7/site-packages/airflow/example_dags/example_datasets.py
[2023-01-06T18:36:56.643+0000] {processor.py:753} INFO - DAG(s) dict_keys(['dataset_produces_1', 'dataset_consumes_1', 'dataset_produces_2', 'dataset_consumes_1_and_2', 'dataset_consumes_unknown_never_scheduled', 'dataset_consumes_1_never_scheduled']) retrieved from /home/airflow/.local/lib/python3.7/site-packages/airflow/example_dags/example_datasets.py
[2023-01-06T18:36:56.669+0000] {logging_mixin.py:137} INFO - [2023-01-06T18:36:56.669+0000] {dag.py:2676} INFO - Sync 6 DAGs
[2023-01-06T18:36:56.693+0000] {logging_mixin.py:137} INFO - [2023-01-06T18:36:56.693+0000] {dag.py:3427} INFO - Setting next_dagrun for dataset_consumes_1 to None, run_after=None
[2023-01-06T18:36:56.696+0000] {logging_mixin.py:137} INFO - [2023-01-06T18:36:56.695+0000] {dag.py:3427} INFO - Setting next_dagrun for dataset_consumes_1_and_2 to None, run_after=None
[2023-01-06T18:36:56.697+0000] {logging_mixin.py:137} INFO - [2023-01-06T18:36:56.696+0000] {dag.py:3427} INFO - Setting next_dagrun for dataset_consumes_1_never_scheduled to None, run_after=None
[2023-01-06T18:36:56.697+0000] {logging_mixin.py:137} INFO - [2023-01-06T18:36:56.697+0000] {dag.py:3427} INFO - Setting next_dagrun for dataset_consumes_unknown_never_scheduled to None, run_after=None
[2023-01-06T18:36:56.699+0000] {logging_mixin.py:137} INFO - [2023-01-06T18:36:56.699+0000] {dag.py:3427} INFO - Setting next_dagrun for dataset_produces_1 to 2023-01-05T00:00:00+00:00, run_after=2023-01-06T00:00:00+00:00
[2023-01-06T18:36:56.700+0000] {logging_mixin.py:137} INFO - [2023-01-06T18:36:56.700+0000] {dag.py:3427} INFO - Setting next_dagrun for dataset_produces_2 to None, run_after=None
[2023-01-06T18:36:56.728+0000] {processor.py:175} INFO - Processing /home/airflow/.local/lib/python3.7/site-packages/airflow/example_dags/example_datasets.py took 0.154 seconds
[2023-01-06T18:37:26.911+0000] {processor.py:153} INFO - Started process (PID=150) to work on /home/airflow/.local/lib/python3.7/site-packages/airflow/example_dags/example_datasets.py
[2023-01-06T18:37:26.912+0000] {processor.py:743} INFO - Processing file /home/airflow/.local/lib/python3.7/site-packages/airflow/example_dags/example_datasets.py for tasks to queue
[2023-01-06T18:37:26.912+0000] {logging_mixin.py:137} INFO - [2023-01-06T18:37:26.912+0000] {dagbag.py:538} INFO - Filling up the DagBag from /home/airflow/.local/lib/python3.7/site-packages/airflow/example_dags/example_datasets.py
[2023-01-06T18:37:26.928+0000] {processor.py:753} INFO - DAG(s) dict_keys(['dataset_produces_2', 'dataset_consumes_1', 'dataset_produces_1', 'dataset_consumes_1_never_scheduled', 'dataset_consumes_unknown_never_scheduled', 'dataset_consumes_1_and_2']) retrieved from /home/airflow/.local/lib/python3.7/site-packages/airflow/example_dags/example_datasets.py
[2023-01-06T18:37:27.003+0000] {logging_mixin.py:137} INFO - [2023-01-06T18:37:27.003+0000] {dag.py:2676} INFO - Sync 6 DAGs
[2023-01-06T18:37:27.021+0000] {logging_mixin.py:137} INFO - [2023-01-06T18:37:27.021+0000] {dag.py:3427} INFO - Setting next_dagrun for dataset_consumes_1 to None, run_after=None
[2023-01-06T18:37:27.023+0000] {logging_mixin.py:137} INFO - [2023-01-06T18:37:27.022+0000] {dag.py:3427} INFO - Setting next_dagrun for dataset_consumes_1_and_2 to None, run_after=None
[2023-01-06T18:37:27.023+0000] {logging_mixin.py:137} INFO - [2023-01-06T18:37:27.023+0000] {dag.py:3427} INFO - Setting next_dagrun for dataset_consumes_1_never_scheduled to None, run_after=None
[2023-01-06T18:37:27.024+0000] {logging_mixin.py:137} INFO - [2023-01-06T18:37:27.024+0000] {dag.py:3427} INFO - Setting next_dagrun for dataset_consumes_unknown_never_scheduled to None, run_after=None
[2023-01-06T18:37:27.026+0000] {logging_mixin.py:137} INFO - [2023-01-06T18:37:27.026+0000] {dag.py:3427} INFO - Setting next_dagrun for dataset_produces_1 to 2023-01-05T00:00:00+00:00, run_after=2023-01-06T00:00:00+00:00
[2023-01-06T18:37:27.027+0000] {logging_mixin.py:137} INFO - [2023-01-06T18:37:27.027+0000] {dag.py:3427} INFO - Setting next_dagrun for dataset_produces_2 to None, run_after=None
[2023-01-06T18:37:27.048+0000] {processor.py:175} INFO - Processing /home/airflow/.local/lib/python3.7/site-packages/airflow/example_dags/example_datasets.py took 0.140 seconds
[2023-01-06T18:37:57.447+0000] {processor.py:153} INFO - Started process (PID=236) to work on /home/airflow/.local/lib/python3.7/site-packages/airflow/example_dags/example_datasets.py
[2023-01-06T18:37:57.448+0000] {processor.py:743} INFO - Processing file /home/airflow/.local/lib/python3.7/site-packages/airflow/example_dags/example_datasets.py for tasks to queue
[2023-01-06T18:37:57.448+0000] {logging_mixin.py:137} INFO - [2023-01-06T18:37:57.448+0000] {dagbag.py:538} INFO - Filling up the DagBag from /home/airflow/.local/lib/python3.7/site-packages/airflow/example_dags/example_datasets.py
[2023-01-06T18:37:57.464+0000] {processor.py:753} INFO - DAG(s) dict_keys(['dataset_consumes_unknown_never_scheduled', 'dataset_produces_2', 'dataset_produces_1', 'dataset_consumes_1', 'dataset_consumes_1_never_scheduled', 'dataset_consumes_1_and_2']) retrieved from /home/airflow/.local/lib/python3.7/site-packages/airflow/example_dags/example_datasets.py
[2023-01-06T18:37:57.505+0000] {logging_mixin.py:137} INFO - [2023-01-06T18:37:57.505+0000] {dag.py:2676} INFO - Sync 6 DAGs
[2023-01-06T18:37:57.526+0000] {logging_mixin.py:137} INFO - [2023-01-06T18:37:57.526+0000] {dag.py:3427} INFO - Setting next_dagrun for dataset_consumes_1 to None, run_after=None
[2023-01-06T18:37:57.529+0000] {logging_mixin.py:137} INFO - [2023-01-06T18:37:57.528+0000] {dag.py:3427} INFO - Setting next_dagrun for dataset_consumes_1_and_2 to None, run_after=None
[2023-01-06T18:37:57.529+0000] {logging_mixin.py:137} INFO - [2023-01-06T18:37:57.529+0000] {dag.py:3427} INFO - Setting next_dagrun for dataset_consumes_1_never_scheduled to None, run_after=None
[2023-01-06T18:37:57.530+0000] {logging_mixin.py:137} INFO - [2023-01-06T18:37:57.530+0000] {dag.py:3427} INFO - Setting next_dagrun for dataset_consumes_unknown_never_scheduled to None, run_after=None
[2023-01-06T18:37:57.532+0000] {logging_mixin.py:137} INFO - [2023-01-06T18:37:57.532+0000] {dag.py:3427} INFO - Setting next_dagrun for dataset_produces_1 to 2023-01-05T00:00:00+00:00, run_after=2023-01-06T00:00:00+00:00
[2023-01-06T18:37:57.533+0000] {logging_mixin.py:137} INFO - [2023-01-06T18:37:57.533+0000] {dag.py:3427} INFO - Setting next_dagrun for dataset_produces_2 to None, run_after=None
[2023-01-06T18:37:57.554+0000] {processor.py:175} INFO - Processing /home/airflow/.local/lib/python3.7/site-packages/airflow/example_dags/example_datasets.py took 0.112 seconds
[2023-01-06T18:38:27.803+0000] {processor.py:153} INFO - Started process (PID=306) to work on /home/airflow/.local/lib/python3.7/site-packages/airflow/example_dags/example_datasets.py
[2023-01-06T18:38:27.804+0000] {processor.py:743} INFO - Processing file /home/airflow/.local/lib/python3.7/site-packages/airflow/example_dags/example_datasets.py for tasks to queue
[2023-01-06T18:38:27.805+0000] {logging_mixin.py:137} INFO - [2023-01-06T18:38:27.804+0000] {dagbag.py:538} INFO - Filling up the DagBag from /home/airflow/.local/lib/python3.7/site-packages/airflow/example_dags/example_datasets.py
[2023-01-06T18:38:27.820+0000] {processor.py:753} INFO - DAG(s) dict_keys(['dataset_consumes_unknown_never_scheduled', 'dataset_produces_1', 'dataset_consumes_1_and_2', 'dataset_consumes_1_never_scheduled', 'dataset_produces_2', 'dataset_consumes_1']) retrieved from /home/airflow/.local/lib/python3.7/site-packages/airflow/example_dags/example_datasets.py
[2023-01-06T18:38:27.866+0000] {logging_mixin.py:137} INFO - [2023-01-06T18:38:27.866+0000] {dag.py:2676} INFO - Sync 6 DAGs
[2023-01-06T18:38:27.890+0000] {logging_mixin.py:137} INFO - [2023-01-06T18:38:27.890+0000] {dag.py:3427} INFO - Setting next_dagrun for dataset_consumes_1 to None, run_after=None
[2023-01-06T18:38:27.894+0000] {logging_mixin.py:137} INFO - [2023-01-06T18:38:27.894+0000] {dag.py:3427} INFO - Setting next_dagrun for dataset_consumes_1_and_2 to None, run_after=None
[2023-01-06T18:38:27.896+0000] {logging_mixin.py:137} INFO - [2023-01-06T18:38:27.896+0000] {dag.py:3427} INFO - Setting next_dagrun for dataset_consumes_1_never_scheduled to None, run_after=None
[2023-01-06T18:38:27.897+0000] {logging_mixin.py:137} INFO - [2023-01-06T18:38:27.897+0000] {dag.py:3427} INFO - Setting next_dagrun for dataset_consumes_unknown_never_scheduled to None, run_after=None
[2023-01-06T18:38:27.899+0000] {logging_mixin.py:137} INFO - [2023-01-06T18:38:27.899+0000] {dag.py:3427} INFO - Setting next_dagrun for dataset_produces_1 to 2023-01-05T00:00:00+00:00, run_after=2023-01-06T00:00:00+00:00
[2023-01-06T18:38:27.900+0000] {logging_mixin.py:137} INFO - [2023-01-06T18:38:27.900+0000] {dag.py:3427} INFO - Setting next_dagrun for dataset_produces_2 to None, run_after=None
[2023-01-06T18:38:27.922+0000] {processor.py:175} INFO - Processing /home/airflow/.local/lib/python3.7/site-packages/airflow/example_dags/example_datasets.py took 0.122 seconds
[2023-01-06T18:38:58.226+0000] {processor.py:153} INFO - Started process (PID=392) to work on /home/airflow/.local/lib/python3.7/site-packages/airflow/example_dags/example_datasets.py
[2023-01-06T18:38:58.227+0000] {processor.py:743} INFO - Processing file /home/airflow/.local/lib/python3.7/site-packages/airflow/example_dags/example_datasets.py for tasks to queue
[2023-01-06T18:38:58.227+0000] {logging_mixin.py:137} INFO - [2023-01-06T18:38:58.227+0000] {dagbag.py:538} INFO - Filling up the DagBag from /home/airflow/.local/lib/python3.7/site-packages/airflow/example_dags/example_datasets.py
[2023-01-06T18:38:58.242+0000] {processor.py:753} INFO - DAG(s) dict_keys(['dataset_consumes_1_never_scheduled', 'dataset_produces_2', 'dataset_consumes_1', 'dataset_produces_1', 'dataset_consumes_1_and_2', 'dataset_consumes_unknown_never_scheduled']) retrieved from /home/airflow/.local/lib/python3.7/site-packages/airflow/example_dags/example_datasets.py
[2023-01-06T18:38:58.286+0000] {logging_mixin.py:137} INFO - [2023-01-06T18:38:58.286+0000] {dag.py:2676} INFO - Sync 6 DAGs
[2023-01-06T18:38:58.312+0000] {logging_mixin.py:137} INFO - [2023-01-06T18:38:58.312+0000] {dag.py:3427} INFO - Setting next_dagrun for dataset_consumes_1 to None, run_after=None
[2023-01-06T18:38:58.315+0000] {logging_mixin.py:137} INFO - [2023-01-06T18:38:58.315+0000] {dag.py:3427} INFO - Setting next_dagrun for dataset_consumes_1_and_2 to None, run_after=None
[2023-01-06T18:38:58.316+0000] {logging_mixin.py:137} INFO - [2023-01-06T18:38:58.316+0000] {dag.py:3427} INFO - Setting next_dagrun for dataset_consumes_1_never_scheduled to None, run_after=None
[2023-01-06T18:38:58.317+0000] {logging_mixin.py:137} INFO - [2023-01-06T18:38:58.317+0000] {dag.py:3427} INFO - Setting next_dagrun for dataset_consumes_unknown_never_scheduled to None, run_after=None
[2023-01-06T18:38:58.319+0000] {logging_mixin.py:137} INFO - [2023-01-06T18:38:58.319+0000] {dag.py:3427} INFO - Setting next_dagrun for dataset_produces_1 to 2023-01-05T00:00:00+00:00, run_after=2023-01-06T00:00:00+00:00
[2023-01-06T18:38:58.320+0000] {logging_mixin.py:137} INFO - [2023-01-06T18:38:58.320+0000] {dag.py:3427} INFO - Setting next_dagrun for dataset_produces_2 to None, run_after=None
[2023-01-06T18:38:58.362+0000] {processor.py:175} INFO - Processing /home/airflow/.local/lib/python3.7/site-packages/airflow/example_dags/example_datasets.py took 0.139 seconds
[2023-01-06T18:39:28.776+0000] {processor.py:153} INFO - Started process (PID=462) to work on /home/airflow/.local/lib/python3.7/site-packages/airflow/example_dags/example_datasets.py
[2023-01-06T18:39:28.777+0000] {processor.py:743} INFO - Processing file /home/airflow/.local/lib/python3.7/site-packages/airflow/example_dags/example_datasets.py for tasks to queue
[2023-01-06T18:39:28.778+0000] {logging_mixin.py:137} INFO - [2023-01-06T18:39:28.778+0000] {dagbag.py:538} INFO - Filling up the DagBag from /home/airflow/.local/lib/python3.7/site-packages/airflow/example_dags/example_datasets.py
[2023-01-06T18:39:28.792+0000] {processor.py:753} INFO - DAG(s) dict_keys(['dataset_consumes_1_and_2', 'dataset_produces_2', 'dataset_consumes_1', 'dataset_consumes_unknown_never_scheduled', 'dataset_consumes_1_never_scheduled', 'dataset_produces_1']) retrieved from /home/airflow/.local/lib/python3.7/site-packages/airflow/example_dags/example_datasets.py
[2023-01-06T18:39:28.834+0000] {logging_mixin.py:137} INFO - [2023-01-06T18:39:28.834+0000] {dag.py:2676} INFO - Sync 6 DAGs
[2023-01-06T18:39:28.854+0000] {logging_mixin.py:137} INFO - [2023-01-06T18:39:28.854+0000] {dag.py:3427} INFO - Setting next_dagrun for dataset_consumes_1 to None, run_after=None
[2023-01-06T18:39:28.857+0000] {logging_mixin.py:137} INFO - [2023-01-06T18:39:28.857+0000] {dag.py:3427} INFO - Setting next_dagrun for dataset_consumes_1_and_2 to None, run_after=None
[2023-01-06T18:39:28.858+0000] {logging_mixin.py:137} INFO - [2023-01-06T18:39:28.858+0000] {dag.py:3427} INFO - Setting next_dagrun for dataset_consumes_1_never_scheduled to None, run_after=None
[2023-01-06T18:39:28.858+0000] {logging_mixin.py:137} INFO - [2023-01-06T18:39:28.858+0000] {dag.py:3427} INFO - Setting next_dagrun for dataset_consumes_unknown_never_scheduled to None, run_after=None
[2023-01-06T18:39:28.860+0000] {logging_mixin.py:137} INFO - [2023-01-06T18:39:28.860+0000] {dag.py:3427} INFO - Setting next_dagrun for dataset_produces_1 to 2023-01-05T00:00:00+00:00, run_after=2023-01-06T00:00:00+00:00
[2023-01-06T18:39:28.861+0000] {logging_mixin.py:137} INFO - [2023-01-06T18:39:28.861+0000] {dag.py:3427} INFO - Setting next_dagrun for dataset_produces_2 to None, run_after=None
[2023-01-06T18:39:28.881+0000] {processor.py:175} INFO - Processing /home/airflow/.local/lib/python3.7/site-packages/airflow/example_dags/example_datasets.py took 0.108 seconds
[2023-01-06T18:39:59.238+0000] {processor.py:153} INFO - Started process (PID=548) to work on /home/airflow/.local/lib/python3.7/site-packages/airflow/example_dags/example_datasets.py
[2023-01-06T18:39:59.239+0000] {processor.py:743} INFO - Processing file /home/airflow/.local/lib/python3.7/site-packages/airflow/example_dags/example_datasets.py for tasks to queue
[2023-01-06T18:39:59.240+0000] {logging_mixin.py:137} INFO - [2023-01-06T18:39:59.240+0000] {dagbag.py:538} INFO - Filling up the DagBag from /home/airflow/.local/lib/python3.7/site-packages/airflow/example_dags/example_datasets.py
[2023-01-06T18:39:59.255+0000] {processor.py:753} INFO - DAG(s) dict_keys(['dataset_consumes_unknown_never_scheduled', 'dataset_produces_1', 'dataset_consumes_1', 'dataset_consumes_1_never_scheduled', 'dataset_produces_2', 'dataset_consumes_1_and_2']) retrieved from /home/airflow/.local/lib/python3.7/site-packages/airflow/example_dags/example_datasets.py
[2023-01-06T18:39:59.300+0000] {logging_mixin.py:137} INFO - [2023-01-06T18:39:59.300+0000] {dag.py:2676} INFO - Sync 6 DAGs
[2023-01-06T18:39:59.322+0000] {logging_mixin.py:137} INFO - [2023-01-06T18:39:59.322+0000] {dag.py:3427} INFO - Setting next_dagrun for dataset_consumes_1 to None, run_after=None
[2023-01-06T18:39:59.325+0000] {logging_mixin.py:137} INFO - [2023-01-06T18:39:59.324+0000] {dag.py:3427} INFO - Setting next_dagrun for dataset_consumes_1_and_2 to None, run_after=None
[2023-01-06T18:39:59.326+0000] {logging_mixin.py:137} INFO - [2023-01-06T18:39:59.326+0000] {dag.py:3427} INFO - Setting next_dagrun for dataset_consumes_1_never_scheduled to None, run_after=None
[2023-01-06T18:39:59.326+0000] {logging_mixin.py:137} INFO - [2023-01-06T18:39:59.326+0000] {dag.py:3427} INFO - Setting next_dagrun for dataset_consumes_unknown_never_scheduled to None, run_after=None
[2023-01-06T18:39:59.328+0000] {logging_mixin.py:137} INFO - [2023-01-06T18:39:59.328+0000] {dag.py:3427} INFO - Setting next_dagrun for dataset_produces_1 to 2023-01-05T00:00:00+00:00, run_after=2023-01-06T00:00:00+00:00
[2023-01-06T18:39:59.329+0000] {logging_mixin.py:137} INFO - [2023-01-06T18:39:59.329+0000] {dag.py:3427} INFO - Setting next_dagrun for dataset_produces_2 to None, run_after=None
[2023-01-06T18:39:59.352+0000] {processor.py:175} INFO - Processing /home/airflow/.local/lib/python3.7/site-packages/airflow/example_dags/example_datasets.py took 0.117 seconds
[2023-01-06T18:40:29.755+0000] {processor.py:153} INFO - Started process (PID=635) to work on /home/airflow/.local/lib/python3.7/site-packages/airflow/example_dags/example_datasets.py
[2023-01-06T18:40:29.756+0000] {processor.py:743} INFO - Processing file /home/airflow/.local/lib/python3.7/site-packages/airflow/example_dags/example_datasets.py for tasks to queue
[2023-01-06T18:40:29.756+0000] {logging_mixin.py:137} INFO - [2023-01-06T18:40:29.756+0000] {dagbag.py:538} INFO - Filling up the DagBag from /home/airflow/.local/lib/python3.7/site-packages/airflow/example_dags/example_datasets.py
[2023-01-06T18:40:29.771+0000] {processor.py:753} INFO - DAG(s) dict_keys(['dataset_consumes_1_and_2', 'dataset_produces_2', 'dataset_consumes_unknown_never_scheduled', 'dataset_produces_1', 'dataset_consumes_1_never_scheduled', 'dataset_consumes_1']) retrieved from /home/airflow/.local/lib/python3.7/site-packages/airflow/example_dags/example_datasets.py
[2023-01-06T18:40:29.813+0000] {logging_mixin.py:137} INFO - [2023-01-06T18:40:29.813+0000] {dag.py:2676} INFO - Sync 6 DAGs
[2023-01-06T18:40:29.833+0000] {logging_mixin.py:137} INFO - [2023-01-06T18:40:29.833+0000] {dag.py:3427} INFO - Setting next_dagrun for dataset_consumes_1 to None, run_after=None
[2023-01-06T18:40:29.836+0000] {logging_mixin.py:137} INFO - [2023-01-06T18:40:29.836+0000] {dag.py:3427} INFO - Setting next_dagrun for dataset_consumes_1_and_2 to None, run_after=None
[2023-01-06T18:40:29.837+0000] {logging_mixin.py:137} INFO - [2023-01-06T18:40:29.837+0000] {dag.py:3427} INFO - Setting next_dagrun for dataset_consumes_1_never_scheduled to None, run_after=None
[2023-01-06T18:40:29.838+0000] {logging_mixin.py:137} INFO - [2023-01-06T18:40:29.838+0000] {dag.py:3427} INFO - Setting next_dagrun for dataset_consumes_unknown_never_scheduled to None, run_after=None
[2023-01-06T18:40:29.840+0000] {logging_mixin.py:137} INFO - [2023-01-06T18:40:29.840+0000] {dag.py:3427} INFO - Setting next_dagrun for dataset_produces_1 to 2023-01-05T00:00:00+00:00, run_after=2023-01-06T00:00:00+00:00
[2023-01-06T18:40:29.841+0000] {logging_mixin.py:137} INFO - [2023-01-06T18:40:29.840+0000] {dag.py:3427} INFO - Setting next_dagrun for dataset_produces_2 to None, run_after=None
[2023-01-06T18:40:29.862+0000] {processor.py:175} INFO - Processing /home/airflow/.local/lib/python3.7/site-packages/airflow/example_dags/example_datasets.py took 0.111 seconds
[2023-01-06T18:41:00.050+0000] {processor.py:153} INFO - Started process (PID=705) to work on /home/airflow/.local/lib/python3.7/site-packages/airflow/example_dags/example_datasets.py
[2023-01-06T18:41:00.050+0000] {processor.py:743} INFO - Processing file /home/airflow/.local/lib/python3.7/site-packages/airflow/example_dags/example_datasets.py for tasks to queue
[2023-01-06T18:41:00.051+0000] {logging_mixin.py:137} INFO - [2023-01-06T18:41:00.051+0000] {dagbag.py:538} INFO - Filling up the DagBag from /home/airflow/.local/lib/python3.7/site-packages/airflow/example_dags/example_datasets.py
[2023-01-06T18:41:00.064+0000] {processor.py:753} INFO - DAG(s) dict_keys(['dataset_consumes_1', 'dataset_consumes_unknown_never_scheduled', 'dataset_produces_2', 'dataset_consumes_1_never_scheduled', 'dataset_consumes_1_and_2', 'dataset_produces_1']) retrieved from /home/airflow/.local/lib/python3.7/site-packages/airflow/example_dags/example_datasets.py
[2023-01-06T18:41:00.103+0000] {logging_mixin.py:137} INFO - [2023-01-06T18:41:00.102+0000] {dag.py:2676} INFO - Sync 6 DAGs
[2023-01-06T18:41:00.123+0000] {logging_mixin.py:137} INFO - [2023-01-06T18:41:00.122+0000] {dag.py:3427} INFO - Setting next_dagrun for dataset_consumes_1 to None, run_after=None
[2023-01-06T18:41:00.126+0000] {logging_mixin.py:137} INFO - [2023-01-06T18:41:00.126+0000] {dag.py:3427} INFO - Setting next_dagrun for dataset_consumes_1_and_2 to None, run_after=None
[2023-01-06T18:41:00.127+0000] {logging_mixin.py:137} INFO - [2023-01-06T18:41:00.127+0000] {dag.py:3427} INFO - Setting next_dagrun for dataset_consumes_1_never_scheduled to None, run_after=None
[2023-01-06T18:41:00.128+0000] {logging_mixin.py:137} INFO - [2023-01-06T18:41:00.128+0000] {dag.py:3427} INFO - Setting next_dagrun for dataset_consumes_unknown_never_scheduled to None, run_after=None
[2023-01-06T18:41:00.130+0000] {logging_mixin.py:137} INFO - [2023-01-06T18:41:00.130+0000] {dag.py:3427} INFO - Setting next_dagrun for dataset_produces_1 to 2023-01-05T00:00:00+00:00, run_after=2023-01-06T00:00:00+00:00
[2023-01-06T18:41:00.130+0000] {logging_mixin.py:137} INFO - [2023-01-06T18:41:00.130+0000] {dag.py:3427} INFO - Setting next_dagrun for dataset_produces_2 to None, run_after=None
[2023-01-06T18:41:00.154+0000] {processor.py:175} INFO - Processing /home/airflow/.local/lib/python3.7/site-packages/airflow/example_dags/example_datasets.py took 0.107 seconds
[2023-01-06T18:41:30.436+0000] {processor.py:153} INFO - Started process (PID=791) to work on /home/airflow/.local/lib/python3.7/site-packages/airflow/example_dags/example_datasets.py
[2023-01-06T18:41:30.437+0000] {processor.py:743} INFO - Processing file /home/airflow/.local/lib/python3.7/site-packages/airflow/example_dags/example_datasets.py for tasks to queue
[2023-01-06T18:41:30.437+0000] {logging_mixin.py:137} INFO - [2023-01-06T18:41:30.437+0000] {dagbag.py:538} INFO - Filling up the DagBag from /home/airflow/.local/lib/python3.7/site-packages/airflow/example_dags/example_datasets.py
[2023-01-06T18:41:30.450+0000] {processor.py:753} INFO - DAG(s) dict_keys(['dataset_consumes_1', 'dataset_consumes_unknown_never_scheduled', 'dataset_consumes_1_and_2', 'dataset_produces_1', 'dataset_produces_2', 'dataset_consumes_1_never_scheduled']) retrieved from /home/airflow/.local/lib/python3.7/site-packages/airflow/example_dags/example_datasets.py
[2023-01-06T18:41:30.489+0000] {logging_mixin.py:137} INFO - [2023-01-06T18:41:30.489+0000] {dag.py:2676} INFO - Sync 6 DAGs
[2023-01-06T18:41:30.508+0000] {logging_mixin.py:137} INFO - [2023-01-06T18:41:30.508+0000] {dag.py:3427} INFO - Setting next_dagrun for dataset_consumes_1 to None, run_after=None
[2023-01-06T18:41:30.510+0000] {logging_mixin.py:137} INFO - [2023-01-06T18:41:30.510+0000] {dag.py:3427} INFO - Setting next_dagrun for dataset_consumes_1_and_2 to None, run_after=None
[2023-01-06T18:41:30.511+0000] {logging_mixin.py:137} INFO - [2023-01-06T18:41:30.511+0000] {dag.py:3427} INFO - Setting next_dagrun for dataset_consumes_1_never_scheduled to None, run_after=None
[2023-01-06T18:41:30.512+0000] {logging_mixin.py:137} INFO - [2023-01-06T18:41:30.512+0000] {dag.py:3427} INFO - Setting next_dagrun for dataset_consumes_unknown_never_scheduled to None, run_after=None
[2023-01-06T18:41:30.515+0000] {logging_mixin.py:137} INFO - [2023-01-06T18:41:30.515+0000] {dag.py:3427} INFO - Setting next_dagrun for dataset_produces_1 to 2023-01-05T00:00:00+00:00, run_after=2023-01-06T00:00:00+00:00
[2023-01-06T18:41:30.515+0000] {logging_mixin.py:137} INFO - [2023-01-06T18:41:30.515+0000] {dag.py:3427} INFO - Setting next_dagrun for dataset_produces_2 to None, run_after=None
[2023-01-06T18:41:30.549+0000] {processor.py:175} INFO - Processing /home/airflow/.local/lib/python3.7/site-packages/airflow/example_dags/example_datasets.py took 0.115 seconds
[2023-01-06T18:42:01.532+0000] {processor.py:153} INFO - Started process (PID=876) to work on /home/airflow/.local/lib/python3.7/site-packages/airflow/example_dags/example_datasets.py
[2023-01-06T18:42:01.533+0000] {processor.py:743} INFO - Processing file /home/airflow/.local/lib/python3.7/site-packages/airflow/example_dags/example_datasets.py for tasks to queue
[2023-01-06T18:42:01.533+0000] {logging_mixin.py:137} INFO - [2023-01-06T18:42:01.533+0000] {dagbag.py:538} INFO - Filling up the DagBag from /home/airflow/.local/lib/python3.7/site-packages/airflow/example_dags/example_datasets.py
[2023-01-06T18:42:01.548+0000] {processor.py:753} INFO - DAG(s) dict_keys(['dataset_consumes_1_never_scheduled', 'dataset_consumes_1', 'dataset_consumes_1_and_2', 'dataset_consumes_unknown_never_scheduled', 'dataset_produces_2', 'dataset_produces_1']) retrieved from /home/airflow/.local/lib/python3.7/site-packages/airflow/example_dags/example_datasets.py
[2023-01-06T18:42:01.591+0000] {logging_mixin.py:137} INFO - [2023-01-06T18:42:01.591+0000] {dag.py:2676} INFO - Sync 6 DAGs
[2023-01-06T18:42:01.616+0000] {logging_mixin.py:137} INFO - [2023-01-06T18:42:01.616+0000] {dag.py:3427} INFO - Setting next_dagrun for dataset_consumes_1 to None, run_after=None
[2023-01-06T18:42:01.619+0000] {logging_mixin.py:137} INFO - [2023-01-06T18:42:01.619+0000] {dag.py:3427} INFO - Setting next_dagrun for dataset_consumes_1_and_2 to None, run_after=None
[2023-01-06T18:42:01.621+0000] {logging_mixin.py:137} INFO - [2023-01-06T18:42:01.620+0000] {dag.py:3427} INFO - Setting next_dagrun for dataset_consumes_1_never_scheduled to None, run_after=None
[2023-01-06T18:42:01.621+0000] {logging_mixin.py:137} INFO - [2023-01-06T18:42:01.621+0000] {dag.py:3427} INFO - Setting next_dagrun for dataset_consumes_unknown_never_scheduled to None, run_after=None
[2023-01-06T18:42:01.623+0000] {logging_mixin.py:137} INFO - [2023-01-06T18:42:01.623+0000] {dag.py:3427} INFO - Setting next_dagrun for dataset_produces_1 to 2023-01-05T00:00:00+00:00, run_after=2023-01-06T00:00:00+00:00
[2023-01-06T18:42:01.624+0000] {logging_mixin.py:137} INFO - [2023-01-06T18:42:01.624+0000] {dag.py:3427} INFO - Setting next_dagrun for dataset_produces_2 to None, run_after=None
[2023-01-06T18:42:01.648+0000] {processor.py:175} INFO - Processing /home/airflow/.local/lib/python3.7/site-packages/airflow/example_dags/example_datasets.py took 0.120 seconds
