[2023-01-06T18:36:56.950+0000] {processor.py:153} INFO - Started process (PID=69) to work on /home/airflow/.local/lib/python3.7/site-packages/airflow/example_dags/example_task_group_decorator.py
[2023-01-06T18:36:56.951+0000] {processor.py:743} INFO - Processing file /home/airflow/.local/lib/python3.7/site-packages/airflow/example_dags/example_task_group_decorator.py for tasks to queue
[2023-01-06T18:36:56.951+0000] {logging_mixin.py:137} INFO - [2023-01-06T18:36:56.951+0000] {dagbag.py:538} INFO - Filling up the DagBag from /home/airflow/.local/lib/python3.7/site-packages/airflow/example_dags/example_task_group_decorator.py
[2023-01-06T18:36:56.983+0000] {processor.py:753} INFO - DAG(s) dict_keys(['example_task_group_decorator']) retrieved from /home/airflow/.local/lib/python3.7/site-packages/airflow/example_dags/example_task_group_decorator.py
[2023-01-06T18:36:57.004+0000] {logging_mixin.py:137} INFO - [2023-01-06T18:36:57.004+0000] {dag.py:2676} INFO - Sync 1 DAGs
[2023-01-06T18:36:57.028+0000] {logging_mixin.py:137} INFO - [2023-01-06T18:36:57.028+0000] {dag.py:3427} INFO - Setting next_dagrun for example_task_group_decorator to 2023-01-05T18:36:57.028300+00:00, run_after=2023-01-06T18:36:57.028300+00:00
[2023-01-06T18:36:57.048+0000] {processor.py:175} INFO - Processing /home/airflow/.local/lib/python3.7/site-packages/airflow/example_dags/example_task_group_decorator.py took 0.102 seconds
[2023-01-06T18:37:27.198+0000] {processor.py:153} INFO - Started process (PID=155) to work on /home/airflow/.local/lib/python3.7/site-packages/airflow/example_dags/example_task_group_decorator.py
[2023-01-06T18:37:27.199+0000] {processor.py:743} INFO - Processing file /home/airflow/.local/lib/python3.7/site-packages/airflow/example_dags/example_task_group_decorator.py for tasks to queue
[2023-01-06T18:37:27.199+0000] {logging_mixin.py:137} INFO - [2023-01-06T18:37:27.199+0000] {dagbag.py:538} INFO - Filling up the DagBag from /home/airflow/.local/lib/python3.7/site-packages/airflow/example_dags/example_task_group_decorator.py
[2023-01-06T18:37:27.223+0000] {processor.py:753} INFO - DAG(s) dict_keys(['example_task_group_decorator']) retrieved from /home/airflow/.local/lib/python3.7/site-packages/airflow/example_dags/example_task_group_decorator.py
[2023-01-06T18:37:27.251+0000] {logging_mixin.py:137} INFO - [2023-01-06T18:37:27.251+0000] {dag.py:2676} INFO - Sync 1 DAGs
[2023-01-06T18:37:27.271+0000] {logging_mixin.py:137} INFO - [2023-01-06T18:37:27.270+0000] {dag.py:3427} INFO - Setting next_dagrun for example_task_group_decorator to 2023-01-05T18:37:27.270755+00:00, run_after=2023-01-06T18:37:27.270755+00:00
[2023-01-06T18:37:27.284+0000] {processor.py:175} INFO - Processing /home/airflow/.local/lib/python3.7/site-packages/airflow/example_dags/example_task_group_decorator.py took 0.088 seconds
[2023-01-06T18:37:57.750+0000] {processor.py:153} INFO - Started process (PID=241) to work on /home/airflow/.local/lib/python3.7/site-packages/airflow/example_dags/example_task_group_decorator.py
[2023-01-06T18:37:57.751+0000] {processor.py:743} INFO - Processing file /home/airflow/.local/lib/python3.7/site-packages/airflow/example_dags/example_task_group_decorator.py for tasks to queue
[2023-01-06T18:37:57.752+0000] {logging_mixin.py:137} INFO - [2023-01-06T18:37:57.752+0000] {dagbag.py:538} INFO - Filling up the DagBag from /home/airflow/.local/lib/python3.7/site-packages/airflow/example_dags/example_task_group_decorator.py
[2023-01-06T18:37:57.774+0000] {processor.py:753} INFO - DAG(s) dict_keys(['example_task_group_decorator']) retrieved from /home/airflow/.local/lib/python3.7/site-packages/airflow/example_dags/example_task_group_decorator.py
[2023-01-06T18:37:57.804+0000] {logging_mixin.py:137} INFO - [2023-01-06T18:37:57.804+0000] {dag.py:2676} INFO - Sync 1 DAGs
[2023-01-06T18:37:57.821+0000] {logging_mixin.py:137} INFO - [2023-01-06T18:37:57.821+0000] {dag.py:3427} INFO - Setting next_dagrun for example_task_group_decorator to 2023-01-05T18:37:57.821484+00:00, run_after=2023-01-06T18:37:57.821484+00:00
[2023-01-06T18:37:57.834+0000] {processor.py:175} INFO - Processing /home/airflow/.local/lib/python3.7/site-packages/airflow/example_dags/example_task_group_decorator.py took 0.086 seconds
[2023-01-06T18:38:28.130+0000] {processor.py:153} INFO - Started process (PID=311) to work on /home/airflow/.local/lib/python3.7/site-packages/airflow/example_dags/example_task_group_decorator.py
[2023-01-06T18:38:28.132+0000] {processor.py:743} INFO - Processing file /home/airflow/.local/lib/python3.7/site-packages/airflow/example_dags/example_task_group_decorator.py for tasks to queue
[2023-01-06T18:38:28.132+0000] {logging_mixin.py:137} INFO - [2023-01-06T18:38:28.132+0000] {dagbag.py:538} INFO - Filling up the DagBag from /home/airflow/.local/lib/python3.7/site-packages/airflow/example_dags/example_task_group_decorator.py
[2023-01-06T18:38:28.163+0000] {processor.py:753} INFO - DAG(s) dict_keys(['example_task_group_decorator']) retrieved from /home/airflow/.local/lib/python3.7/site-packages/airflow/example_dags/example_task_group_decorator.py
[2023-01-06T18:38:28.214+0000] {logging_mixin.py:137} INFO - [2023-01-06T18:38:28.214+0000] {dag.py:2676} INFO - Sync 1 DAGs
[2023-01-06T18:38:28.243+0000] {logging_mixin.py:137} INFO - [2023-01-06T18:38:28.242+0000] {dag.py:3427} INFO - Setting next_dagrun for example_task_group_decorator to 2023-01-05T18:38:28.242394+00:00, run_after=2023-01-06T18:38:28.242394+00:00
[2023-01-06T18:38:28.276+0000] {processor.py:175} INFO - Processing /home/airflow/.local/lib/python3.7/site-packages/airflow/example_dags/example_task_group_decorator.py took 0.149 seconds
[2023-01-06T18:38:58.574+0000] {processor.py:153} INFO - Started process (PID=397) to work on /home/airflow/.local/lib/python3.7/site-packages/airflow/example_dags/example_task_group_decorator.py
[2023-01-06T18:38:58.575+0000] {processor.py:743} INFO - Processing file /home/airflow/.local/lib/python3.7/site-packages/airflow/example_dags/example_task_group_decorator.py for tasks to queue
[2023-01-06T18:38:58.576+0000] {logging_mixin.py:137} INFO - [2023-01-06T18:38:58.576+0000] {dagbag.py:538} INFO - Filling up the DagBag from /home/airflow/.local/lib/python3.7/site-packages/airflow/example_dags/example_task_group_decorator.py
[2023-01-06T18:38:58.599+0000] {processor.py:753} INFO - DAG(s) dict_keys(['example_task_group_decorator']) retrieved from /home/airflow/.local/lib/python3.7/site-packages/airflow/example_dags/example_task_group_decorator.py
[2023-01-06T18:38:58.628+0000] {logging_mixin.py:137} INFO - [2023-01-06T18:38:58.628+0000] {dag.py:2676} INFO - Sync 1 DAGs
[2023-01-06T18:38:58.646+0000] {logging_mixin.py:137} INFO - [2023-01-06T18:38:58.646+0000] {dag.py:3427} INFO - Setting next_dagrun for example_task_group_decorator to 2023-01-05T18:38:58.646124+00:00, run_after=2023-01-06T18:38:58.646124+00:00
[2023-01-06T18:38:58.658+0000] {processor.py:175} INFO - Processing /home/airflow/.local/lib/python3.7/site-packages/airflow/example_dags/example_task_group_decorator.py took 0.086 seconds
[2023-01-06T18:39:29.118+0000] {processor.py:153} INFO - Started process (PID=476) to work on /home/airflow/.local/lib/python3.7/site-packages/airflow/example_dags/example_task_group_decorator.py
[2023-01-06T18:39:29.118+0000] {processor.py:743} INFO - Processing file /home/airflow/.local/lib/python3.7/site-packages/airflow/example_dags/example_task_group_decorator.py for tasks to queue
[2023-01-06T18:39:29.119+0000] {logging_mixin.py:137} INFO - [2023-01-06T18:39:29.119+0000] {dagbag.py:538} INFO - Filling up the DagBag from /home/airflow/.local/lib/python3.7/site-packages/airflow/example_dags/example_task_group_decorator.py
[2023-01-06T18:39:29.143+0000] {processor.py:753} INFO - DAG(s) dict_keys(['example_task_group_decorator']) retrieved from /home/airflow/.local/lib/python3.7/site-packages/airflow/example_dags/example_task_group_decorator.py
[2023-01-06T18:39:29.174+0000] {logging_mixin.py:137} INFO - [2023-01-06T18:39:29.174+0000] {dag.py:2676} INFO - Sync 1 DAGs
[2023-01-06T18:39:29.195+0000] {logging_mixin.py:137} INFO - [2023-01-06T18:39:29.195+0000] {dag.py:3427} INFO - Setting next_dagrun for example_task_group_decorator to 2023-01-05T18:39:29.195142+00:00, run_after=2023-01-06T18:39:29.195142+00:00
[2023-01-06T18:39:29.210+0000] {processor.py:175} INFO - Processing /home/airflow/.local/lib/python3.7/site-packages/airflow/example_dags/example_task_group_decorator.py took 0.095 seconds
[2023-01-06T18:39:59.548+0000] {processor.py:153} INFO - Started process (PID=553) to work on /home/airflow/.local/lib/python3.7/site-packages/airflow/example_dags/example_task_group_decorator.py
[2023-01-06T18:39:59.549+0000] {processor.py:743} INFO - Processing file /home/airflow/.local/lib/python3.7/site-packages/airflow/example_dags/example_task_group_decorator.py for tasks to queue
[2023-01-06T18:39:59.550+0000] {logging_mixin.py:137} INFO - [2023-01-06T18:39:59.550+0000] {dagbag.py:538} INFO - Filling up the DagBag from /home/airflow/.local/lib/python3.7/site-packages/airflow/example_dags/example_task_group_decorator.py
[2023-01-06T18:39:59.573+0000] {processor.py:753} INFO - DAG(s) dict_keys(['example_task_group_decorator']) retrieved from /home/airflow/.local/lib/python3.7/site-packages/airflow/example_dags/example_task_group_decorator.py
[2023-01-06T18:39:59.606+0000] {logging_mixin.py:137} INFO - [2023-01-06T18:39:59.606+0000] {dag.py:2676} INFO - Sync 1 DAGs
[2023-01-06T18:39:59.626+0000] {logging_mixin.py:137} INFO - [2023-01-06T18:39:59.626+0000] {dag.py:3427} INFO - Setting next_dagrun for example_task_group_decorator to 2023-01-05T18:39:59.626526+00:00, run_after=2023-01-06T18:39:59.626526+00:00
[2023-01-06T18:39:59.642+0000] {processor.py:175} INFO - Processing /home/airflow/.local/lib/python3.7/site-packages/airflow/example_dags/example_task_group_decorator.py took 0.098 seconds
[2023-01-06T18:40:30.075+0000] {processor.py:153} INFO - Started process (PID=640) to work on /home/airflow/.local/lib/python3.7/site-packages/airflow/example_dags/example_task_group_decorator.py
[2023-01-06T18:40:30.076+0000] {processor.py:743} INFO - Processing file /home/airflow/.local/lib/python3.7/site-packages/airflow/example_dags/example_task_group_decorator.py for tasks to queue
[2023-01-06T18:40:30.077+0000] {logging_mixin.py:137} INFO - [2023-01-06T18:40:30.076+0000] {dagbag.py:538} INFO - Filling up the DagBag from /home/airflow/.local/lib/python3.7/site-packages/airflow/example_dags/example_task_group_decorator.py
[2023-01-06T18:40:30.102+0000] {processor.py:753} INFO - DAG(s) dict_keys(['example_task_group_decorator']) retrieved from /home/airflow/.local/lib/python3.7/site-packages/airflow/example_dags/example_task_group_decorator.py
[2023-01-06T18:40:30.133+0000] {logging_mixin.py:137} INFO - [2023-01-06T18:40:30.133+0000] {dag.py:2676} INFO - Sync 1 DAGs
[2023-01-06T18:40:30.153+0000] {logging_mixin.py:137} INFO - [2023-01-06T18:40:30.152+0000] {dag.py:3427} INFO - Setting next_dagrun for example_task_group_decorator to 2023-01-05T18:40:30.152785+00:00, run_after=2023-01-06T18:40:30.152785+00:00
[2023-01-06T18:40:30.167+0000] {processor.py:175} INFO - Processing /home/airflow/.local/lib/python3.7/site-packages/airflow/example_dags/example_task_group_decorator.py took 0.096 seconds
[2023-01-06T18:41:00.350+0000] {processor.py:153} INFO - Started process (PID=710) to work on /home/airflow/.local/lib/python3.7/site-packages/airflow/example_dags/example_task_group_decorator.py
[2023-01-06T18:41:00.351+0000] {processor.py:743} INFO - Processing file /home/airflow/.local/lib/python3.7/site-packages/airflow/example_dags/example_task_group_decorator.py for tasks to queue
[2023-01-06T18:41:00.351+0000] {logging_mixin.py:137} INFO - [2023-01-06T18:41:00.351+0000] {dagbag.py:538} INFO - Filling up the DagBag from /home/airflow/.local/lib/python3.7/site-packages/airflow/example_dags/example_task_group_decorator.py
[2023-01-06T18:41:00.376+0000] {processor.py:753} INFO - DAG(s) dict_keys(['example_task_group_decorator']) retrieved from /home/airflow/.local/lib/python3.7/site-packages/airflow/example_dags/example_task_group_decorator.py
[2023-01-06T18:41:00.404+0000] {logging_mixin.py:137} INFO - [2023-01-06T18:41:00.404+0000] {dag.py:2676} INFO - Sync 1 DAGs
[2023-01-06T18:41:00.425+0000] {logging_mixin.py:137} INFO - [2023-01-06T18:41:00.425+0000] {dag.py:3427} INFO - Setting next_dagrun for example_task_group_decorator to 2023-01-05T18:41:00.424850+00:00, run_after=2023-01-06T18:41:00.424850+00:00
[2023-01-06T18:41:00.439+0000] {processor.py:175} INFO - Processing /home/airflow/.local/lib/python3.7/site-packages/airflow/example_dags/example_task_group_decorator.py took 0.092 seconds
[2023-01-06T18:41:30.772+0000] {processor.py:153} INFO - Started process (PID=796) to work on /home/airflow/.local/lib/python3.7/site-packages/airflow/example_dags/example_task_group_decorator.py
[2023-01-06T18:41:30.773+0000] {processor.py:743} INFO - Processing file /home/airflow/.local/lib/python3.7/site-packages/airflow/example_dags/example_task_group_decorator.py for tasks to queue
[2023-01-06T18:41:30.773+0000] {logging_mixin.py:137} INFO - [2023-01-06T18:41:30.773+0000] {dagbag.py:538} INFO - Filling up the DagBag from /home/airflow/.local/lib/python3.7/site-packages/airflow/example_dags/example_task_group_decorator.py
[2023-01-06T18:41:30.795+0000] {processor.py:753} INFO - DAG(s) dict_keys(['example_task_group_decorator']) retrieved from /home/airflow/.local/lib/python3.7/site-packages/airflow/example_dags/example_task_group_decorator.py
[2023-01-06T18:41:30.825+0000] {logging_mixin.py:137} INFO - [2023-01-06T18:41:30.825+0000] {dag.py:2676} INFO - Sync 1 DAGs
[2023-01-06T18:41:30.845+0000] {logging_mixin.py:137} INFO - [2023-01-06T18:41:30.845+0000] {dag.py:3427} INFO - Setting next_dagrun for example_task_group_decorator to 2023-01-05T18:41:30.845253+00:00, run_after=2023-01-06T18:41:30.845253+00:00
[2023-01-06T18:41:30.859+0000] {processor.py:175} INFO - Processing /home/airflow/.local/lib/python3.7/site-packages/airflow/example_dags/example_task_group_decorator.py took 0.090 seconds
[2023-01-06T18:42:01.873+0000] {processor.py:153} INFO - Started process (PID=881) to work on /home/airflow/.local/lib/python3.7/site-packages/airflow/example_dags/example_task_group_decorator.py
[2023-01-06T18:42:01.874+0000] {processor.py:743} INFO - Processing file /home/airflow/.local/lib/python3.7/site-packages/airflow/example_dags/example_task_group_decorator.py for tasks to queue
[2023-01-06T18:42:01.875+0000] {logging_mixin.py:137} INFO - [2023-01-06T18:42:01.875+0000] {dagbag.py:538} INFO - Filling up the DagBag from /home/airflow/.local/lib/python3.7/site-packages/airflow/example_dags/example_task_group_decorator.py
[2023-01-06T18:42:01.901+0000] {processor.py:753} INFO - DAG(s) dict_keys(['example_task_group_decorator']) retrieved from /home/airflow/.local/lib/python3.7/site-packages/airflow/example_dags/example_task_group_decorator.py
[2023-01-06T18:42:01.935+0000] {logging_mixin.py:137} INFO - [2023-01-06T18:42:01.935+0000] {dag.py:2676} INFO - Sync 1 DAGs
[2023-01-06T18:42:01.955+0000] {logging_mixin.py:137} INFO - [2023-01-06T18:42:01.955+0000] {dag.py:3427} INFO - Setting next_dagrun for example_task_group_decorator to 2023-01-05T18:42:01.955515+00:00, run_after=2023-01-06T18:42:01.955515+00:00
[2023-01-06T18:42:01.970+0000] {processor.py:175} INFO - Processing /home/airflow/.local/lib/python3.7/site-packages/airflow/example_dags/example_task_group_decorator.py took 0.101 seconds
