[2023-01-06T18:36:55.843+0000] {processor.py:153} INFO - Started process (PID=55) to work on /home/airflow/.local/lib/python3.7/site-packages/airflow/example_dags/example_skip_dag.py
[2023-01-06T18:36:55.844+0000] {processor.py:743} INFO - Processing file /home/airflow/.local/lib/python3.7/site-packages/airflow/example_dags/example_skip_dag.py for tasks to queue
[2023-01-06T18:36:55.844+0000] {logging_mixin.py:137} INFO - [2023-01-06T18:36:55.844+0000] {dagbag.py:538} INFO - Filling up the DagBag from /home/airflow/.local/lib/python3.7/site-packages/airflow/example_dags/example_skip_dag.py
[2023-01-06T18:36:55.857+0000] {processor.py:753} INFO - DAG(s) dict_keys(['example_skip_dag']) retrieved from /home/airflow/.local/lib/python3.7/site-packages/airflow/example_dags/example_skip_dag.py
[2023-01-06T18:36:55.880+0000] {logging_mixin.py:137} INFO - [2023-01-06T18:36:55.880+0000] {dag.py:2676} INFO - Sync 1 DAGs
[2023-01-06T18:36:55.898+0000] {logging_mixin.py:137} INFO - [2023-01-06T18:36:55.898+0000] {dag.py:3427} INFO - Setting next_dagrun for example_skip_dag to 2023-01-05T18:36:55.897818+00:00, run_after=2023-01-06T18:36:55.897818+00:00
[2023-01-06T18:36:55.912+0000] {processor.py:175} INFO - Processing /home/airflow/.local/lib/python3.7/site-packages/airflow/example_dags/example_skip_dag.py took 0.073 seconds
[2023-01-06T18:37:26.461+0000] {processor.py:153} INFO - Started process (PID=141) to work on /home/airflow/.local/lib/python3.7/site-packages/airflow/example_dags/example_skip_dag.py
[2023-01-06T18:37:26.461+0000] {processor.py:743} INFO - Processing file /home/airflow/.local/lib/python3.7/site-packages/airflow/example_dags/example_skip_dag.py for tasks to queue
[2023-01-06T18:37:26.462+0000] {logging_mixin.py:137} INFO - [2023-01-06T18:37:26.462+0000] {dagbag.py:538} INFO - Filling up the DagBag from /home/airflow/.local/lib/python3.7/site-packages/airflow/example_dags/example_skip_dag.py
[2023-01-06T18:37:26.477+0000] {processor.py:753} INFO - DAG(s) dict_keys(['example_skip_dag']) retrieved from /home/airflow/.local/lib/python3.7/site-packages/airflow/example_dags/example_skip_dag.py
[2023-01-06T18:37:26.505+0000] {logging_mixin.py:137} INFO - [2023-01-06T18:37:26.505+0000] {dag.py:2676} INFO - Sync 1 DAGs
[2023-01-06T18:37:26.524+0000] {logging_mixin.py:137} INFO - [2023-01-06T18:37:26.524+0000] {dag.py:3427} INFO - Setting next_dagrun for example_skip_dag to 2023-01-05T18:37:26.524367+00:00, run_after=2023-01-06T18:37:26.524367+00:00
[2023-01-06T18:37:26.537+0000] {processor.py:175} INFO - Processing /home/airflow/.local/lib/python3.7/site-packages/airflow/example_dags/example_skip_dag.py took 0.079 seconds
[2023-01-06T18:37:56.912+0000] {processor.py:153} INFO - Started process (PID=227) to work on /home/airflow/.local/lib/python3.7/site-packages/airflow/example_dags/example_skip_dag.py
[2023-01-06T18:37:56.913+0000] {processor.py:743} INFO - Processing file /home/airflow/.local/lib/python3.7/site-packages/airflow/example_dags/example_skip_dag.py for tasks to queue
[2023-01-06T18:37:56.914+0000] {logging_mixin.py:137} INFO - [2023-01-06T18:37:56.914+0000] {dagbag.py:538} INFO - Filling up the DagBag from /home/airflow/.local/lib/python3.7/site-packages/airflow/example_dags/example_skip_dag.py
[2023-01-06T18:37:56.928+0000] {processor.py:753} INFO - DAG(s) dict_keys(['example_skip_dag']) retrieved from /home/airflow/.local/lib/python3.7/site-packages/airflow/example_dags/example_skip_dag.py
[2023-01-06T18:37:56.962+0000] {logging_mixin.py:137} INFO - [2023-01-06T18:37:56.962+0000] {dag.py:2676} INFO - Sync 1 DAGs
[2023-01-06T18:37:56.990+0000] {logging_mixin.py:137} INFO - [2023-01-06T18:37:56.990+0000] {dag.py:3427} INFO - Setting next_dagrun for example_skip_dag to 2023-01-05T18:37:56.990319+00:00, run_after=2023-01-06T18:37:56.990319+00:00
[2023-01-06T18:37:57.010+0000] {processor.py:175} INFO - Processing /home/airflow/.local/lib/python3.7/site-packages/airflow/example_dags/example_skip_dag.py took 0.101 seconds
[2023-01-06T18:38:27.336+0000] {processor.py:153} INFO - Started process (PID=297) to work on /home/airflow/.local/lib/python3.7/site-packages/airflow/example_dags/example_skip_dag.py
[2023-01-06T18:38:27.337+0000] {processor.py:743} INFO - Processing file /home/airflow/.local/lib/python3.7/site-packages/airflow/example_dags/example_skip_dag.py for tasks to queue
[2023-01-06T18:38:27.338+0000] {logging_mixin.py:137} INFO - [2023-01-06T18:38:27.337+0000] {dagbag.py:538} INFO - Filling up the DagBag from /home/airflow/.local/lib/python3.7/site-packages/airflow/example_dags/example_skip_dag.py
[2023-01-06T18:38:27.351+0000] {processor.py:753} INFO - DAG(s) dict_keys(['example_skip_dag']) retrieved from /home/airflow/.local/lib/python3.7/site-packages/airflow/example_dags/example_skip_dag.py
[2023-01-06T18:38:27.382+0000] {logging_mixin.py:137} INFO - [2023-01-06T18:38:27.381+0000] {dag.py:2676} INFO - Sync 1 DAGs
[2023-01-06T18:38:27.402+0000] {logging_mixin.py:137} INFO - [2023-01-06T18:38:27.402+0000] {dag.py:3427} INFO - Setting next_dagrun for example_skip_dag to 2023-01-05T18:38:27.401803+00:00, run_after=2023-01-06T18:38:27.401803+00:00
[2023-01-06T18:38:27.415+0000] {processor.py:175} INFO - Processing /home/airflow/.local/lib/python3.7/site-packages/airflow/example_dags/example_skip_dag.py took 0.083 seconds
[2023-01-06T18:38:57.763+0000] {processor.py:153} INFO - Started process (PID=383) to work on /home/airflow/.local/lib/python3.7/site-packages/airflow/example_dags/example_skip_dag.py
[2023-01-06T18:38:57.764+0000] {processor.py:743} INFO - Processing file /home/airflow/.local/lib/python3.7/site-packages/airflow/example_dags/example_skip_dag.py for tasks to queue
[2023-01-06T18:38:57.765+0000] {logging_mixin.py:137} INFO - [2023-01-06T18:38:57.765+0000] {dagbag.py:538} INFO - Filling up the DagBag from /home/airflow/.local/lib/python3.7/site-packages/airflow/example_dags/example_skip_dag.py
[2023-01-06T18:38:57.778+0000] {processor.py:753} INFO - DAG(s) dict_keys(['example_skip_dag']) retrieved from /home/airflow/.local/lib/python3.7/site-packages/airflow/example_dags/example_skip_dag.py
[2023-01-06T18:38:57.808+0000] {logging_mixin.py:137} INFO - [2023-01-06T18:38:57.807+0000] {dag.py:2676} INFO - Sync 1 DAGs
[2023-01-06T18:38:57.825+0000] {logging_mixin.py:137} INFO - [2023-01-06T18:38:57.825+0000] {dag.py:3427} INFO - Setting next_dagrun for example_skip_dag to 2023-01-05T18:38:57.825434+00:00, run_after=2023-01-06T18:38:57.825434+00:00
[2023-01-06T18:38:57.840+0000] {processor.py:175} INFO - Processing /home/airflow/.local/lib/python3.7/site-packages/airflow/example_dags/example_skip_dag.py took 0.080 seconds
[2023-01-06T18:39:28.068+0000] {processor.py:153} INFO - Started process (PID=453) to work on /home/airflow/.local/lib/python3.7/site-packages/airflow/example_dags/example_skip_dag.py
[2023-01-06T18:39:28.069+0000] {processor.py:743} INFO - Processing file /home/airflow/.local/lib/python3.7/site-packages/airflow/example_dags/example_skip_dag.py for tasks to queue
[2023-01-06T18:39:28.069+0000] {logging_mixin.py:137} INFO - [2023-01-06T18:39:28.069+0000] {dagbag.py:538} INFO - Filling up the DagBag from /home/airflow/.local/lib/python3.7/site-packages/airflow/example_dags/example_skip_dag.py
[2023-01-06T18:39:28.080+0000] {processor.py:753} INFO - DAG(s) dict_keys(['example_skip_dag']) retrieved from /home/airflow/.local/lib/python3.7/site-packages/airflow/example_dags/example_skip_dag.py
[2023-01-06T18:39:28.109+0000] {logging_mixin.py:137} INFO - [2023-01-06T18:39:28.109+0000] {dag.py:2676} INFO - Sync 1 DAGs
[2023-01-06T18:39:28.127+0000] {logging_mixin.py:137} INFO - [2023-01-06T18:39:28.127+0000] {dag.py:3427} INFO - Setting next_dagrun for example_skip_dag to 2023-01-05T18:39:28.127437+00:00, run_after=2023-01-06T18:39:28.127437+00:00
[2023-01-06T18:39:28.143+0000] {processor.py:175} INFO - Processing /home/airflow/.local/lib/python3.7/site-packages/airflow/example_dags/example_skip_dag.py took 0.078 seconds
[2023-01-06T18:39:58.669+0000] {processor.py:153} INFO - Started process (PID=539) to work on /home/airflow/.local/lib/python3.7/site-packages/airflow/example_dags/example_skip_dag.py
[2023-01-06T18:39:58.670+0000] {processor.py:743} INFO - Processing file /home/airflow/.local/lib/python3.7/site-packages/airflow/example_dags/example_skip_dag.py for tasks to queue
[2023-01-06T18:39:58.671+0000] {logging_mixin.py:137} INFO - [2023-01-06T18:39:58.671+0000] {dagbag.py:538} INFO - Filling up the DagBag from /home/airflow/.local/lib/python3.7/site-packages/airflow/example_dags/example_skip_dag.py
[2023-01-06T18:39:58.687+0000] {processor.py:753} INFO - DAG(s) dict_keys(['example_skip_dag']) retrieved from /home/airflow/.local/lib/python3.7/site-packages/airflow/example_dags/example_skip_dag.py
[2023-01-06T18:39:58.738+0000] {logging_mixin.py:137} INFO - [2023-01-06T18:39:58.738+0000] {dag.py:2676} INFO - Sync 1 DAGs
[2023-01-06T18:39:58.770+0000] {logging_mixin.py:137} INFO - [2023-01-06T18:39:58.770+0000] {dag.py:3427} INFO - Setting next_dagrun for example_skip_dag to 2023-01-05T18:39:58.770024+00:00, run_after=2023-01-06T18:39:58.770024+00:00
[2023-01-06T18:39:58.797+0000] {processor.py:175} INFO - Processing /home/airflow/.local/lib/python3.7/site-packages/airflow/example_dags/example_skip_dag.py took 0.132 seconds
[2023-01-06T18:40:29.278+0000] {processor.py:153} INFO - Started process (PID=626) to work on /home/airflow/.local/lib/python3.7/site-packages/airflow/example_dags/example_skip_dag.py
[2023-01-06T18:40:29.279+0000] {processor.py:743} INFO - Processing file /home/airflow/.local/lib/python3.7/site-packages/airflow/example_dags/example_skip_dag.py for tasks to queue
[2023-01-06T18:40:29.280+0000] {logging_mixin.py:137} INFO - [2023-01-06T18:40:29.280+0000] {dagbag.py:538} INFO - Filling up the DagBag from /home/airflow/.local/lib/python3.7/site-packages/airflow/example_dags/example_skip_dag.py
[2023-01-06T18:40:29.294+0000] {processor.py:753} INFO - DAG(s) dict_keys(['example_skip_dag']) retrieved from /home/airflow/.local/lib/python3.7/site-packages/airflow/example_dags/example_skip_dag.py
[2023-01-06T18:40:29.325+0000] {logging_mixin.py:137} INFO - [2023-01-06T18:40:29.325+0000] {dag.py:2676} INFO - Sync 1 DAGs
[2023-01-06T18:40:29.344+0000] {logging_mixin.py:137} INFO - [2023-01-06T18:40:29.343+0000] {dag.py:3427} INFO - Setting next_dagrun for example_skip_dag to 2023-01-05T18:40:29.343676+00:00, run_after=2023-01-06T18:40:29.343676+00:00
[2023-01-06T18:40:29.357+0000] {processor.py:175} INFO - Processing /home/airflow/.local/lib/python3.7/site-packages/airflow/example_dags/example_skip_dag.py took 0.082 seconds
[2023-01-06T18:40:59.600+0000] {processor.py:153} INFO - Started process (PID=696) to work on /home/airflow/.local/lib/python3.7/site-packages/airflow/example_dags/example_skip_dag.py
[2023-01-06T18:40:59.601+0000] {processor.py:743} INFO - Processing file /home/airflow/.local/lib/python3.7/site-packages/airflow/example_dags/example_skip_dag.py for tasks to queue
[2023-01-06T18:40:59.601+0000] {logging_mixin.py:137} INFO - [2023-01-06T18:40:59.601+0000] {dagbag.py:538} INFO - Filling up the DagBag from /home/airflow/.local/lib/python3.7/site-packages/airflow/example_dags/example_skip_dag.py
[2023-01-06T18:40:59.613+0000] {processor.py:753} INFO - DAG(s) dict_keys(['example_skip_dag']) retrieved from /home/airflow/.local/lib/python3.7/site-packages/airflow/example_dags/example_skip_dag.py
[2023-01-06T18:40:59.643+0000] {logging_mixin.py:137} INFO - [2023-01-06T18:40:59.643+0000] {dag.py:2676} INFO - Sync 1 DAGs
[2023-01-06T18:40:59.661+0000] {logging_mixin.py:137} INFO - [2023-01-06T18:40:59.661+0000] {dag.py:3427} INFO - Setting next_dagrun for example_skip_dag to 2023-01-05T18:40:59.660760+00:00, run_after=2023-01-06T18:40:59.660760+00:00
[2023-01-06T18:40:59.674+0000] {processor.py:175} INFO - Processing /home/airflow/.local/lib/python3.7/site-packages/airflow/example_dags/example_skip_dag.py took 0.077 seconds
[2023-01-06T18:41:29.831+0000] {processor.py:153} INFO - Started process (PID=782) to work on /home/airflow/.local/lib/python3.7/site-packages/airflow/example_dags/example_skip_dag.py
[2023-01-06T18:41:29.832+0000] {processor.py:743} INFO - Processing file /home/airflow/.local/lib/python3.7/site-packages/airflow/example_dags/example_skip_dag.py for tasks to queue
[2023-01-06T18:41:29.832+0000] {logging_mixin.py:137} INFO - [2023-01-06T18:41:29.832+0000] {dagbag.py:538} INFO - Filling up the DagBag from /home/airflow/.local/lib/python3.7/site-packages/airflow/example_dags/example_skip_dag.py
[2023-01-06T18:41:29.844+0000] {processor.py:753} INFO - DAG(s) dict_keys(['example_skip_dag']) retrieved from /home/airflow/.local/lib/python3.7/site-packages/airflow/example_dags/example_skip_dag.py
[2023-01-06T18:41:29.872+0000] {logging_mixin.py:137} INFO - [2023-01-06T18:41:29.872+0000] {dag.py:2676} INFO - Sync 1 DAGs
[2023-01-06T18:41:29.890+0000] {logging_mixin.py:137} INFO - [2023-01-06T18:41:29.890+0000] {dag.py:3427} INFO - Setting next_dagrun for example_skip_dag to 2023-01-05T18:41:29.890453+00:00, run_after=2023-01-06T18:41:29.890453+00:00
[2023-01-06T18:41:29.905+0000] {processor.py:175} INFO - Processing /home/airflow/.local/lib/python3.7/site-packages/airflow/example_dags/example_skip_dag.py took 0.077 seconds
[2023-01-06T18:42:00.979+0000] {processor.py:153} INFO - Started process (PID=867) to work on /home/airflow/.local/lib/python3.7/site-packages/airflow/example_dags/example_skip_dag.py
[2023-01-06T18:42:00.980+0000] {processor.py:743} INFO - Processing file /home/airflow/.local/lib/python3.7/site-packages/airflow/example_dags/example_skip_dag.py for tasks to queue
[2023-01-06T18:42:00.981+0000] {logging_mixin.py:137} INFO - [2023-01-06T18:42:00.981+0000] {dagbag.py:538} INFO - Filling up the DagBag from /home/airflow/.local/lib/python3.7/site-packages/airflow/example_dags/example_skip_dag.py
[2023-01-06T18:42:00.995+0000] {processor.py:753} INFO - DAG(s) dict_keys(['example_skip_dag']) retrieved from /home/airflow/.local/lib/python3.7/site-packages/airflow/example_dags/example_skip_dag.py
[2023-01-06T18:42:01.030+0000] {logging_mixin.py:137} INFO - [2023-01-06T18:42:01.030+0000] {dag.py:2676} INFO - Sync 1 DAGs
[2023-01-06T18:42:01.054+0000] {logging_mixin.py:137} INFO - [2023-01-06T18:42:01.053+0000] {dag.py:3427} INFO - Setting next_dagrun for example_skip_dag to 2023-01-05T18:42:01.053653+00:00, run_after=2023-01-06T18:42:01.053653+00:00
[2023-01-06T18:42:01.073+0000] {processor.py:175} INFO - Processing /home/airflow/.local/lib/python3.7/site-packages/airflow/example_dags/example_skip_dag.py took 0.098 seconds
