[2023-01-06T18:36:55.218+0000] {processor.py:153} INFO - Started process (PID=47) to work on /home/airflow/.local/lib/python3.7/site-packages/airflow/example_dags/example_latest_only_with_trigger.py
[2023-01-06T18:36:55.220+0000] {processor.py:743} INFO - Processing file /home/airflow/.local/lib/python3.7/site-packages/airflow/example_dags/example_latest_only_with_trigger.py for tasks to queue
[2023-01-06T18:36:55.221+0000] {logging_mixin.py:137} INFO - [2023-01-06T18:36:55.221+0000] {dagbag.py:538} INFO - Filling up the DagBag from /home/airflow/.local/lib/python3.7/site-packages/airflow/example_dags/example_latest_only_with_trigger.py
[2023-01-06T18:36:55.242+0000] {processor.py:753} INFO - DAG(s) dict_keys(['latest_only_with_trigger']) retrieved from /home/airflow/.local/lib/python3.7/site-packages/airflow/example_dags/example_latest_only_with_trigger.py
[2023-01-06T18:36:55.273+0000] {logging_mixin.py:137} INFO - [2023-01-06T18:36:55.272+0000] {dag.py:2676} INFO - Sync 1 DAGs
[2023-01-06T18:36:55.294+0000] {logging_mixin.py:137} INFO - [2023-01-06T18:36:55.294+0000] {dag.py:3427} INFO - Setting next_dagrun for latest_only_with_trigger to 2023-01-06T14:36:55.294395+00:00, run_after=2023-01-06T18:36:55.294395+00:00
[2023-01-06T18:36:55.344+0000] {processor.py:175} INFO - Processing /home/airflow/.local/lib/python3.7/site-packages/airflow/example_dags/example_latest_only_with_trigger.py took 0.131 seconds
[2023-01-06T18:37:26.071+0000] {processor.py:153} INFO - Started process (PID=133) to work on /home/airflow/.local/lib/python3.7/site-packages/airflow/example_dags/example_latest_only_with_trigger.py
[2023-01-06T18:37:26.071+0000] {processor.py:743} INFO - Processing file /home/airflow/.local/lib/python3.7/site-packages/airflow/example_dags/example_latest_only_with_trigger.py for tasks to queue
[2023-01-06T18:37:26.072+0000] {logging_mixin.py:137} INFO - [2023-01-06T18:37:26.072+0000] {dagbag.py:538} INFO - Filling up the DagBag from /home/airflow/.local/lib/python3.7/site-packages/airflow/example_dags/example_latest_only_with_trigger.py
[2023-01-06T18:37:26.087+0000] {processor.py:753} INFO - DAG(s) dict_keys(['latest_only_with_trigger']) retrieved from /home/airflow/.local/lib/python3.7/site-packages/airflow/example_dags/example_latest_only_with_trigger.py
[2023-01-06T18:37:26.117+0000] {logging_mixin.py:137} INFO - [2023-01-06T18:37:26.117+0000] {dag.py:2676} INFO - Sync 1 DAGs
[2023-01-06T18:37:26.136+0000] {logging_mixin.py:137} INFO - [2023-01-06T18:37:26.136+0000] {dag.py:3427} INFO - Setting next_dagrun for latest_only_with_trigger to 2023-01-06T14:37:26.136495+00:00, run_after=2023-01-06T18:37:26.136495+00:00
[2023-01-06T18:37:26.151+0000] {processor.py:175} INFO - Processing /home/airflow/.local/lib/python3.7/site-packages/airflow/example_dags/example_latest_only_with_trigger.py took 0.083 seconds
[2023-01-06T18:37:56.358+0000] {processor.py:153} INFO - Started process (PID=219) to work on /home/airflow/.local/lib/python3.7/site-packages/airflow/example_dags/example_latest_only_with_trigger.py
[2023-01-06T18:37:56.359+0000] {processor.py:743} INFO - Processing file /home/airflow/.local/lib/python3.7/site-packages/airflow/example_dags/example_latest_only_with_trigger.py for tasks to queue
[2023-01-06T18:37:56.359+0000] {logging_mixin.py:137} INFO - [2023-01-06T18:37:56.359+0000] {dagbag.py:538} INFO - Filling up the DagBag from /home/airflow/.local/lib/python3.7/site-packages/airflow/example_dags/example_latest_only_with_trigger.py
[2023-01-06T18:37:56.372+0000] {processor.py:753} INFO - DAG(s) dict_keys(['latest_only_with_trigger']) retrieved from /home/airflow/.local/lib/python3.7/site-packages/airflow/example_dags/example_latest_only_with_trigger.py
[2023-01-06T18:37:56.413+0000] {logging_mixin.py:137} INFO - [2023-01-06T18:37:56.413+0000] {dag.py:2676} INFO - Sync 1 DAGs
[2023-01-06T18:37:56.441+0000] {logging_mixin.py:137} INFO - [2023-01-06T18:37:56.441+0000] {dag.py:3427} INFO - Setting next_dagrun for latest_only_with_trigger to 2023-01-06T14:37:56.441381+00:00, run_after=2023-01-06T18:37:56.441381+00:00
[2023-01-06T18:37:56.460+0000] {processor.py:175} INFO - Processing /home/airflow/.local/lib/python3.7/site-packages/airflow/example_dags/example_latest_only_with_trigger.py took 0.105 seconds
[2023-01-06T18:38:26.810+0000] {processor.py:153} INFO - Started process (PID=289) to work on /home/airflow/.local/lib/python3.7/site-packages/airflow/example_dags/example_latest_only_with_trigger.py
[2023-01-06T18:38:26.811+0000] {processor.py:743} INFO - Processing file /home/airflow/.local/lib/python3.7/site-packages/airflow/example_dags/example_latest_only_with_trigger.py for tasks to queue
[2023-01-06T18:38:26.811+0000] {logging_mixin.py:137} INFO - [2023-01-06T18:38:26.811+0000] {dagbag.py:538} INFO - Filling up the DagBag from /home/airflow/.local/lib/python3.7/site-packages/airflow/example_dags/example_latest_only_with_trigger.py
[2023-01-06T18:38:26.823+0000] {processor.py:753} INFO - DAG(s) dict_keys(['latest_only_with_trigger']) retrieved from /home/airflow/.local/lib/python3.7/site-packages/airflow/example_dags/example_latest_only_with_trigger.py
[2023-01-06T18:38:26.854+0000] {logging_mixin.py:137} INFO - [2023-01-06T18:38:26.854+0000] {dag.py:2676} INFO - Sync 1 DAGs
[2023-01-06T18:38:26.872+0000] {logging_mixin.py:137} INFO - [2023-01-06T18:38:26.872+0000] {dag.py:3427} INFO - Setting next_dagrun for latest_only_with_trigger to 2023-01-06T14:38:26.871963+00:00, run_after=2023-01-06T18:38:26.871963+00:00
[2023-01-06T18:38:26.886+0000] {processor.py:175} INFO - Processing /home/airflow/.local/lib/python3.7/site-packages/airflow/example_dags/example_latest_only_with_trigger.py took 0.079 seconds
[2023-01-06T18:38:57.263+0000] {processor.py:153} INFO - Started process (PID=375) to work on /home/airflow/.local/lib/python3.7/site-packages/airflow/example_dags/example_latest_only_with_trigger.py
[2023-01-06T18:38:57.264+0000] {processor.py:743} INFO - Processing file /home/airflow/.local/lib/python3.7/site-packages/airflow/example_dags/example_latest_only_with_trigger.py for tasks to queue
[2023-01-06T18:38:57.265+0000] {logging_mixin.py:137} INFO - [2023-01-06T18:38:57.265+0000] {dagbag.py:538} INFO - Filling up the DagBag from /home/airflow/.local/lib/python3.7/site-packages/airflow/example_dags/example_latest_only_with_trigger.py
[2023-01-06T18:38:57.279+0000] {processor.py:753} INFO - DAG(s) dict_keys(['latest_only_with_trigger']) retrieved from /home/airflow/.local/lib/python3.7/site-packages/airflow/example_dags/example_latest_only_with_trigger.py
[2023-01-06T18:38:57.309+0000] {logging_mixin.py:137} INFO - [2023-01-06T18:38:57.309+0000] {dag.py:2676} INFO - Sync 1 DAGs
[2023-01-06T18:38:57.327+0000] {logging_mixin.py:137} INFO - [2023-01-06T18:38:57.327+0000] {dag.py:3427} INFO - Setting next_dagrun for latest_only_with_trigger to 2023-01-06T14:38:57.326782+00:00, run_after=2023-01-06T18:38:57.326782+00:00
[2023-01-06T18:38:57.340+0000] {processor.py:175} INFO - Processing /home/airflow/.local/lib/python3.7/site-packages/airflow/example_dags/example_latest_only_with_trigger.py took 0.080 seconds
[2023-01-06T18:39:27.581+0000] {processor.py:153} INFO - Started process (PID=445) to work on /home/airflow/.local/lib/python3.7/site-packages/airflow/example_dags/example_latest_only_with_trigger.py
[2023-01-06T18:39:27.581+0000] {processor.py:743} INFO - Processing file /home/airflow/.local/lib/python3.7/site-packages/airflow/example_dags/example_latest_only_with_trigger.py for tasks to queue
[2023-01-06T18:39:27.582+0000] {logging_mixin.py:137} INFO - [2023-01-06T18:39:27.582+0000] {dagbag.py:538} INFO - Filling up the DagBag from /home/airflow/.local/lib/python3.7/site-packages/airflow/example_dags/example_latest_only_with_trigger.py
[2023-01-06T18:39:27.594+0000] {processor.py:753} INFO - DAG(s) dict_keys(['latest_only_with_trigger']) retrieved from /home/airflow/.local/lib/python3.7/site-packages/airflow/example_dags/example_latest_only_with_trigger.py
[2023-01-06T18:39:27.628+0000] {logging_mixin.py:137} INFO - [2023-01-06T18:39:27.628+0000] {dag.py:2676} INFO - Sync 1 DAGs
[2023-01-06T18:39:27.645+0000] {logging_mixin.py:137} INFO - [2023-01-06T18:39:27.645+0000] {dag.py:3427} INFO - Setting next_dagrun for latest_only_with_trigger to 2023-01-06T14:39:27.645656+00:00, run_after=2023-01-06T18:39:27.645656+00:00
[2023-01-06T18:39:27.659+0000] {processor.py:175} INFO - Processing /home/airflow/.local/lib/python3.7/site-packages/airflow/example_dags/example_latest_only_with_trigger.py took 0.081 seconds
[2023-01-06T18:39:58.158+0000] {processor.py:153} INFO - Started process (PID=531) to work on /home/airflow/.local/lib/python3.7/site-packages/airflow/example_dags/example_latest_only_with_trigger.py
[2023-01-06T18:39:58.159+0000] {processor.py:743} INFO - Processing file /home/airflow/.local/lib/python3.7/site-packages/airflow/example_dags/example_latest_only_with_trigger.py for tasks to queue
[2023-01-06T18:39:58.159+0000] {logging_mixin.py:137} INFO - [2023-01-06T18:39:58.159+0000] {dagbag.py:538} INFO - Filling up the DagBag from /home/airflow/.local/lib/python3.7/site-packages/airflow/example_dags/example_latest_only_with_trigger.py
[2023-01-06T18:39:58.171+0000] {processor.py:753} INFO - DAG(s) dict_keys(['latest_only_with_trigger']) retrieved from /home/airflow/.local/lib/python3.7/site-packages/airflow/example_dags/example_latest_only_with_trigger.py
[2023-01-06T18:39:58.198+0000] {logging_mixin.py:137} INFO - [2023-01-06T18:39:58.198+0000] {dag.py:2676} INFO - Sync 1 DAGs
[2023-01-06T18:39:58.218+0000] {logging_mixin.py:137} INFO - [2023-01-06T18:39:58.218+0000] {dag.py:3427} INFO - Setting next_dagrun for latest_only_with_trigger to 2023-01-06T14:39:58.218576+00:00, run_after=2023-01-06T18:39:58.218576+00:00
[2023-01-06T18:39:58.232+0000] {processor.py:175} INFO - Processing /home/airflow/.local/lib/python3.7/site-packages/airflow/example_dags/example_latest_only_with_trigger.py took 0.077 seconds
[2023-01-06T18:40:28.686+0000] {processor.py:153} INFO - Started process (PID=618) to work on /home/airflow/.local/lib/python3.7/site-packages/airflow/example_dags/example_latest_only_with_trigger.py
[2023-01-06T18:40:28.686+0000] {processor.py:743} INFO - Processing file /home/airflow/.local/lib/python3.7/site-packages/airflow/example_dags/example_latest_only_with_trigger.py for tasks to queue
[2023-01-06T18:40:28.687+0000] {logging_mixin.py:137} INFO - [2023-01-06T18:40:28.687+0000] {dagbag.py:538} INFO - Filling up the DagBag from /home/airflow/.local/lib/python3.7/site-packages/airflow/example_dags/example_latest_only_with_trigger.py
[2023-01-06T18:40:28.702+0000] {processor.py:753} INFO - DAG(s) dict_keys(['latest_only_with_trigger']) retrieved from /home/airflow/.local/lib/python3.7/site-packages/airflow/example_dags/example_latest_only_with_trigger.py
[2023-01-06T18:40:28.732+0000] {logging_mixin.py:137} INFO - [2023-01-06T18:40:28.732+0000] {dag.py:2676} INFO - Sync 1 DAGs
[2023-01-06T18:40:28.751+0000] {logging_mixin.py:137} INFO - [2023-01-06T18:40:28.751+0000] {dag.py:3427} INFO - Setting next_dagrun for latest_only_with_trigger to 2023-01-06T14:40:28.751419+00:00, run_after=2023-01-06T18:40:28.751419+00:00
[2023-01-06T18:40:28.767+0000] {processor.py:175} INFO - Processing /home/airflow/.local/lib/python3.7/site-packages/airflow/example_dags/example_latest_only_with_trigger.py took 0.084 seconds
[2023-01-06T18:40:59.092+0000] {processor.py:153} INFO - Started process (PID=688) to work on /home/airflow/.local/lib/python3.7/site-packages/airflow/example_dags/example_latest_only_with_trigger.py
[2023-01-06T18:40:59.092+0000] {processor.py:743} INFO - Processing file /home/airflow/.local/lib/python3.7/site-packages/airflow/example_dags/example_latest_only_with_trigger.py for tasks to queue
[2023-01-06T18:40:59.093+0000] {logging_mixin.py:137} INFO - [2023-01-06T18:40:59.093+0000] {dagbag.py:538} INFO - Filling up the DagBag from /home/airflow/.local/lib/python3.7/site-packages/airflow/example_dags/example_latest_only_with_trigger.py
[2023-01-06T18:40:59.111+0000] {processor.py:753} INFO - DAG(s) dict_keys(['latest_only_with_trigger']) retrieved from /home/airflow/.local/lib/python3.7/site-packages/airflow/example_dags/example_latest_only_with_trigger.py
[2023-01-06T18:40:59.158+0000] {logging_mixin.py:137} INFO - [2023-01-06T18:40:59.158+0000] {dag.py:2676} INFO - Sync 1 DAGs
[2023-01-06T18:40:59.191+0000] {logging_mixin.py:137} INFO - [2023-01-06T18:40:59.191+0000] {dag.py:3427} INFO - Setting next_dagrun for latest_only_with_trigger to 2023-01-06T14:40:59.191028+00:00, run_after=2023-01-06T18:40:59.191028+00:00
[2023-01-06T18:40:59.207+0000] {processor.py:175} INFO - Processing /home/airflow/.local/lib/python3.7/site-packages/airflow/example_dags/example_latest_only_with_trigger.py took 0.118 seconds
[2023-01-06T18:41:29.408+0000] {processor.py:153} INFO - Started process (PID=774) to work on /home/airflow/.local/lib/python3.7/site-packages/airflow/example_dags/example_latest_only_with_trigger.py
[2023-01-06T18:41:29.409+0000] {processor.py:743} INFO - Processing file /home/airflow/.local/lib/python3.7/site-packages/airflow/example_dags/example_latest_only_with_trigger.py for tasks to queue
[2023-01-06T18:41:29.410+0000] {logging_mixin.py:137} INFO - [2023-01-06T18:41:29.410+0000] {dagbag.py:538} INFO - Filling up the DagBag from /home/airflow/.local/lib/python3.7/site-packages/airflow/example_dags/example_latest_only_with_trigger.py
[2023-01-06T18:41:29.427+0000] {processor.py:753} INFO - DAG(s) dict_keys(['latest_only_with_trigger']) retrieved from /home/airflow/.local/lib/python3.7/site-packages/airflow/example_dags/example_latest_only_with_trigger.py
[2023-01-06T18:41:29.458+0000] {logging_mixin.py:137} INFO - [2023-01-06T18:41:29.458+0000] {dag.py:2676} INFO - Sync 1 DAGs
[2023-01-06T18:41:29.478+0000] {logging_mixin.py:137} INFO - [2023-01-06T18:41:29.477+0000] {dag.py:3427} INFO - Setting next_dagrun for latest_only_with_trigger to 2023-01-06T14:41:29.477717+00:00, run_after=2023-01-06T18:41:29.477717+00:00
[2023-01-06T18:41:29.492+0000] {processor.py:175} INFO - Processing /home/airflow/.local/lib/python3.7/site-packages/airflow/example_dags/example_latest_only_with_trigger.py took 0.088 seconds
[2023-01-06T18:42:00.459+0000] {processor.py:153} INFO - Started process (PID=859) to work on /home/airflow/.local/lib/python3.7/site-packages/airflow/example_dags/example_latest_only_with_trigger.py
[2023-01-06T18:42:00.460+0000] {processor.py:743} INFO - Processing file /home/airflow/.local/lib/python3.7/site-packages/airflow/example_dags/example_latest_only_with_trigger.py for tasks to queue
[2023-01-06T18:42:00.461+0000] {logging_mixin.py:137} INFO - [2023-01-06T18:42:00.461+0000] {dagbag.py:538} INFO - Filling up the DagBag from /home/airflow/.local/lib/python3.7/site-packages/airflow/example_dags/example_latest_only_with_trigger.py
[2023-01-06T18:42:00.474+0000] {processor.py:753} INFO - DAG(s) dict_keys(['latest_only_with_trigger']) retrieved from /home/airflow/.local/lib/python3.7/site-packages/airflow/example_dags/example_latest_only_with_trigger.py
[2023-01-06T18:42:00.507+0000] {logging_mixin.py:137} INFO - [2023-01-06T18:42:00.506+0000] {dag.py:2676} INFO - Sync 1 DAGs
[2023-01-06T18:42:00.529+0000] {logging_mixin.py:137} INFO - [2023-01-06T18:42:00.529+0000] {dag.py:3427} INFO - Setting next_dagrun for latest_only_with_trigger to 2023-01-06T14:42:00.528807+00:00, run_after=2023-01-06T18:42:00.528807+00:00
[2023-01-06T18:42:00.546+0000] {processor.py:175} INFO - Processing /home/airflow/.local/lib/python3.7/site-packages/airflow/example_dags/example_latest_only_with_trigger.py took 0.089 seconds
