[2023-01-06T18:36:56.747+0000] {processor.py:153} INFO - Started process (PID=66) to work on /home/airflow/.local/lib/python3.7/site-packages/airflow/example_dags/example_latest_only.py
[2023-01-06T18:36:56.748+0000] {processor.py:743} INFO - Processing file /home/airflow/.local/lib/python3.7/site-packages/airflow/example_dags/example_latest_only.py for tasks to queue
[2023-01-06T18:36:56.748+0000] {logging_mixin.py:137} INFO - [2023-01-06T18:36:56.748+0000] {dagbag.py:538} INFO - Filling up the DagBag from /home/airflow/.local/lib/python3.7/site-packages/airflow/example_dags/example_latest_only.py
[2023-01-06T18:36:56.761+0000] {processor.py:753} INFO - DAG(s) dict_keys(['latest_only']) retrieved from /home/airflow/.local/lib/python3.7/site-packages/airflow/example_dags/example_latest_only.py
[2023-01-06T18:36:56.783+0000] {logging_mixin.py:137} INFO - [2023-01-06T18:36:56.783+0000] {dag.py:2676} INFO - Sync 1 DAGs
[2023-01-06T18:36:56.802+0000] {logging_mixin.py:137} INFO - [2023-01-06T18:36:56.802+0000] {dag.py:3427} INFO - Setting next_dagrun for latest_only to 2023-01-06T14:36:56.802283+00:00, run_after=2023-01-06T18:36:56.802283+00:00
[2023-01-06T18:36:56.821+0000] {processor.py:175} INFO - Processing /home/airflow/.local/lib/python3.7/site-packages/airflow/example_dags/example_latest_only.py took 0.077 seconds
[2023-01-06T18:37:27.072+0000] {processor.py:153} INFO - Started process (PID=152) to work on /home/airflow/.local/lib/python3.7/site-packages/airflow/example_dags/example_latest_only.py
[2023-01-06T18:37:27.073+0000] {processor.py:743} INFO - Processing file /home/airflow/.local/lib/python3.7/site-packages/airflow/example_dags/example_latest_only.py for tasks to queue
[2023-01-06T18:37:27.074+0000] {logging_mixin.py:137} INFO - [2023-01-06T18:37:27.073+0000] {dagbag.py:538} INFO - Filling up the DagBag from /home/airflow/.local/lib/python3.7/site-packages/airflow/example_dags/example_latest_only.py
[2023-01-06T18:37:27.088+0000] {processor.py:753} INFO - DAG(s) dict_keys(['latest_only']) retrieved from /home/airflow/.local/lib/python3.7/site-packages/airflow/example_dags/example_latest_only.py
[2023-01-06T18:37:27.115+0000] {logging_mixin.py:137} INFO - [2023-01-06T18:37:27.115+0000] {dag.py:2676} INFO - Sync 1 DAGs
[2023-01-06T18:37:27.134+0000] {logging_mixin.py:137} INFO - [2023-01-06T18:37:27.134+0000] {dag.py:3427} INFO - Setting next_dagrun for latest_only to 2023-01-06T14:37:27.134072+00:00, run_after=2023-01-06T18:37:27.134072+00:00
[2023-01-06T18:37:27.147+0000] {processor.py:175} INFO - Processing /home/airflow/.local/lib/python3.7/site-packages/airflow/example_dags/example_latest_only.py took 0.078 seconds
[2023-01-06T18:37:57.575+0000] {processor.py:153} INFO - Started process (PID=238) to work on /home/airflow/.local/lib/python3.7/site-packages/airflow/example_dags/example_latest_only.py
[2023-01-06T18:37:57.576+0000] {processor.py:743} INFO - Processing file /home/airflow/.local/lib/python3.7/site-packages/airflow/example_dags/example_latest_only.py for tasks to queue
[2023-01-06T18:37:57.577+0000] {logging_mixin.py:137} INFO - [2023-01-06T18:37:57.577+0000] {dagbag.py:538} INFO - Filling up the DagBag from /home/airflow/.local/lib/python3.7/site-packages/airflow/example_dags/example_latest_only.py
[2023-01-06T18:37:57.588+0000] {processor.py:753} INFO - DAG(s) dict_keys(['latest_only']) retrieved from /home/airflow/.local/lib/python3.7/site-packages/airflow/example_dags/example_latest_only.py
[2023-01-06T18:37:57.617+0000] {logging_mixin.py:137} INFO - [2023-01-06T18:37:57.617+0000] {dag.py:2676} INFO - Sync 1 DAGs
[2023-01-06T18:37:57.635+0000] {logging_mixin.py:137} INFO - [2023-01-06T18:37:57.635+0000] {dag.py:3427} INFO - Setting next_dagrun for latest_only to 2023-01-06T14:37:57.634904+00:00, run_after=2023-01-06T18:37:57.634904+00:00
[2023-01-06T18:37:57.648+0000] {processor.py:175} INFO - Processing /home/airflow/.local/lib/python3.7/site-packages/airflow/example_dags/example_latest_only.py took 0.076 seconds
[2023-01-06T18:38:27.945+0000] {processor.py:153} INFO - Started process (PID=308) to work on /home/airflow/.local/lib/python3.7/site-packages/airflow/example_dags/example_latest_only.py
[2023-01-06T18:38:27.946+0000] {processor.py:743} INFO - Processing file /home/airflow/.local/lib/python3.7/site-packages/airflow/example_dags/example_latest_only.py for tasks to queue
[2023-01-06T18:38:27.947+0000] {logging_mixin.py:137} INFO - [2023-01-06T18:38:27.947+0000] {dagbag.py:538} INFO - Filling up the DagBag from /home/airflow/.local/lib/python3.7/site-packages/airflow/example_dags/example_latest_only.py
[2023-01-06T18:38:27.958+0000] {processor.py:753} INFO - DAG(s) dict_keys(['latest_only']) retrieved from /home/airflow/.local/lib/python3.7/site-packages/airflow/example_dags/example_latest_only.py
[2023-01-06T18:38:27.990+0000] {logging_mixin.py:137} INFO - [2023-01-06T18:38:27.989+0000] {dag.py:2676} INFO - Sync 1 DAGs
[2023-01-06T18:38:28.009+0000] {logging_mixin.py:137} INFO - [2023-01-06T18:38:28.009+0000] {dag.py:3427} INFO - Setting next_dagrun for latest_only to 2023-01-06T14:38:28.009171+00:00, run_after=2023-01-06T18:38:28.009171+00:00
[2023-01-06T18:38:28.022+0000] {processor.py:175} INFO - Processing /home/airflow/.local/lib/python3.7/site-packages/airflow/example_dags/example_latest_only.py took 0.080 seconds
[2023-01-06T18:38:58.390+0000] {processor.py:153} INFO - Started process (PID=394) to work on /home/airflow/.local/lib/python3.7/site-packages/airflow/example_dags/example_latest_only.py
[2023-01-06T18:38:58.392+0000] {processor.py:743} INFO - Processing file /home/airflow/.local/lib/python3.7/site-packages/airflow/example_dags/example_latest_only.py for tasks to queue
[2023-01-06T18:38:58.392+0000] {logging_mixin.py:137} INFO - [2023-01-06T18:38:58.392+0000] {dagbag.py:538} INFO - Filling up the DagBag from /home/airflow/.local/lib/python3.7/site-packages/airflow/example_dags/example_latest_only.py
[2023-01-06T18:38:58.409+0000] {processor.py:753} INFO - DAG(s) dict_keys(['latest_only']) retrieved from /home/airflow/.local/lib/python3.7/site-packages/airflow/example_dags/example_latest_only.py
[2023-01-06T18:38:58.446+0000] {logging_mixin.py:137} INFO - [2023-01-06T18:38:58.445+0000] {dag.py:2676} INFO - Sync 1 DAGs
[2023-01-06T18:38:58.467+0000] {logging_mixin.py:137} INFO - [2023-01-06T18:38:58.467+0000] {dag.py:3427} INFO - Setting next_dagrun for latest_only to 2023-01-06T14:38:58.466811+00:00, run_after=2023-01-06T18:38:58.466811+00:00
[2023-01-06T18:38:58.482+0000] {processor.py:175} INFO - Processing /home/airflow/.local/lib/python3.7/site-packages/airflow/example_dags/example_latest_only.py took 0.096 seconds
[2023-01-06T18:39:28.904+0000] {processor.py:153} INFO - Started process (PID=471) to work on /home/airflow/.local/lib/python3.7/site-packages/airflow/example_dags/example_latest_only.py
[2023-01-06T18:39:28.904+0000] {processor.py:743} INFO - Processing file /home/airflow/.local/lib/python3.7/site-packages/airflow/example_dags/example_latest_only.py for tasks to queue
[2023-01-06T18:39:28.905+0000] {logging_mixin.py:137} INFO - [2023-01-06T18:39:28.905+0000] {dagbag.py:538} INFO - Filling up the DagBag from /home/airflow/.local/lib/python3.7/site-packages/airflow/example_dags/example_latest_only.py
[2023-01-06T18:39:28.916+0000] {processor.py:753} INFO - DAG(s) dict_keys(['latest_only']) retrieved from /home/airflow/.local/lib/python3.7/site-packages/airflow/example_dags/example_latest_only.py
[2023-01-06T18:39:28.946+0000] {logging_mixin.py:137} INFO - [2023-01-06T18:39:28.946+0000] {dag.py:2676} INFO - Sync 1 DAGs
[2023-01-06T18:39:28.966+0000] {logging_mixin.py:137} INFO - [2023-01-06T18:39:28.966+0000] {dag.py:3427} INFO - Setting next_dagrun for latest_only to 2023-01-06T14:39:28.966271+00:00, run_after=2023-01-06T18:39:28.966271+00:00
[2023-01-06T18:39:28.981+0000] {processor.py:175} INFO - Processing /home/airflow/.local/lib/python3.7/site-packages/airflow/example_dags/example_latest_only.py took 0.080 seconds
[2023-01-06T18:39:59.376+0000] {processor.py:153} INFO - Started process (PID=550) to work on /home/airflow/.local/lib/python3.7/site-packages/airflow/example_dags/example_latest_only.py
[2023-01-06T18:39:59.377+0000] {processor.py:743} INFO - Processing file /home/airflow/.local/lib/python3.7/site-packages/airflow/example_dags/example_latest_only.py for tasks to queue
[2023-01-06T18:39:59.378+0000] {logging_mixin.py:137} INFO - [2023-01-06T18:39:59.377+0000] {dagbag.py:538} INFO - Filling up the DagBag from /home/airflow/.local/lib/python3.7/site-packages/airflow/example_dags/example_latest_only.py
[2023-01-06T18:39:59.391+0000] {processor.py:753} INFO - DAG(s) dict_keys(['latest_only']) retrieved from /home/airflow/.local/lib/python3.7/site-packages/airflow/example_dags/example_latest_only.py
[2023-01-06T18:39:59.424+0000] {logging_mixin.py:137} INFO - [2023-01-06T18:39:59.424+0000] {dag.py:2676} INFO - Sync 1 DAGs
[2023-01-06T18:39:59.445+0000] {logging_mixin.py:137} INFO - [2023-01-06T18:39:59.445+0000] {dag.py:3427} INFO - Setting next_dagrun for latest_only to 2023-01-06T14:39:59.445227+00:00, run_after=2023-01-06T18:39:59.445227+00:00
[2023-01-06T18:39:59.459+0000] {processor.py:175} INFO - Processing /home/airflow/.local/lib/python3.7/site-packages/airflow/example_dags/example_latest_only.py took 0.085 seconds
[2023-01-06T18:40:29.885+0000] {processor.py:153} INFO - Started process (PID=637) to work on /home/airflow/.local/lib/python3.7/site-packages/airflow/example_dags/example_latest_only.py
[2023-01-06T18:40:29.886+0000] {processor.py:743} INFO - Processing file /home/airflow/.local/lib/python3.7/site-packages/airflow/example_dags/example_latest_only.py for tasks to queue
[2023-01-06T18:40:29.887+0000] {logging_mixin.py:137} INFO - [2023-01-06T18:40:29.887+0000] {dagbag.py:538} INFO - Filling up the DagBag from /home/airflow/.local/lib/python3.7/site-packages/airflow/example_dags/example_latest_only.py
[2023-01-06T18:40:29.900+0000] {processor.py:753} INFO - DAG(s) dict_keys(['latest_only']) retrieved from /home/airflow/.local/lib/python3.7/site-packages/airflow/example_dags/example_latest_only.py
[2023-01-06T18:40:29.931+0000] {logging_mixin.py:137} INFO - [2023-01-06T18:40:29.931+0000] {dag.py:2676} INFO - Sync 1 DAGs
[2023-01-06T18:40:29.949+0000] {logging_mixin.py:137} INFO - [2023-01-06T18:40:29.949+0000] {dag.py:3427} INFO - Setting next_dagrun for latest_only to 2023-01-06T14:40:29.949599+00:00, run_after=2023-01-06T18:40:29.949599+00:00
[2023-01-06T18:40:29.965+0000] {processor.py:175} INFO - Processing /home/airflow/.local/lib/python3.7/site-packages/airflow/example_dags/example_latest_only.py took 0.082 seconds
[2023-01-06T18:41:00.176+0000] {processor.py:153} INFO - Started process (PID=707) to work on /home/airflow/.local/lib/python3.7/site-packages/airflow/example_dags/example_latest_only.py
[2023-01-06T18:41:00.177+0000] {processor.py:743} INFO - Processing file /home/airflow/.local/lib/python3.7/site-packages/airflow/example_dags/example_latest_only.py for tasks to queue
[2023-01-06T18:41:00.178+0000] {logging_mixin.py:137} INFO - [2023-01-06T18:41:00.178+0000] {dagbag.py:538} INFO - Filling up the DagBag from /home/airflow/.local/lib/python3.7/site-packages/airflow/example_dags/example_latest_only.py
[2023-01-06T18:41:00.189+0000] {processor.py:753} INFO - DAG(s) dict_keys(['latest_only']) retrieved from /home/airflow/.local/lib/python3.7/site-packages/airflow/example_dags/example_latest_only.py
[2023-01-06T18:41:00.219+0000] {logging_mixin.py:137} INFO - [2023-01-06T18:41:00.219+0000] {dag.py:2676} INFO - Sync 1 DAGs
[2023-01-06T18:41:00.237+0000] {logging_mixin.py:137} INFO - [2023-01-06T18:41:00.237+0000] {dag.py:3427} INFO - Setting next_dagrun for latest_only to 2023-01-06T14:41:00.237595+00:00, run_after=2023-01-06T18:41:00.237595+00:00
[2023-01-06T18:41:00.251+0000] {processor.py:175} INFO - Processing /home/airflow/.local/lib/python3.7/site-packages/airflow/example_dags/example_latest_only.py took 0.077 seconds
[2023-01-06T18:41:30.573+0000] {processor.py:153} INFO - Started process (PID=793) to work on /home/airflow/.local/lib/python3.7/site-packages/airflow/example_dags/example_latest_only.py
[2023-01-06T18:41:30.573+0000] {processor.py:743} INFO - Processing file /home/airflow/.local/lib/python3.7/site-packages/airflow/example_dags/example_latest_only.py for tasks to queue
[2023-01-06T18:41:30.574+0000] {logging_mixin.py:137} INFO - [2023-01-06T18:41:30.574+0000] {dagbag.py:538} INFO - Filling up the DagBag from /home/airflow/.local/lib/python3.7/site-packages/airflow/example_dags/example_latest_only.py
[2023-01-06T18:41:30.587+0000] {processor.py:753} INFO - DAG(s) dict_keys(['latest_only']) retrieved from /home/airflow/.local/lib/python3.7/site-packages/airflow/example_dags/example_latest_only.py
[2023-01-06T18:41:30.617+0000] {logging_mixin.py:137} INFO - [2023-01-06T18:41:30.617+0000] {dag.py:2676} INFO - Sync 1 DAGs
[2023-01-06T18:41:30.637+0000] {logging_mixin.py:137} INFO - [2023-01-06T18:41:30.637+0000] {dag.py:3427} INFO - Setting next_dagrun for latest_only to 2023-01-06T14:41:30.636947+00:00, run_after=2023-01-06T18:41:30.636947+00:00
[2023-01-06T18:41:30.652+0000] {processor.py:175} INFO - Processing /home/airflow/.local/lib/python3.7/site-packages/airflow/example_dags/example_latest_only.py took 0.082 seconds
[2023-01-06T18:42:01.673+0000] {processor.py:153} INFO - Started process (PID=878) to work on /home/airflow/.local/lib/python3.7/site-packages/airflow/example_dags/example_latest_only.py
[2023-01-06T18:42:01.674+0000] {processor.py:743} INFO - Processing file /home/airflow/.local/lib/python3.7/site-packages/airflow/example_dags/example_latest_only.py for tasks to queue
[2023-01-06T18:42:01.674+0000] {logging_mixin.py:137} INFO - [2023-01-06T18:42:01.674+0000] {dagbag.py:538} INFO - Filling up the DagBag from /home/airflow/.local/lib/python3.7/site-packages/airflow/example_dags/example_latest_only.py
[2023-01-06T18:42:01.689+0000] {processor.py:753} INFO - DAG(s) dict_keys(['latest_only']) retrieved from /home/airflow/.local/lib/python3.7/site-packages/airflow/example_dags/example_latest_only.py
[2023-01-06T18:42:01.720+0000] {logging_mixin.py:137} INFO - [2023-01-06T18:42:01.720+0000] {dag.py:2676} INFO - Sync 1 DAGs
[2023-01-06T18:42:01.742+0000] {logging_mixin.py:137} INFO - [2023-01-06T18:42:01.742+0000] {dag.py:3427} INFO - Setting next_dagrun for latest_only to 2023-01-06T14:42:01.741786+00:00, run_after=2023-01-06T18:42:01.741786+00:00
[2023-01-06T18:42:01.757+0000] {processor.py:175} INFO - Processing /home/airflow/.local/lib/python3.7/site-packages/airflow/example_dags/example_latest_only.py took 0.087 seconds
