[2023-01-06T18:36:54.866+0000] {processor.py:153} INFO - Started process (PID=41) to work on /home/airflow/.local/lib/python3.7/site-packages/airflow/example_dags/example_python_operator.py
[2023-01-06T18:36:54.867+0000] {processor.py:743} INFO - Processing file /home/airflow/.local/lib/python3.7/site-packages/airflow/example_dags/example_python_operator.py for tasks to queue
[2023-01-06T18:36:54.868+0000] {logging_mixin.py:137} INFO - [2023-01-06T18:36:54.867+0000] {dagbag.py:538} INFO - Filling up the DagBag from /home/airflow/.local/lib/python3.7/site-packages/airflow/example_dags/example_python_operator.py
[2023-01-06T18:36:54.882+0000] {logging_mixin.py:137} INFO - [2023-01-06T18:36:54.882+0000] {taskmixin.py:205} WARNING - Dependency <Task(_PythonDecoratedOperator): print_the_context>, log_sql_query already registered for DAG: example_python_operator
[2023-01-06T18:36:54.883+0000] {logging_mixin.py:137} INFO - [2023-01-06T18:36:54.883+0000] {taskmixin.py:205} WARNING - Dependency <Task(_PythonDecoratedOperator): log_sql_query>, print_the_context already registered for DAG: example_python_operator
[2023-01-06T18:36:54.883+0000] {logging_mixin.py:137} INFO - [2023-01-06T18:36:54.883+0000] {taskmixin.py:205} WARNING - Dependency <Task(_PythonDecoratedOperator): print_the_context>, log_sql_query already registered for DAG: example_python_operator
[2023-01-06T18:36:54.883+0000] {logging_mixin.py:137} INFO - [2023-01-06T18:36:54.883+0000] {taskmixin.py:205} WARNING - Dependency <Task(_PythonDecoratedOperator): log_sql_query>, print_the_context already registered for DAG: example_python_operator
[2023-01-06T18:36:54.884+0000] {logging_mixin.py:137} INFO - [2023-01-06T18:36:54.884+0000] {taskmixin.py:205} WARNING - Dependency <Task(_PythonDecoratedOperator): print_the_context>, log_sql_query already registered for DAG: example_python_operator
[2023-01-06T18:36:54.884+0000] {logging_mixin.py:137} INFO - [2023-01-06T18:36:54.884+0000] {taskmixin.py:205} WARNING - Dependency <Task(_PythonDecoratedOperator): log_sql_query>, print_the_context already registered for DAG: example_python_operator
[2023-01-06T18:36:54.884+0000] {logging_mixin.py:137} INFO - [2023-01-06T18:36:54.884+0000] {taskmixin.py:205} WARNING - Dependency <Task(_PythonDecoratedOperator): print_the_context>, log_sql_query already registered for DAG: example_python_operator
[2023-01-06T18:36:54.884+0000] {logging_mixin.py:137} INFO - [2023-01-06T18:36:54.884+0000] {taskmixin.py:205} WARNING - Dependency <Task(_PythonDecoratedOperator): log_sql_query>, print_the_context already registered for DAG: example_python_operator
[2023-01-06T18:36:54.891+0000] {processor.py:753} INFO - DAG(s) dict_keys(['example_python_operator']) retrieved from /home/airflow/.local/lib/python3.7/site-packages/airflow/example_dags/example_python_operator.py
[2023-01-06T18:36:54.911+0000] {logging_mixin.py:137} INFO - [2023-01-06T18:36:54.911+0000] {dag.py:2676} INFO - Sync 1 DAGs
[2023-01-06T18:36:54.935+0000] {logging_mixin.py:137} INFO - [2023-01-06T18:36:54.935+0000] {dag.py:3427} INFO - Setting next_dagrun for example_python_operator to None, run_after=None
[2023-01-06T18:36:54.951+0000] {processor.py:175} INFO - Processing /home/airflow/.local/lib/python3.7/site-packages/airflow/example_dags/example_python_operator.py took 0.087 seconds
[2023-01-06T18:37:25.755+0000] {processor.py:153} INFO - Started process (PID=127) to work on /home/airflow/.local/lib/python3.7/site-packages/airflow/example_dags/example_python_operator.py
[2023-01-06T18:37:25.756+0000] {processor.py:743} INFO - Processing file /home/airflow/.local/lib/python3.7/site-packages/airflow/example_dags/example_python_operator.py for tasks to queue
[2023-01-06T18:37:25.756+0000] {logging_mixin.py:137} INFO - [2023-01-06T18:37:25.756+0000] {dagbag.py:538} INFO - Filling up the DagBag from /home/airflow/.local/lib/python3.7/site-packages/airflow/example_dags/example_python_operator.py
[2023-01-06T18:37:25.772+0000] {logging_mixin.py:137} INFO - [2023-01-06T18:37:25.772+0000] {taskmixin.py:205} WARNING - Dependency <Task(_PythonDecoratedOperator): print_the_context>, log_sql_query already registered for DAG: example_python_operator
[2023-01-06T18:37:25.773+0000] {logging_mixin.py:137} INFO - [2023-01-06T18:37:25.773+0000] {taskmixin.py:205} WARNING - Dependency <Task(_PythonDecoratedOperator): log_sql_query>, print_the_context already registered for DAG: example_python_operator
[2023-01-06T18:37:25.773+0000] {logging_mixin.py:137} INFO - [2023-01-06T18:37:25.773+0000] {taskmixin.py:205} WARNING - Dependency <Task(_PythonDecoratedOperator): print_the_context>, log_sql_query already registered for DAG: example_python_operator
[2023-01-06T18:37:25.774+0000] {logging_mixin.py:137} INFO - [2023-01-06T18:37:25.774+0000] {taskmixin.py:205} WARNING - Dependency <Task(_PythonDecoratedOperator): log_sql_query>, print_the_context already registered for DAG: example_python_operator
[2023-01-06T18:37:25.774+0000] {logging_mixin.py:137} INFO - [2023-01-06T18:37:25.774+0000] {taskmixin.py:205} WARNING - Dependency <Task(_PythonDecoratedOperator): print_the_context>, log_sql_query already registered for DAG: example_python_operator
[2023-01-06T18:37:25.774+0000] {logging_mixin.py:137} INFO - [2023-01-06T18:37:25.774+0000] {taskmixin.py:205} WARNING - Dependency <Task(_PythonDecoratedOperator): log_sql_query>, print_the_context already registered for DAG: example_python_operator
[2023-01-06T18:37:25.775+0000] {logging_mixin.py:137} INFO - [2023-01-06T18:37:25.775+0000] {taskmixin.py:205} WARNING - Dependency <Task(_PythonDecoratedOperator): print_the_context>, log_sql_query already registered for DAG: example_python_operator
[2023-01-06T18:37:25.775+0000] {logging_mixin.py:137} INFO - [2023-01-06T18:37:25.775+0000] {taskmixin.py:205} WARNING - Dependency <Task(_PythonDecoratedOperator): log_sql_query>, print_the_context already registered for DAG: example_python_operator
[2023-01-06T18:37:25.780+0000] {processor.py:753} INFO - DAG(s) dict_keys(['example_python_operator']) retrieved from /home/airflow/.local/lib/python3.7/site-packages/airflow/example_dags/example_python_operator.py
[2023-01-06T18:37:25.836+0000] {logging_mixin.py:137} INFO - [2023-01-06T18:37:25.836+0000] {dag.py:2676} INFO - Sync 1 DAGs
[2023-01-06T18:37:25.852+0000] {logging_mixin.py:137} INFO - [2023-01-06T18:37:25.851+0000] {dag.py:3427} INFO - Setting next_dagrun for example_python_operator to None, run_after=None
[2023-01-06T18:37:25.867+0000] {processor.py:175} INFO - Processing /home/airflow/.local/lib/python3.7/site-packages/airflow/example_dags/example_python_operator.py took 0.115 seconds
[2023-01-06T18:37:55.925+0000] {processor.py:153} INFO - Started process (PID=206) to work on /home/airflow/.local/lib/python3.7/site-packages/airflow/example_dags/example_python_operator.py
[2023-01-06T18:37:55.926+0000] {processor.py:743} INFO - Processing file /home/airflow/.local/lib/python3.7/site-packages/airflow/example_dags/example_python_operator.py for tasks to queue
[2023-01-06T18:37:55.926+0000] {logging_mixin.py:137} INFO - [2023-01-06T18:37:55.926+0000] {dagbag.py:538} INFO - Filling up the DagBag from /home/airflow/.local/lib/python3.7/site-packages/airflow/example_dags/example_python_operator.py
[2023-01-06T18:37:55.941+0000] {logging_mixin.py:137} INFO - [2023-01-06T18:37:55.941+0000] {taskmixin.py:205} WARNING - Dependency <Task(_PythonDecoratedOperator): print_the_context>, log_sql_query already registered for DAG: example_python_operator
[2023-01-06T18:37:55.941+0000] {logging_mixin.py:137} INFO - [2023-01-06T18:37:55.941+0000] {taskmixin.py:205} WARNING - Dependency <Task(_PythonDecoratedOperator): log_sql_query>, print_the_context already registered for DAG: example_python_operator
[2023-01-06T18:37:55.941+0000] {logging_mixin.py:137} INFO - [2023-01-06T18:37:55.941+0000] {taskmixin.py:205} WARNING - Dependency <Task(_PythonDecoratedOperator): print_the_context>, log_sql_query already registered for DAG: example_python_operator
[2023-01-06T18:37:55.942+0000] {logging_mixin.py:137} INFO - [2023-01-06T18:37:55.942+0000] {taskmixin.py:205} WARNING - Dependency <Task(_PythonDecoratedOperator): log_sql_query>, print_the_context already registered for DAG: example_python_operator
[2023-01-06T18:37:55.942+0000] {logging_mixin.py:137} INFO - [2023-01-06T18:37:55.942+0000] {taskmixin.py:205} WARNING - Dependency <Task(_PythonDecoratedOperator): print_the_context>, log_sql_query already registered for DAG: example_python_operator
[2023-01-06T18:37:55.942+0000] {logging_mixin.py:137} INFO - [2023-01-06T18:37:55.942+0000] {taskmixin.py:205} WARNING - Dependency <Task(_PythonDecoratedOperator): log_sql_query>, print_the_context already registered for DAG: example_python_operator
[2023-01-06T18:37:55.943+0000] {logging_mixin.py:137} INFO - [2023-01-06T18:37:55.943+0000] {taskmixin.py:205} WARNING - Dependency <Task(_PythonDecoratedOperator): print_the_context>, log_sql_query already registered for DAG: example_python_operator
[2023-01-06T18:37:55.943+0000] {logging_mixin.py:137} INFO - [2023-01-06T18:37:55.943+0000] {taskmixin.py:205} WARNING - Dependency <Task(_PythonDecoratedOperator): log_sql_query>, print_the_context already registered for DAG: example_python_operator
[2023-01-06T18:37:55.948+0000] {processor.py:753} INFO - DAG(s) dict_keys(['example_python_operator']) retrieved from /home/airflow/.local/lib/python3.7/site-packages/airflow/example_dags/example_python_operator.py
[2023-01-06T18:37:55.981+0000] {logging_mixin.py:137} INFO - [2023-01-06T18:37:55.981+0000] {dag.py:2676} INFO - Sync 1 DAGs
[2023-01-06T18:37:56.001+0000] {logging_mixin.py:137} INFO - [2023-01-06T18:37:56.000+0000] {dag.py:3427} INFO - Setting next_dagrun for example_python_operator to None, run_after=None
[2023-01-06T18:37:56.015+0000] {processor.py:175} INFO - Processing /home/airflow/.local/lib/python3.7/site-packages/airflow/example_dags/example_python_operator.py took 0.093 seconds
[2023-01-06T18:38:26.370+0000] {processor.py:153} INFO - Started process (PID=283) to work on /home/airflow/.local/lib/python3.7/site-packages/airflow/example_dags/example_python_operator.py
[2023-01-06T18:38:26.371+0000] {processor.py:743} INFO - Processing file /home/airflow/.local/lib/python3.7/site-packages/airflow/example_dags/example_python_operator.py for tasks to queue
[2023-01-06T18:38:26.372+0000] {logging_mixin.py:137} INFO - [2023-01-06T18:38:26.371+0000] {dagbag.py:538} INFO - Filling up the DagBag from /home/airflow/.local/lib/python3.7/site-packages/airflow/example_dags/example_python_operator.py
[2023-01-06T18:38:26.393+0000] {logging_mixin.py:137} INFO - [2023-01-06T18:38:26.393+0000] {taskmixin.py:205} WARNING - Dependency <Task(_PythonDecoratedOperator): print_the_context>, log_sql_query already registered for DAG: example_python_operator
[2023-01-06T18:38:26.394+0000] {logging_mixin.py:137} INFO - [2023-01-06T18:38:26.394+0000] {taskmixin.py:205} WARNING - Dependency <Task(_PythonDecoratedOperator): log_sql_query>, print_the_context already registered for DAG: example_python_operator
[2023-01-06T18:38:26.395+0000] {logging_mixin.py:137} INFO - [2023-01-06T18:38:26.394+0000] {taskmixin.py:205} WARNING - Dependency <Task(_PythonDecoratedOperator): print_the_context>, log_sql_query already registered for DAG: example_python_operator
[2023-01-06T18:38:26.395+0000] {logging_mixin.py:137} INFO - [2023-01-06T18:38:26.395+0000] {taskmixin.py:205} WARNING - Dependency <Task(_PythonDecoratedOperator): log_sql_query>, print_the_context already registered for DAG: example_python_operator
[2023-01-06T18:38:26.395+0000] {logging_mixin.py:137} INFO - [2023-01-06T18:38:26.395+0000] {taskmixin.py:205} WARNING - Dependency <Task(_PythonDecoratedOperator): print_the_context>, log_sql_query already registered for DAG: example_python_operator
[2023-01-06T18:38:26.396+0000] {logging_mixin.py:137} INFO - [2023-01-06T18:38:26.396+0000] {taskmixin.py:205} WARNING - Dependency <Task(_PythonDecoratedOperator): log_sql_query>, print_the_context already registered for DAG: example_python_operator
[2023-01-06T18:38:26.396+0000] {logging_mixin.py:137} INFO - [2023-01-06T18:38:26.396+0000] {taskmixin.py:205} WARNING - Dependency <Task(_PythonDecoratedOperator): print_the_context>, log_sql_query already registered for DAG: example_python_operator
[2023-01-06T18:38:26.397+0000] {logging_mixin.py:137} INFO - [2023-01-06T18:38:26.397+0000] {taskmixin.py:205} WARNING - Dependency <Task(_PythonDecoratedOperator): log_sql_query>, print_the_context already registered for DAG: example_python_operator
[2023-01-06T18:38:26.404+0000] {processor.py:753} INFO - DAG(s) dict_keys(['example_python_operator']) retrieved from /home/airflow/.local/lib/python3.7/site-packages/airflow/example_dags/example_python_operator.py
[2023-01-06T18:38:26.441+0000] {logging_mixin.py:137} INFO - [2023-01-06T18:38:26.441+0000] {dag.py:2676} INFO - Sync 1 DAGs
[2023-01-06T18:38:26.459+0000] {logging_mixin.py:137} INFO - [2023-01-06T18:38:26.459+0000] {dag.py:3427} INFO - Setting next_dagrun for example_python_operator to None, run_after=None
[2023-01-06T18:38:26.477+0000] {processor.py:175} INFO - Processing /home/airflow/.local/lib/python3.7/site-packages/airflow/example_dags/example_python_operator.py took 0.111 seconds
[2023-01-06T18:38:56.931+0000] {processor.py:153} INFO - Started process (PID=369) to work on /home/airflow/.local/lib/python3.7/site-packages/airflow/example_dags/example_python_operator.py
[2023-01-06T18:38:56.932+0000] {processor.py:743} INFO - Processing file /home/airflow/.local/lib/python3.7/site-packages/airflow/example_dags/example_python_operator.py for tasks to queue
[2023-01-06T18:38:56.933+0000] {logging_mixin.py:137} INFO - [2023-01-06T18:38:56.933+0000] {dagbag.py:538} INFO - Filling up the DagBag from /home/airflow/.local/lib/python3.7/site-packages/airflow/example_dags/example_python_operator.py
[2023-01-06T18:38:56.948+0000] {logging_mixin.py:137} INFO - [2023-01-06T18:38:56.947+0000] {taskmixin.py:205} WARNING - Dependency <Task(_PythonDecoratedOperator): print_the_context>, log_sql_query already registered for DAG: example_python_operator
[2023-01-06T18:38:56.948+0000] {logging_mixin.py:137} INFO - [2023-01-06T18:38:56.948+0000] {taskmixin.py:205} WARNING - Dependency <Task(_PythonDecoratedOperator): log_sql_query>, print_the_context already registered for DAG: example_python_operator
[2023-01-06T18:38:56.948+0000] {logging_mixin.py:137} INFO - [2023-01-06T18:38:56.948+0000] {taskmixin.py:205} WARNING - Dependency <Task(_PythonDecoratedOperator): print_the_context>, log_sql_query already registered for DAG: example_python_operator
[2023-01-06T18:38:56.948+0000] {logging_mixin.py:137} INFO - [2023-01-06T18:38:56.948+0000] {taskmixin.py:205} WARNING - Dependency <Task(_PythonDecoratedOperator): log_sql_query>, print_the_context already registered for DAG: example_python_operator
[2023-01-06T18:38:56.949+0000] {logging_mixin.py:137} INFO - [2023-01-06T18:38:56.949+0000] {taskmixin.py:205} WARNING - Dependency <Task(_PythonDecoratedOperator): print_the_context>, log_sql_query already registered for DAG: example_python_operator
[2023-01-06T18:38:56.949+0000] {logging_mixin.py:137} INFO - [2023-01-06T18:38:56.949+0000] {taskmixin.py:205} WARNING - Dependency <Task(_PythonDecoratedOperator): log_sql_query>, print_the_context already registered for DAG: example_python_operator
[2023-01-06T18:38:56.949+0000] {logging_mixin.py:137} INFO - [2023-01-06T18:38:56.949+0000] {taskmixin.py:205} WARNING - Dependency <Task(_PythonDecoratedOperator): print_the_context>, log_sql_query already registered for DAG: example_python_operator
[2023-01-06T18:38:56.950+0000] {logging_mixin.py:137} INFO - [2023-01-06T18:38:56.950+0000] {taskmixin.py:205} WARNING - Dependency <Task(_PythonDecoratedOperator): log_sql_query>, print_the_context already registered for DAG: example_python_operator
[2023-01-06T18:38:56.955+0000] {processor.py:753} INFO - DAG(s) dict_keys(['example_python_operator']) retrieved from /home/airflow/.local/lib/python3.7/site-packages/airflow/example_dags/example_python_operator.py
[2023-01-06T18:38:56.987+0000] {logging_mixin.py:137} INFO - [2023-01-06T18:38:56.987+0000] {dag.py:2676} INFO - Sync 1 DAGs
[2023-01-06T18:38:57.007+0000] {logging_mixin.py:137} INFO - [2023-01-06T18:38:57.007+0000] {dag.py:3427} INFO - Setting next_dagrun for example_python_operator to None, run_after=None
[2023-01-06T18:38:57.023+0000] {processor.py:175} INFO - Processing /home/airflow/.local/lib/python3.7/site-packages/airflow/example_dags/example_python_operator.py took 0.094 seconds
[2023-01-06T18:39:27.232+0000] {processor.py:153} INFO - Started process (PID=439) to work on /home/airflow/.local/lib/python3.7/site-packages/airflow/example_dags/example_python_operator.py
[2023-01-06T18:39:27.233+0000] {processor.py:743} INFO - Processing file /home/airflow/.local/lib/python3.7/site-packages/airflow/example_dags/example_python_operator.py for tasks to queue
[2023-01-06T18:39:27.234+0000] {logging_mixin.py:137} INFO - [2023-01-06T18:39:27.234+0000] {dagbag.py:538} INFO - Filling up the DagBag from /home/airflow/.local/lib/python3.7/site-packages/airflow/example_dags/example_python_operator.py
[2023-01-06T18:39:27.253+0000] {logging_mixin.py:137} INFO - [2023-01-06T18:39:27.253+0000] {taskmixin.py:205} WARNING - Dependency <Task(_PythonDecoratedOperator): print_the_context>, log_sql_query already registered for DAG: example_python_operator
[2023-01-06T18:39:27.254+0000] {logging_mixin.py:137} INFO - [2023-01-06T18:39:27.254+0000] {taskmixin.py:205} WARNING - Dependency <Task(_PythonDecoratedOperator): log_sql_query>, print_the_context already registered for DAG: example_python_operator
[2023-01-06T18:39:27.255+0000] {logging_mixin.py:137} INFO - [2023-01-06T18:39:27.254+0000] {taskmixin.py:205} WARNING - Dependency <Task(_PythonDecoratedOperator): print_the_context>, log_sql_query already registered for DAG: example_python_operator
[2023-01-06T18:39:27.255+0000] {logging_mixin.py:137} INFO - [2023-01-06T18:39:27.255+0000] {taskmixin.py:205} WARNING - Dependency <Task(_PythonDecoratedOperator): log_sql_query>, print_the_context already registered for DAG: example_python_operator
[2023-01-06T18:39:27.255+0000] {logging_mixin.py:137} INFO - [2023-01-06T18:39:27.255+0000] {taskmixin.py:205} WARNING - Dependency <Task(_PythonDecoratedOperator): print_the_context>, log_sql_query already registered for DAG: example_python_operator
[2023-01-06T18:39:27.256+0000] {logging_mixin.py:137} INFO - [2023-01-06T18:39:27.256+0000] {taskmixin.py:205} WARNING - Dependency <Task(_PythonDecoratedOperator): log_sql_query>, print_the_context already registered for DAG: example_python_operator
[2023-01-06T18:39:27.256+0000] {logging_mixin.py:137} INFO - [2023-01-06T18:39:27.256+0000] {taskmixin.py:205} WARNING - Dependency <Task(_PythonDecoratedOperator): print_the_context>, log_sql_query already registered for DAG: example_python_operator
[2023-01-06T18:39:27.257+0000] {logging_mixin.py:137} INFO - [2023-01-06T18:39:27.256+0000] {taskmixin.py:205} WARNING - Dependency <Task(_PythonDecoratedOperator): log_sql_query>, print_the_context already registered for DAG: example_python_operator
[2023-01-06T18:39:27.264+0000] {processor.py:753} INFO - DAG(s) dict_keys(['example_python_operator']) retrieved from /home/airflow/.local/lib/python3.7/site-packages/airflow/example_dags/example_python_operator.py
[2023-01-06T18:39:27.305+0000] {logging_mixin.py:137} INFO - [2023-01-06T18:39:27.304+0000] {dag.py:2676} INFO - Sync 1 DAGs
[2023-01-06T18:39:27.323+0000] {logging_mixin.py:137} INFO - [2023-01-06T18:39:27.323+0000] {dag.py:3427} INFO - Setting next_dagrun for example_python_operator to None, run_after=None
[2023-01-06T18:39:27.348+0000] {processor.py:175} INFO - Processing /home/airflow/.local/lib/python3.7/site-packages/airflow/example_dags/example_python_operator.py took 0.120 seconds
[2023-01-06T18:39:57.849+0000] {processor.py:153} INFO - Started process (PID=525) to work on /home/airflow/.local/lib/python3.7/site-packages/airflow/example_dags/example_python_operator.py
[2023-01-06T18:39:57.850+0000] {processor.py:743} INFO - Processing file /home/airflow/.local/lib/python3.7/site-packages/airflow/example_dags/example_python_operator.py for tasks to queue
[2023-01-06T18:39:57.850+0000] {logging_mixin.py:137} INFO - [2023-01-06T18:39:57.850+0000] {dagbag.py:538} INFO - Filling up the DagBag from /home/airflow/.local/lib/python3.7/site-packages/airflow/example_dags/example_python_operator.py
[2023-01-06T18:39:57.864+0000] {logging_mixin.py:137} INFO - [2023-01-06T18:39:57.864+0000] {taskmixin.py:205} WARNING - Dependency <Task(_PythonDecoratedOperator): print_the_context>, log_sql_query already registered for DAG: example_python_operator
[2023-01-06T18:39:57.865+0000] {logging_mixin.py:137} INFO - [2023-01-06T18:39:57.865+0000] {taskmixin.py:205} WARNING - Dependency <Task(_PythonDecoratedOperator): log_sql_query>, print_the_context already registered for DAG: example_python_operator
[2023-01-06T18:39:57.865+0000] {logging_mixin.py:137} INFO - [2023-01-06T18:39:57.865+0000] {taskmixin.py:205} WARNING - Dependency <Task(_PythonDecoratedOperator): print_the_context>, log_sql_query already registered for DAG: example_python_operator
[2023-01-06T18:39:57.865+0000] {logging_mixin.py:137} INFO - [2023-01-06T18:39:57.865+0000] {taskmixin.py:205} WARNING - Dependency <Task(_PythonDecoratedOperator): log_sql_query>, print_the_context already registered for DAG: example_python_operator
[2023-01-06T18:39:57.866+0000] {logging_mixin.py:137} INFO - [2023-01-06T18:39:57.866+0000] {taskmixin.py:205} WARNING - Dependency <Task(_PythonDecoratedOperator): print_the_context>, log_sql_query already registered for DAG: example_python_operator
[2023-01-06T18:39:57.866+0000] {logging_mixin.py:137} INFO - [2023-01-06T18:39:57.866+0000] {taskmixin.py:205} WARNING - Dependency <Task(_PythonDecoratedOperator): log_sql_query>, print_the_context already registered for DAG: example_python_operator
[2023-01-06T18:39:57.866+0000] {logging_mixin.py:137} INFO - [2023-01-06T18:39:57.866+0000] {taskmixin.py:205} WARNING - Dependency <Task(_PythonDecoratedOperator): print_the_context>, log_sql_query already registered for DAG: example_python_operator
[2023-01-06T18:39:57.867+0000] {logging_mixin.py:137} INFO - [2023-01-06T18:39:57.867+0000] {taskmixin.py:205} WARNING - Dependency <Task(_PythonDecoratedOperator): log_sql_query>, print_the_context already registered for DAG: example_python_operator
[2023-01-06T18:39:57.872+0000] {processor.py:753} INFO - DAG(s) dict_keys(['example_python_operator']) retrieved from /home/airflow/.local/lib/python3.7/site-packages/airflow/example_dags/example_python_operator.py
[2023-01-06T18:39:57.908+0000] {logging_mixin.py:137} INFO - [2023-01-06T18:39:57.908+0000] {dag.py:2676} INFO - Sync 1 DAGs
[2023-01-06T18:39:57.927+0000] {logging_mixin.py:137} INFO - [2023-01-06T18:39:57.927+0000] {dag.py:3427} INFO - Setting next_dagrun for example_python_operator to None, run_after=None
[2023-01-06T18:39:57.940+0000] {processor.py:175} INFO - Processing /home/airflow/.local/lib/python3.7/site-packages/airflow/example_dags/example_python_operator.py took 0.094 seconds
[2023-01-06T18:40:28.342+0000] {processor.py:153} INFO - Started process (PID=612) to work on /home/airflow/.local/lib/python3.7/site-packages/airflow/example_dags/example_python_operator.py
[2023-01-06T18:40:28.343+0000] {processor.py:743} INFO - Processing file /home/airflow/.local/lib/python3.7/site-packages/airflow/example_dags/example_python_operator.py for tasks to queue
[2023-01-06T18:40:28.343+0000] {logging_mixin.py:137} INFO - [2023-01-06T18:40:28.343+0000] {dagbag.py:538} INFO - Filling up the DagBag from /home/airflow/.local/lib/python3.7/site-packages/airflow/example_dags/example_python_operator.py
[2023-01-06T18:40:28.360+0000] {logging_mixin.py:137} INFO - [2023-01-06T18:40:28.360+0000] {taskmixin.py:205} WARNING - Dependency <Task(_PythonDecoratedOperator): print_the_context>, log_sql_query already registered for DAG: example_python_operator
[2023-01-06T18:40:28.361+0000] {logging_mixin.py:137} INFO - [2023-01-06T18:40:28.361+0000] {taskmixin.py:205} WARNING - Dependency <Task(_PythonDecoratedOperator): log_sql_query>, print_the_context already registered for DAG: example_python_operator
[2023-01-06T18:40:28.361+0000] {logging_mixin.py:137} INFO - [2023-01-06T18:40:28.361+0000] {taskmixin.py:205} WARNING - Dependency <Task(_PythonDecoratedOperator): print_the_context>, log_sql_query already registered for DAG: example_python_operator
[2023-01-06T18:40:28.361+0000] {logging_mixin.py:137} INFO - [2023-01-06T18:40:28.361+0000] {taskmixin.py:205} WARNING - Dependency <Task(_PythonDecoratedOperator): log_sql_query>, print_the_context already registered for DAG: example_python_operator
[2023-01-06T18:40:28.362+0000] {logging_mixin.py:137} INFO - [2023-01-06T18:40:28.362+0000] {taskmixin.py:205} WARNING - Dependency <Task(_PythonDecoratedOperator): print_the_context>, log_sql_query already registered for DAG: example_python_operator
[2023-01-06T18:40:28.362+0000] {logging_mixin.py:137} INFO - [2023-01-06T18:40:28.362+0000] {taskmixin.py:205} WARNING - Dependency <Task(_PythonDecoratedOperator): log_sql_query>, print_the_context already registered for DAG: example_python_operator
[2023-01-06T18:40:28.362+0000] {logging_mixin.py:137} INFO - [2023-01-06T18:40:28.362+0000] {taskmixin.py:205} WARNING - Dependency <Task(_PythonDecoratedOperator): print_the_context>, log_sql_query already registered for DAG: example_python_operator
[2023-01-06T18:40:28.363+0000] {logging_mixin.py:137} INFO - [2023-01-06T18:40:28.362+0000] {taskmixin.py:205} WARNING - Dependency <Task(_PythonDecoratedOperator): log_sql_query>, print_the_context already registered for DAG: example_python_operator
[2023-01-06T18:40:28.368+0000] {processor.py:753} INFO - DAG(s) dict_keys(['example_python_operator']) retrieved from /home/airflow/.local/lib/python3.7/site-packages/airflow/example_dags/example_python_operator.py
[2023-01-06T18:40:28.406+0000] {logging_mixin.py:137} INFO - [2023-01-06T18:40:28.406+0000] {dag.py:2676} INFO - Sync 1 DAGs
[2023-01-06T18:40:28.428+0000] {logging_mixin.py:137} INFO - [2023-01-06T18:40:28.427+0000] {dag.py:3427} INFO - Setting next_dagrun for example_python_operator to None, run_after=None
[2023-01-06T18:40:28.445+0000] {processor.py:175} INFO - Processing /home/airflow/.local/lib/python3.7/site-packages/airflow/example_dags/example_python_operator.py took 0.107 seconds
[2023-01-06T18:40:58.753+0000] {processor.py:153} INFO - Started process (PID=682) to work on /home/airflow/.local/lib/python3.7/site-packages/airflow/example_dags/example_python_operator.py
[2023-01-06T18:40:58.754+0000] {processor.py:743} INFO - Processing file /home/airflow/.local/lib/python3.7/site-packages/airflow/example_dags/example_python_operator.py for tasks to queue
[2023-01-06T18:40:58.755+0000] {logging_mixin.py:137} INFO - [2023-01-06T18:40:58.755+0000] {dagbag.py:538} INFO - Filling up the DagBag from /home/airflow/.local/lib/python3.7/site-packages/airflow/example_dags/example_python_operator.py
[2023-01-06T18:40:58.770+0000] {logging_mixin.py:137} INFO - [2023-01-06T18:40:58.770+0000] {taskmixin.py:205} WARNING - Dependency <Task(_PythonDecoratedOperator): print_the_context>, log_sql_query already registered for DAG: example_python_operator
[2023-01-06T18:40:58.771+0000] {logging_mixin.py:137} INFO - [2023-01-06T18:40:58.771+0000] {taskmixin.py:205} WARNING - Dependency <Task(_PythonDecoratedOperator): log_sql_query>, print_the_context already registered for DAG: example_python_operator
[2023-01-06T18:40:58.771+0000] {logging_mixin.py:137} INFO - [2023-01-06T18:40:58.771+0000] {taskmixin.py:205} WARNING - Dependency <Task(_PythonDecoratedOperator): print_the_context>, log_sql_query already registered for DAG: example_python_operator
[2023-01-06T18:40:58.771+0000] {logging_mixin.py:137} INFO - [2023-01-06T18:40:58.771+0000] {taskmixin.py:205} WARNING - Dependency <Task(_PythonDecoratedOperator): log_sql_query>, print_the_context already registered for DAG: example_python_operator
[2023-01-06T18:40:58.772+0000] {logging_mixin.py:137} INFO - [2023-01-06T18:40:58.772+0000] {taskmixin.py:205} WARNING - Dependency <Task(_PythonDecoratedOperator): print_the_context>, log_sql_query already registered for DAG: example_python_operator
[2023-01-06T18:40:58.772+0000] {logging_mixin.py:137} INFO - [2023-01-06T18:40:58.772+0000] {taskmixin.py:205} WARNING - Dependency <Task(_PythonDecoratedOperator): log_sql_query>, print_the_context already registered for DAG: example_python_operator
[2023-01-06T18:40:58.772+0000] {logging_mixin.py:137} INFO - [2023-01-06T18:40:58.772+0000] {taskmixin.py:205} WARNING - Dependency <Task(_PythonDecoratedOperator): print_the_context>, log_sql_query already registered for DAG: example_python_operator
[2023-01-06T18:40:58.773+0000] {logging_mixin.py:137} INFO - [2023-01-06T18:40:58.773+0000] {taskmixin.py:205} WARNING - Dependency <Task(_PythonDecoratedOperator): log_sql_query>, print_the_context already registered for DAG: example_python_operator
[2023-01-06T18:40:58.778+0000] {processor.py:753} INFO - DAG(s) dict_keys(['example_python_operator']) retrieved from /home/airflow/.local/lib/python3.7/site-packages/airflow/example_dags/example_python_operator.py
[2023-01-06T18:40:58.807+0000] {logging_mixin.py:137} INFO - [2023-01-06T18:40:58.807+0000] {dag.py:2676} INFO - Sync 1 DAGs
[2023-01-06T18:40:58.826+0000] {logging_mixin.py:137} INFO - [2023-01-06T18:40:58.826+0000] {dag.py:3427} INFO - Setting next_dagrun for example_python_operator to None, run_after=None
[2023-01-06T18:40:58.841+0000] {processor.py:175} INFO - Processing /home/airflow/.local/lib/python3.7/site-packages/airflow/example_dags/example_python_operator.py took 0.091 seconds
[2023-01-06T18:41:28.998+0000] {processor.py:153} INFO - Started process (PID=768) to work on /home/airflow/.local/lib/python3.7/site-packages/airflow/example_dags/example_python_operator.py
[2023-01-06T18:41:28.998+0000] {processor.py:743} INFO - Processing file /home/airflow/.local/lib/python3.7/site-packages/airflow/example_dags/example_python_operator.py for tasks to queue
[2023-01-06T18:41:28.999+0000] {logging_mixin.py:137} INFO - [2023-01-06T18:41:28.999+0000] {dagbag.py:538} INFO - Filling up the DagBag from /home/airflow/.local/lib/python3.7/site-packages/airflow/example_dags/example_python_operator.py
[2023-01-06T18:41:29.013+0000] {logging_mixin.py:137} INFO - [2023-01-06T18:41:29.013+0000] {taskmixin.py:205} WARNING - Dependency <Task(_PythonDecoratedOperator): print_the_context>, log_sql_query already registered for DAG: example_python_operator
[2023-01-06T18:41:29.013+0000] {logging_mixin.py:137} INFO - [2023-01-06T18:41:29.013+0000] {taskmixin.py:205} WARNING - Dependency <Task(_PythonDecoratedOperator): log_sql_query>, print_the_context already registered for DAG: example_python_operator
[2023-01-06T18:41:29.014+0000] {logging_mixin.py:137} INFO - [2023-01-06T18:41:29.014+0000] {taskmixin.py:205} WARNING - Dependency <Task(_PythonDecoratedOperator): print_the_context>, log_sql_query already registered for DAG: example_python_operator
[2023-01-06T18:41:29.014+0000] {logging_mixin.py:137} INFO - [2023-01-06T18:41:29.014+0000] {taskmixin.py:205} WARNING - Dependency <Task(_PythonDecoratedOperator): log_sql_query>, print_the_context already registered for DAG: example_python_operator
[2023-01-06T18:41:29.015+0000] {logging_mixin.py:137} INFO - [2023-01-06T18:41:29.015+0000] {taskmixin.py:205} WARNING - Dependency <Task(_PythonDecoratedOperator): print_the_context>, log_sql_query already registered for DAG: example_python_operator
[2023-01-06T18:41:29.015+0000] {logging_mixin.py:137} INFO - [2023-01-06T18:41:29.015+0000] {taskmixin.py:205} WARNING - Dependency <Task(_PythonDecoratedOperator): log_sql_query>, print_the_context already registered for DAG: example_python_operator
[2023-01-06T18:41:29.015+0000] {logging_mixin.py:137} INFO - [2023-01-06T18:41:29.015+0000] {taskmixin.py:205} WARNING - Dependency <Task(_PythonDecoratedOperator): print_the_context>, log_sql_query already registered for DAG: example_python_operator
[2023-01-06T18:41:29.015+0000] {logging_mixin.py:137} INFO - [2023-01-06T18:41:29.015+0000] {taskmixin.py:205} WARNING - Dependency <Task(_PythonDecoratedOperator): log_sql_query>, print_the_context already registered for DAG: example_python_operator
[2023-01-06T18:41:29.020+0000] {processor.py:753} INFO - DAG(s) dict_keys(['example_python_operator']) retrieved from /home/airflow/.local/lib/python3.7/site-packages/airflow/example_dags/example_python_operator.py
[2023-01-06T18:41:29.050+0000] {logging_mixin.py:137} INFO - [2023-01-06T18:41:29.050+0000] {dag.py:2676} INFO - Sync 1 DAGs
[2023-01-06T18:41:29.070+0000] {logging_mixin.py:137} INFO - [2023-01-06T18:41:29.069+0000] {dag.py:3427} INFO - Setting next_dagrun for example_python_operator to None, run_after=None
[2023-01-06T18:41:29.083+0000] {processor.py:175} INFO - Processing /home/airflow/.local/lib/python3.7/site-packages/airflow/example_dags/example_python_operator.py took 0.089 seconds
[2023-01-06T18:41:59.640+0000] {processor.py:153} INFO - Started process (PID=853) to work on /home/airflow/.local/lib/python3.7/site-packages/airflow/example_dags/example_python_operator.py
[2023-01-06T18:41:59.662+0000] {processor.py:743} INFO - Processing file /home/airflow/.local/lib/python3.7/site-packages/airflow/example_dags/example_python_operator.py for tasks to queue
[2023-01-06T18:41:59.671+0000] {logging_mixin.py:137} INFO - [2023-01-06T18:41:59.671+0000] {dagbag.py:538} INFO - Filling up the DagBag from /home/airflow/.local/lib/python3.7/site-packages/airflow/example_dags/example_python_operator.py
[2023-01-06T18:41:59.712+0000] {logging_mixin.py:137} INFO - [2023-01-06T18:41:59.712+0000] {taskmixin.py:205} WARNING - Dependency <Task(_PythonDecoratedOperator): print_the_context>, log_sql_query already registered for DAG: example_python_operator
[2023-01-06T18:41:59.712+0000] {logging_mixin.py:137} INFO - [2023-01-06T18:41:59.712+0000] {taskmixin.py:205} WARNING - Dependency <Task(_PythonDecoratedOperator): log_sql_query>, print_the_context already registered for DAG: example_python_operator
[2023-01-06T18:41:59.713+0000] {logging_mixin.py:137} INFO - [2023-01-06T18:41:59.713+0000] {taskmixin.py:205} WARNING - Dependency <Task(_PythonDecoratedOperator): print_the_context>, log_sql_query already registered for DAG: example_python_operator
[2023-01-06T18:41:59.713+0000] {logging_mixin.py:137} INFO - [2023-01-06T18:41:59.713+0000] {taskmixin.py:205} WARNING - Dependency <Task(_PythonDecoratedOperator): log_sql_query>, print_the_context already registered for DAG: example_python_operator
[2023-01-06T18:41:59.714+0000] {logging_mixin.py:137} INFO - [2023-01-06T18:41:59.714+0000] {taskmixin.py:205} WARNING - Dependency <Task(_PythonDecoratedOperator): print_the_context>, log_sql_query already registered for DAG: example_python_operator
[2023-01-06T18:41:59.714+0000] {logging_mixin.py:137} INFO - [2023-01-06T18:41:59.714+0000] {taskmixin.py:205} WARNING - Dependency <Task(_PythonDecoratedOperator): log_sql_query>, print_the_context already registered for DAG: example_python_operator
[2023-01-06T18:41:59.715+0000] {logging_mixin.py:137} INFO - [2023-01-06T18:41:59.714+0000] {taskmixin.py:205} WARNING - Dependency <Task(_PythonDecoratedOperator): print_the_context>, log_sql_query already registered for DAG: example_python_operator
[2023-01-06T18:41:59.715+0000] {logging_mixin.py:137} INFO - [2023-01-06T18:41:59.715+0000] {taskmixin.py:205} WARNING - Dependency <Task(_PythonDecoratedOperator): log_sql_query>, print_the_context already registered for DAG: example_python_operator
[2023-01-06T18:41:59.720+0000] {processor.py:753} INFO - DAG(s) dict_keys(['example_python_operator']) retrieved from /home/airflow/.local/lib/python3.7/site-packages/airflow/example_dags/example_python_operator.py
[2023-01-06T18:41:59.764+0000] {logging_mixin.py:137} INFO - [2023-01-06T18:41:59.764+0000] {dag.py:2676} INFO - Sync 1 DAGs
[2023-01-06T18:41:59.795+0000] {logging_mixin.py:137} INFO - [2023-01-06T18:41:59.795+0000] {dag.py:3427} INFO - Setting next_dagrun for example_python_operator to None, run_after=None
[2023-01-06T18:41:59.831+0000] {processor.py:175} INFO - Processing /home/airflow/.local/lib/python3.7/site-packages/airflow/example_dags/example_python_operator.py took 0.206 seconds
