[2023-01-06T18:36:55.496+0000] {processor.py:153} INFO - Started process (PID=50) to work on /home/airflow/.local/lib/python3.7/site-packages/airflow/example_dags/example_bash_operator.py
[2023-01-06T18:36:55.496+0000] {processor.py:743} INFO - Processing file /home/airflow/.local/lib/python3.7/site-packages/airflow/example_dags/example_bash_operator.py for tasks to queue
[2023-01-06T18:36:55.497+0000] {logging_mixin.py:137} INFO - [2023-01-06T18:36:55.497+0000] {dagbag.py:538} INFO - Filling up the DagBag from /home/airflow/.local/lib/python3.7/site-packages/airflow/example_dags/example_bash_operator.py
[2023-01-06T18:36:55.516+0000] {processor.py:753} INFO - DAG(s) dict_keys(['example_bash_operator']) retrieved from /home/airflow/.local/lib/python3.7/site-packages/airflow/example_dags/example_bash_operator.py
[2023-01-06T18:36:55.545+0000] {logging_mixin.py:137} INFO - [2023-01-06T18:36:55.545+0000] {dag.py:2676} INFO - Sync 1 DAGs
[2023-01-06T18:36:55.566+0000] {logging_mixin.py:137} INFO - [2023-01-06T18:36:55.566+0000] {dag.py:3427} INFO - Setting next_dagrun for example_bash_operator to 2023-01-05T00:00:00+00:00, run_after=2023-01-06T00:00:00+00:00
[2023-01-06T18:36:55.583+0000] {processor.py:175} INFO - Processing /home/airflow/.local/lib/python3.7/site-packages/airflow/example_dags/example_bash_operator.py took 0.090 seconds
[2023-01-06T18:37:26.184+0000] {processor.py:153} INFO - Started process (PID=136) to work on /home/airflow/.local/lib/python3.7/site-packages/airflow/example_dags/example_bash_operator.py
[2023-01-06T18:37:26.185+0000] {processor.py:743} INFO - Processing file /home/airflow/.local/lib/python3.7/site-packages/airflow/example_dags/example_bash_operator.py for tasks to queue
[2023-01-06T18:37:26.186+0000] {logging_mixin.py:137} INFO - [2023-01-06T18:37:26.185+0000] {dagbag.py:538} INFO - Filling up the DagBag from /home/airflow/.local/lib/python3.7/site-packages/airflow/example_dags/example_bash_operator.py
[2023-01-06T18:37:26.205+0000] {processor.py:753} INFO - DAG(s) dict_keys(['example_bash_operator']) retrieved from /home/airflow/.local/lib/python3.7/site-packages/airflow/example_dags/example_bash_operator.py
[2023-01-06T18:37:26.240+0000] {logging_mixin.py:137} INFO - [2023-01-06T18:37:26.240+0000] {dag.py:2676} INFO - Sync 1 DAGs
[2023-01-06T18:37:26.261+0000] {logging_mixin.py:137} INFO - [2023-01-06T18:37:26.260+0000] {dag.py:3427} INFO - Setting next_dagrun for example_bash_operator to 2023-01-05T00:00:00+00:00, run_after=2023-01-06T00:00:00+00:00
[2023-01-06T18:37:26.274+0000] {processor.py:175} INFO - Processing /home/airflow/.local/lib/python3.7/site-packages/airflow/example_dags/example_bash_operator.py took 0.092 seconds
[2023-01-06T18:37:56.591+0000] {processor.py:153} INFO - Started process (PID=222) to work on /home/airflow/.local/lib/python3.7/site-packages/airflow/example_dags/example_bash_operator.py
[2023-01-06T18:37:56.592+0000] {processor.py:743} INFO - Processing file /home/airflow/.local/lib/python3.7/site-packages/airflow/example_dags/example_bash_operator.py for tasks to queue
[2023-01-06T18:37:56.592+0000] {logging_mixin.py:137} INFO - [2023-01-06T18:37:56.592+0000] {dagbag.py:538} INFO - Filling up the DagBag from /home/airflow/.local/lib/python3.7/site-packages/airflow/example_dags/example_bash_operator.py
[2023-01-06T18:37:56.618+0000] {processor.py:753} INFO - DAG(s) dict_keys(['example_bash_operator']) retrieved from /home/airflow/.local/lib/python3.7/site-packages/airflow/example_dags/example_bash_operator.py
[2023-01-06T18:37:56.664+0000] {logging_mixin.py:137} INFO - [2023-01-06T18:37:56.664+0000] {dag.py:2676} INFO - Sync 1 DAGs
[2023-01-06T18:37:56.686+0000] {logging_mixin.py:137} INFO - [2023-01-06T18:37:56.686+0000] {dag.py:3427} INFO - Setting next_dagrun for example_bash_operator to 2023-01-05T00:00:00+00:00, run_after=2023-01-06T00:00:00+00:00
[2023-01-06T18:37:56.703+0000] {processor.py:175} INFO - Processing /home/airflow/.local/lib/python3.7/site-packages/airflow/example_dags/example_bash_operator.py took 0.116 seconds
[2023-01-06T18:38:27.023+0000] {processor.py:153} INFO - Started process (PID=292) to work on /home/airflow/.local/lib/python3.7/site-packages/airflow/example_dags/example_bash_operator.py
[2023-01-06T18:38:27.024+0000] {processor.py:743} INFO - Processing file /home/airflow/.local/lib/python3.7/site-packages/airflow/example_dags/example_bash_operator.py for tasks to queue
[2023-01-06T18:38:27.025+0000] {logging_mixin.py:137} INFO - [2023-01-06T18:38:27.025+0000] {dagbag.py:538} INFO - Filling up the DagBag from /home/airflow/.local/lib/python3.7/site-packages/airflow/example_dags/example_bash_operator.py
[2023-01-06T18:38:27.044+0000] {processor.py:753} INFO - DAG(s) dict_keys(['example_bash_operator']) retrieved from /home/airflow/.local/lib/python3.7/site-packages/airflow/example_dags/example_bash_operator.py
[2023-01-06T18:38:27.082+0000] {logging_mixin.py:137} INFO - [2023-01-06T18:38:27.082+0000] {dag.py:2676} INFO - Sync 1 DAGs
[2023-01-06T18:38:27.101+0000] {logging_mixin.py:137} INFO - [2023-01-06T18:38:27.101+0000] {dag.py:3427} INFO - Setting next_dagrun for example_bash_operator to 2023-01-05T00:00:00+00:00, run_after=2023-01-06T00:00:00+00:00
[2023-01-06T18:38:27.117+0000] {processor.py:175} INFO - Processing /home/airflow/.local/lib/python3.7/site-packages/airflow/example_dags/example_bash_operator.py took 0.097 seconds
[2023-01-06T18:38:57.463+0000] {processor.py:153} INFO - Started process (PID=378) to work on /home/airflow/.local/lib/python3.7/site-packages/airflow/example_dags/example_bash_operator.py
[2023-01-06T18:38:57.464+0000] {processor.py:743} INFO - Processing file /home/airflow/.local/lib/python3.7/site-packages/airflow/example_dags/example_bash_operator.py for tasks to queue
[2023-01-06T18:38:57.464+0000] {logging_mixin.py:137} INFO - [2023-01-06T18:38:57.464+0000] {dagbag.py:538} INFO - Filling up the DagBag from /home/airflow/.local/lib/python3.7/site-packages/airflow/example_dags/example_bash_operator.py
[2023-01-06T18:38:57.483+0000] {processor.py:753} INFO - DAG(s) dict_keys(['example_bash_operator']) retrieved from /home/airflow/.local/lib/python3.7/site-packages/airflow/example_dags/example_bash_operator.py
[2023-01-06T18:38:57.519+0000] {logging_mixin.py:137} INFO - [2023-01-06T18:38:57.519+0000] {dag.py:2676} INFO - Sync 1 DAGs
[2023-01-06T18:38:57.540+0000] {logging_mixin.py:137} INFO - [2023-01-06T18:38:57.539+0000] {dag.py:3427} INFO - Setting next_dagrun for example_bash_operator to 2023-01-05T00:00:00+00:00, run_after=2023-01-06T00:00:00+00:00
[2023-01-06T18:38:57.556+0000] {processor.py:175} INFO - Processing /home/airflow/.local/lib/python3.7/site-packages/airflow/example_dags/example_bash_operator.py took 0.096 seconds
[2023-01-06T18:39:27.769+0000] {processor.py:153} INFO - Started process (PID=448) to work on /home/airflow/.local/lib/python3.7/site-packages/airflow/example_dags/example_bash_operator.py
[2023-01-06T18:39:27.770+0000] {processor.py:743} INFO - Processing file /home/airflow/.local/lib/python3.7/site-packages/airflow/example_dags/example_bash_operator.py for tasks to queue
[2023-01-06T18:39:27.771+0000] {logging_mixin.py:137} INFO - [2023-01-06T18:39:27.771+0000] {dagbag.py:538} INFO - Filling up the DagBag from /home/airflow/.local/lib/python3.7/site-packages/airflow/example_dags/example_bash_operator.py
[2023-01-06T18:39:27.788+0000] {processor.py:753} INFO - DAG(s) dict_keys(['example_bash_operator']) retrieved from /home/airflow/.local/lib/python3.7/site-packages/airflow/example_dags/example_bash_operator.py
[2023-01-06T18:39:27.823+0000] {logging_mixin.py:137} INFO - [2023-01-06T18:39:27.823+0000] {dag.py:2676} INFO - Sync 1 DAGs
[2023-01-06T18:39:27.842+0000] {logging_mixin.py:137} INFO - [2023-01-06T18:39:27.842+0000] {dag.py:3427} INFO - Setting next_dagrun for example_bash_operator to 2023-01-05T00:00:00+00:00, run_after=2023-01-06T00:00:00+00:00
[2023-01-06T18:39:27.855+0000] {processor.py:175} INFO - Processing /home/airflow/.local/lib/python3.7/site-packages/airflow/example_dags/example_bash_operator.py took 0.089 seconds
[2023-01-06T18:39:58.352+0000] {processor.py:153} INFO - Started process (PID=534) to work on /home/airflow/.local/lib/python3.7/site-packages/airflow/example_dags/example_bash_operator.py
[2023-01-06T18:39:58.353+0000] {processor.py:743} INFO - Processing file /home/airflow/.local/lib/python3.7/site-packages/airflow/example_dags/example_bash_operator.py for tasks to queue
[2023-01-06T18:39:58.353+0000] {logging_mixin.py:137} INFO - [2023-01-06T18:39:58.353+0000] {dagbag.py:538} INFO - Filling up the DagBag from /home/airflow/.local/lib/python3.7/site-packages/airflow/example_dags/example_bash_operator.py
[2023-01-06T18:39:58.370+0000] {processor.py:753} INFO - DAG(s) dict_keys(['example_bash_operator']) retrieved from /home/airflow/.local/lib/python3.7/site-packages/airflow/example_dags/example_bash_operator.py
[2023-01-06T18:39:58.405+0000] {logging_mixin.py:137} INFO - [2023-01-06T18:39:58.405+0000] {dag.py:2676} INFO - Sync 1 DAGs
[2023-01-06T18:39:58.426+0000] {logging_mixin.py:137} INFO - [2023-01-06T18:39:58.426+0000] {dag.py:3427} INFO - Setting next_dagrun for example_bash_operator to 2023-01-05T00:00:00+00:00, run_after=2023-01-06T00:00:00+00:00
[2023-01-06T18:39:58.440+0000] {processor.py:175} INFO - Processing /home/airflow/.local/lib/python3.7/site-packages/airflow/example_dags/example_bash_operator.py took 0.091 seconds
[2023-01-06T18:40:28.940+0000] {processor.py:153} INFO - Started process (PID=621) to work on /home/airflow/.local/lib/python3.7/site-packages/airflow/example_dags/example_bash_operator.py
[2023-01-06T18:40:28.941+0000] {processor.py:743} INFO - Processing file /home/airflow/.local/lib/python3.7/site-packages/airflow/example_dags/example_bash_operator.py for tasks to queue
[2023-01-06T18:40:28.942+0000] {logging_mixin.py:137} INFO - [2023-01-06T18:40:28.942+0000] {dagbag.py:538} INFO - Filling up the DagBag from /home/airflow/.local/lib/python3.7/site-packages/airflow/example_dags/example_bash_operator.py
[2023-01-06T18:40:28.966+0000] {processor.py:753} INFO - DAG(s) dict_keys(['example_bash_operator']) retrieved from /home/airflow/.local/lib/python3.7/site-packages/airflow/example_dags/example_bash_operator.py
[2023-01-06T18:40:29.019+0000] {logging_mixin.py:137} INFO - [2023-01-06T18:40:29.019+0000] {dag.py:2676} INFO - Sync 1 DAGs
[2023-01-06T18:40:29.048+0000] {logging_mixin.py:137} INFO - [2023-01-06T18:40:29.048+0000] {dag.py:3427} INFO - Setting next_dagrun for example_bash_operator to 2023-01-05T00:00:00+00:00, run_after=2023-01-06T00:00:00+00:00
[2023-01-06T18:40:29.067+0000] {processor.py:175} INFO - Processing /home/airflow/.local/lib/python3.7/site-packages/airflow/example_dags/example_bash_operator.py took 0.130 seconds
[2023-01-06T18:40:59.323+0000] {processor.py:153} INFO - Started process (PID=691) to work on /home/airflow/.local/lib/python3.7/site-packages/airflow/example_dags/example_bash_operator.py
[2023-01-06T18:40:59.324+0000] {processor.py:743} INFO - Processing file /home/airflow/.local/lib/python3.7/site-packages/airflow/example_dags/example_bash_operator.py for tasks to queue
[2023-01-06T18:40:59.324+0000] {logging_mixin.py:137} INFO - [2023-01-06T18:40:59.324+0000] {dagbag.py:538} INFO - Filling up the DagBag from /home/airflow/.local/lib/python3.7/site-packages/airflow/example_dags/example_bash_operator.py
[2023-01-06T18:40:59.341+0000] {processor.py:753} INFO - DAG(s) dict_keys(['example_bash_operator']) retrieved from /home/airflow/.local/lib/python3.7/site-packages/airflow/example_dags/example_bash_operator.py
[2023-01-06T18:40:59.377+0000] {logging_mixin.py:137} INFO - [2023-01-06T18:40:59.377+0000] {dag.py:2676} INFO - Sync 1 DAGs
[2023-01-06T18:40:59.395+0000] {logging_mixin.py:137} INFO - [2023-01-06T18:40:59.395+0000] {dag.py:3427} INFO - Setting next_dagrun for example_bash_operator to 2023-01-05T00:00:00+00:00, run_after=2023-01-06T00:00:00+00:00
[2023-01-06T18:40:59.411+0000] {processor.py:175} INFO - Processing /home/airflow/.local/lib/python3.7/site-packages/airflow/example_dags/example_bash_operator.py took 0.091 seconds
[2023-01-06T18:41:29.601+0000] {processor.py:153} INFO - Started process (PID=777) to work on /home/airflow/.local/lib/python3.7/site-packages/airflow/example_dags/example_bash_operator.py
[2023-01-06T18:41:29.602+0000] {processor.py:743} INFO - Processing file /home/airflow/.local/lib/python3.7/site-packages/airflow/example_dags/example_bash_operator.py for tasks to queue
[2023-01-06T18:41:29.602+0000] {logging_mixin.py:137} INFO - [2023-01-06T18:41:29.602+0000] {dagbag.py:538} INFO - Filling up the DagBag from /home/airflow/.local/lib/python3.7/site-packages/airflow/example_dags/example_bash_operator.py
[2023-01-06T18:41:29.620+0000] {processor.py:753} INFO - DAG(s) dict_keys(['example_bash_operator']) retrieved from /home/airflow/.local/lib/python3.7/site-packages/airflow/example_dags/example_bash_operator.py
[2023-01-06T18:41:29.656+0000] {logging_mixin.py:137} INFO - [2023-01-06T18:41:29.656+0000] {dag.py:2676} INFO - Sync 1 DAGs
[2023-01-06T18:41:29.675+0000] {logging_mixin.py:137} INFO - [2023-01-06T18:41:29.675+0000] {dag.py:3427} INFO - Setting next_dagrun for example_bash_operator to 2023-01-05T00:00:00+00:00, run_after=2023-01-06T00:00:00+00:00
[2023-01-06T18:41:29.689+0000] {processor.py:175} INFO - Processing /home/airflow/.local/lib/python3.7/site-packages/airflow/example_dags/example_bash_operator.py took 0.091 seconds
[2023-01-06T18:42:00.580+0000] {processor.py:153} INFO - Started process (PID=862) to work on /home/airflow/.local/lib/python3.7/site-packages/airflow/example_dags/example_bash_operator.py
[2023-01-06T18:42:00.582+0000] {processor.py:743} INFO - Processing file /home/airflow/.local/lib/python3.7/site-packages/airflow/example_dags/example_bash_operator.py for tasks to queue
[2023-01-06T18:42:00.582+0000] {logging_mixin.py:137} INFO - [2023-01-06T18:42:00.582+0000] {dagbag.py:538} INFO - Filling up the DagBag from /home/airflow/.local/lib/python3.7/site-packages/airflow/example_dags/example_bash_operator.py
[2023-01-06T18:42:00.606+0000] {processor.py:753} INFO - DAG(s) dict_keys(['example_bash_operator']) retrieved from /home/airflow/.local/lib/python3.7/site-packages/airflow/example_dags/example_bash_operator.py
[2023-01-06T18:42:00.652+0000] {logging_mixin.py:137} INFO - [2023-01-06T18:42:00.652+0000] {dag.py:2676} INFO - Sync 1 DAGs
[2023-01-06T18:42:00.675+0000] {logging_mixin.py:137} INFO - [2023-01-06T18:42:00.675+0000] {dag.py:3427} INFO - Setting next_dagrun for example_bash_operator to 2023-01-05T00:00:00+00:00, run_after=2023-01-06T00:00:00+00:00
[2023-01-06T18:42:00.693+0000] {processor.py:175} INFO - Processing /home/airflow/.local/lib/python3.7/site-packages/airflow/example_dags/example_bash_operator.py took 0.116 seconds
