[2023-01-06T18:36:54.679+0000] {processor.py:153} INFO - Started process (PID=38) to work on /home/airflow/.local/lib/python3.7/site-packages/airflow/example_dags/example_branch_operator_decorator.py
[2023-01-06T18:36:54.680+0000] {processor.py:743} INFO - Processing file /home/airflow/.local/lib/python3.7/site-packages/airflow/example_dags/example_branch_operator_decorator.py for tasks to queue
[2023-01-06T18:36:54.681+0000] {logging_mixin.py:137} INFO - [2023-01-06T18:36:54.681+0000] {dagbag.py:538} INFO - Filling up the DagBag from /home/airflow/.local/lib/python3.7/site-packages/airflow/example_dags/example_branch_operator_decorator.py
[2023-01-06T18:36:54.743+0000] {processor.py:753} INFO - DAG(s) dict_keys(['example_branch_python_operator_decorator']) retrieved from /home/airflow/.local/lib/python3.7/site-packages/airflow/example_dags/example_branch_operator_decorator.py
[2023-01-06T18:36:54.773+0000] {logging_mixin.py:137} INFO - [2023-01-06T18:36:54.773+0000] {dag.py:2676} INFO - Sync 1 DAGs
[2023-01-06T18:36:54.810+0000] {logging_mixin.py:137} INFO - [2023-01-06T18:36:54.810+0000] {dag.py:3427} INFO - Setting next_dagrun for example_branch_python_operator_decorator to 2023-01-05T00:00:00+00:00, run_after=2023-01-06T00:00:00+00:00
[2023-01-06T18:36:54.839+0000] {processor.py:175} INFO - Processing /home/airflow/.local/lib/python3.7/site-packages/airflow/example_dags/example_branch_operator_decorator.py took 0.164 seconds
[2023-01-06T18:37:25.522+0000] {processor.py:153} INFO - Started process (PID=124) to work on /home/airflow/.local/lib/python3.7/site-packages/airflow/example_dags/example_branch_operator_decorator.py
[2023-01-06T18:37:25.523+0000] {processor.py:743} INFO - Processing file /home/airflow/.local/lib/python3.7/site-packages/airflow/example_dags/example_branch_operator_decorator.py for tasks to queue
[2023-01-06T18:37:25.524+0000] {logging_mixin.py:137} INFO - [2023-01-06T18:37:25.523+0000] {dagbag.py:538} INFO - Filling up the DagBag from /home/airflow/.local/lib/python3.7/site-packages/airflow/example_dags/example_branch_operator_decorator.py
[2023-01-06T18:37:25.551+0000] {processor.py:753} INFO - DAG(s) dict_keys(['example_branch_python_operator_decorator']) retrieved from /home/airflow/.local/lib/python3.7/site-packages/airflow/example_dags/example_branch_operator_decorator.py
[2023-01-06T18:37:25.593+0000] {logging_mixin.py:137} INFO - [2023-01-06T18:37:25.593+0000] {dag.py:2676} INFO - Sync 1 DAGs
[2023-01-06T18:37:25.616+0000] {logging_mixin.py:137} INFO - [2023-01-06T18:37:25.616+0000] {dag.py:3427} INFO - Setting next_dagrun for example_branch_python_operator_decorator to 2023-01-05T00:00:00+00:00, run_after=2023-01-06T00:00:00+00:00
[2023-01-06T18:37:25.640+0000] {processor.py:175} INFO - Processing /home/airflow/.local/lib/python3.7/site-packages/airflow/example_dags/example_branch_operator_decorator.py took 0.121 seconds
[2023-01-06T18:37:55.705+0000] {processor.py:153} INFO - Started process (PID=203) to work on /home/airflow/.local/lib/python3.7/site-packages/airflow/example_dags/example_branch_operator_decorator.py
[2023-01-06T18:37:55.706+0000] {processor.py:743} INFO - Processing file /home/airflow/.local/lib/python3.7/site-packages/airflow/example_dags/example_branch_operator_decorator.py for tasks to queue
[2023-01-06T18:37:55.707+0000] {logging_mixin.py:137} INFO - [2023-01-06T18:37:55.707+0000] {dagbag.py:538} INFO - Filling up the DagBag from /home/airflow/.local/lib/python3.7/site-packages/airflow/example_dags/example_branch_operator_decorator.py
[2023-01-06T18:37:55.728+0000] {processor.py:753} INFO - DAG(s) dict_keys(['example_branch_python_operator_decorator']) retrieved from /home/airflow/.local/lib/python3.7/site-packages/airflow/example_dags/example_branch_operator_decorator.py
[2023-01-06T18:37:55.760+0000] {logging_mixin.py:137} INFO - [2023-01-06T18:37:55.760+0000] {dag.py:2676} INFO - Sync 1 DAGs
[2023-01-06T18:37:55.781+0000] {logging_mixin.py:137} INFO - [2023-01-06T18:37:55.781+0000] {dag.py:3427} INFO - Setting next_dagrun for example_branch_python_operator_decorator to 2023-01-05T00:00:00+00:00, run_after=2023-01-06T00:00:00+00:00
[2023-01-06T18:37:55.806+0000] {processor.py:175} INFO - Processing /home/airflow/.local/lib/python3.7/site-packages/airflow/example_dags/example_branch_operator_decorator.py took 0.104 seconds
[2023-01-06T18:38:26.247+0000] {processor.py:153} INFO - Started process (PID=280) to work on /home/airflow/.local/lib/python3.7/site-packages/airflow/example_dags/example_branch_operator_decorator.py
[2023-01-06T18:38:26.248+0000] {processor.py:743} INFO - Processing file /home/airflow/.local/lib/python3.7/site-packages/airflow/example_dags/example_branch_operator_decorator.py for tasks to queue
[2023-01-06T18:38:26.249+0000] {logging_mixin.py:137} INFO - [2023-01-06T18:38:26.248+0000] {dagbag.py:538} INFO - Filling up the DagBag from /home/airflow/.local/lib/python3.7/site-packages/airflow/example_dags/example_branch_operator_decorator.py
[2023-01-06T18:38:26.270+0000] {processor.py:753} INFO - DAG(s) dict_keys(['example_branch_python_operator_decorator']) retrieved from /home/airflow/.local/lib/python3.7/site-packages/airflow/example_dags/example_branch_operator_decorator.py
[2023-01-06T18:38:26.301+0000] {logging_mixin.py:137} INFO - [2023-01-06T18:38:26.301+0000] {dag.py:2676} INFO - Sync 1 DAGs
[2023-01-06T18:38:26.321+0000] {logging_mixin.py:137} INFO - [2023-01-06T18:38:26.321+0000] {dag.py:3427} INFO - Setting next_dagrun for example_branch_python_operator_decorator to 2023-01-05T00:00:00+00:00, run_after=2023-01-06T00:00:00+00:00
[2023-01-06T18:38:26.344+0000] {processor.py:175} INFO - Processing /home/airflow/.local/lib/python3.7/site-packages/airflow/example_dags/example_branch_operator_decorator.py took 0.102 seconds
[2023-01-06T18:38:56.685+0000] {processor.py:153} INFO - Started process (PID=366) to work on /home/airflow/.local/lib/python3.7/site-packages/airflow/example_dags/example_branch_operator_decorator.py
[2023-01-06T18:38:56.687+0000] {processor.py:743} INFO - Processing file /home/airflow/.local/lib/python3.7/site-packages/airflow/example_dags/example_branch_operator_decorator.py for tasks to queue
[2023-01-06T18:38:56.688+0000] {logging_mixin.py:137} INFO - [2023-01-06T18:38:56.688+0000] {dagbag.py:538} INFO - Filling up the DagBag from /home/airflow/.local/lib/python3.7/site-packages/airflow/example_dags/example_branch_operator_decorator.py
[2023-01-06T18:38:56.719+0000] {processor.py:753} INFO - DAG(s) dict_keys(['example_branch_python_operator_decorator']) retrieved from /home/airflow/.local/lib/python3.7/site-packages/airflow/example_dags/example_branch_operator_decorator.py
[2023-01-06T18:38:56.755+0000] {logging_mixin.py:137} INFO - [2023-01-06T18:38:56.754+0000] {dag.py:2676} INFO - Sync 1 DAGs
[2023-01-06T18:38:56.779+0000] {logging_mixin.py:137} INFO - [2023-01-06T18:38:56.778+0000] {dag.py:3427} INFO - Setting next_dagrun for example_branch_python_operator_decorator to 2023-01-05T00:00:00+00:00, run_after=2023-01-06T00:00:00+00:00
[2023-01-06T18:38:56.805+0000] {processor.py:175} INFO - Processing /home/airflow/.local/lib/python3.7/site-packages/airflow/example_dags/example_branch_operator_decorator.py took 0.124 seconds
[2023-01-06T18:39:27.022+0000] {processor.py:153} INFO - Started process (PID=436) to work on /home/airflow/.local/lib/python3.7/site-packages/airflow/example_dags/example_branch_operator_decorator.py
[2023-01-06T18:39:27.022+0000] {processor.py:743} INFO - Processing file /home/airflow/.local/lib/python3.7/site-packages/airflow/example_dags/example_branch_operator_decorator.py for tasks to queue
[2023-01-06T18:39:27.023+0000] {logging_mixin.py:137} INFO - [2023-01-06T18:39:27.023+0000] {dagbag.py:538} INFO - Filling up the DagBag from /home/airflow/.local/lib/python3.7/site-packages/airflow/example_dags/example_branch_operator_decorator.py
[2023-01-06T18:39:27.046+0000] {processor.py:753} INFO - DAG(s) dict_keys(['example_branch_python_operator_decorator']) retrieved from /home/airflow/.local/lib/python3.7/site-packages/airflow/example_dags/example_branch_operator_decorator.py
[2023-01-06T18:39:27.076+0000] {logging_mixin.py:137} INFO - [2023-01-06T18:39:27.076+0000] {dag.py:2676} INFO - Sync 1 DAGs
[2023-01-06T18:39:27.095+0000] {logging_mixin.py:137} INFO - [2023-01-06T18:39:27.095+0000] {dag.py:3427} INFO - Setting next_dagrun for example_branch_python_operator_decorator to 2023-01-05T00:00:00+00:00, run_after=2023-01-06T00:00:00+00:00
[2023-01-06T18:39:27.118+0000] {processor.py:175} INFO - Processing /home/airflow/.local/lib/python3.7/site-packages/airflow/example_dags/example_branch_operator_decorator.py took 0.100 seconds
[2023-01-06T18:39:57.637+0000] {processor.py:153} INFO - Started process (PID=522) to work on /home/airflow/.local/lib/python3.7/site-packages/airflow/example_dags/example_branch_operator_decorator.py
[2023-01-06T18:39:57.638+0000] {processor.py:743} INFO - Processing file /home/airflow/.local/lib/python3.7/site-packages/airflow/example_dags/example_branch_operator_decorator.py for tasks to queue
[2023-01-06T18:39:57.638+0000] {logging_mixin.py:137} INFO - [2023-01-06T18:39:57.638+0000] {dagbag.py:538} INFO - Filling up the DagBag from /home/airflow/.local/lib/python3.7/site-packages/airflow/example_dags/example_branch_operator_decorator.py
[2023-01-06T18:39:57.662+0000] {processor.py:753} INFO - DAG(s) dict_keys(['example_branch_python_operator_decorator']) retrieved from /home/airflow/.local/lib/python3.7/site-packages/airflow/example_dags/example_branch_operator_decorator.py
[2023-01-06T18:39:57.692+0000] {logging_mixin.py:137} INFO - [2023-01-06T18:39:57.692+0000] {dag.py:2676} INFO - Sync 1 DAGs
[2023-01-06T18:39:57.710+0000] {logging_mixin.py:137} INFO - [2023-01-06T18:39:57.710+0000] {dag.py:3427} INFO - Setting next_dagrun for example_branch_python_operator_decorator to 2023-01-05T00:00:00+00:00, run_after=2023-01-06T00:00:00+00:00
[2023-01-06T18:39:57.735+0000] {processor.py:175} INFO - Processing /home/airflow/.local/lib/python3.7/site-packages/airflow/example_dags/example_branch_operator_decorator.py took 0.101 seconds
[2023-01-06T18:40:28.079+0000] {processor.py:153} INFO - Started process (PID=609) to work on /home/airflow/.local/lib/python3.7/site-packages/airflow/example_dags/example_branch_operator_decorator.py
[2023-01-06T18:40:28.080+0000] {processor.py:743} INFO - Processing file /home/airflow/.local/lib/python3.7/site-packages/airflow/example_dags/example_branch_operator_decorator.py for tasks to queue
[2023-01-06T18:40:28.081+0000] {logging_mixin.py:137} INFO - [2023-01-06T18:40:28.080+0000] {dagbag.py:538} INFO - Filling up the DagBag from /home/airflow/.local/lib/python3.7/site-packages/airflow/example_dags/example_branch_operator_decorator.py
[2023-01-06T18:40:28.106+0000] {processor.py:753} INFO - DAG(s) dict_keys(['example_branch_python_operator_decorator']) retrieved from /home/airflow/.local/lib/python3.7/site-packages/airflow/example_dags/example_branch_operator_decorator.py
[2023-01-06T18:40:28.148+0000] {logging_mixin.py:137} INFO - [2023-01-06T18:40:28.148+0000] {dag.py:2676} INFO - Sync 1 DAGs
[2023-01-06T18:40:28.174+0000] {logging_mixin.py:137} INFO - [2023-01-06T18:40:28.173+0000] {dag.py:3427} INFO - Setting next_dagrun for example_branch_python_operator_decorator to 2023-01-05T00:00:00+00:00, run_after=2023-01-06T00:00:00+00:00
[2023-01-06T18:40:28.191+0000] {processor.py:175} INFO - Processing /home/airflow/.local/lib/python3.7/site-packages/airflow/example_dags/example_branch_operator_decorator.py took 0.115 seconds
[2023-01-06T18:40:58.547+0000] {processor.py:153} INFO - Started process (PID=679) to work on /home/airflow/.local/lib/python3.7/site-packages/airflow/example_dags/example_branch_operator_decorator.py
[2023-01-06T18:40:58.547+0000] {processor.py:743} INFO - Processing file /home/airflow/.local/lib/python3.7/site-packages/airflow/example_dags/example_branch_operator_decorator.py for tasks to queue
[2023-01-06T18:40:58.548+0000] {logging_mixin.py:137} INFO - [2023-01-06T18:40:58.548+0000] {dagbag.py:538} INFO - Filling up the DagBag from /home/airflow/.local/lib/python3.7/site-packages/airflow/example_dags/example_branch_operator_decorator.py
[2023-01-06T18:40:58.568+0000] {processor.py:753} INFO - DAG(s) dict_keys(['example_branch_python_operator_decorator']) retrieved from /home/airflow/.local/lib/python3.7/site-packages/airflow/example_dags/example_branch_operator_decorator.py
[2023-01-06T18:40:58.598+0000] {logging_mixin.py:137} INFO - [2023-01-06T18:40:58.598+0000] {dag.py:2676} INFO - Sync 1 DAGs
[2023-01-06T18:40:58.616+0000] {logging_mixin.py:137} INFO - [2023-01-06T18:40:58.616+0000] {dag.py:3427} INFO - Setting next_dagrun for example_branch_python_operator_decorator to 2023-01-05T00:00:00+00:00, run_after=2023-01-06T00:00:00+00:00
[2023-01-06T18:40:58.640+0000] {processor.py:175} INFO - Processing /home/airflow/.local/lib/python3.7/site-packages/airflow/example_dags/example_branch_operator_decorator.py took 0.097 seconds
[2023-01-06T18:41:28.879+0000] {processor.py:153} INFO - Started process (PID=765) to work on /home/airflow/.local/lib/python3.7/site-packages/airflow/example_dags/example_branch_operator_decorator.py
[2023-01-06T18:41:28.880+0000] {processor.py:743} INFO - Processing file /home/airflow/.local/lib/python3.7/site-packages/airflow/example_dags/example_branch_operator_decorator.py for tasks to queue
[2023-01-06T18:41:28.881+0000] {logging_mixin.py:137} INFO - [2023-01-06T18:41:28.880+0000] {dagbag.py:538} INFO - Filling up the DagBag from /home/airflow/.local/lib/python3.7/site-packages/airflow/example_dags/example_branch_operator_decorator.py
[2023-01-06T18:41:28.901+0000] {processor.py:753} INFO - DAG(s) dict_keys(['example_branch_python_operator_decorator']) retrieved from /home/airflow/.local/lib/python3.7/site-packages/airflow/example_dags/example_branch_operator_decorator.py
[2023-01-06T18:41:28.932+0000] {logging_mixin.py:137} INFO - [2023-01-06T18:41:28.932+0000] {dag.py:2676} INFO - Sync 1 DAGs
[2023-01-06T18:41:28.951+0000] {logging_mixin.py:137} INFO - [2023-01-06T18:41:28.951+0000] {dag.py:3427} INFO - Setting next_dagrun for example_branch_python_operator_decorator to 2023-01-05T00:00:00+00:00, run_after=2023-01-06T00:00:00+00:00
[2023-01-06T18:41:28.975+0000] {processor.py:175} INFO - Processing /home/airflow/.local/lib/python3.7/site-packages/airflow/example_dags/example_branch_operator_decorator.py took 0.099 seconds
[2023-01-06T18:41:59.418+0000] {processor.py:153} INFO - Started process (PID=850) to work on /home/airflow/.local/lib/python3.7/site-packages/airflow/example_dags/example_branch_operator_decorator.py
[2023-01-06T18:41:59.419+0000] {processor.py:743} INFO - Processing file /home/airflow/.local/lib/python3.7/site-packages/airflow/example_dags/example_branch_operator_decorator.py for tasks to queue
[2023-01-06T18:41:59.424+0000] {logging_mixin.py:137} INFO - [2023-01-06T18:41:59.424+0000] {dagbag.py:538} INFO - Filling up the DagBag from /home/airflow/.local/lib/python3.7/site-packages/airflow/example_dags/example_branch_operator_decorator.py
[2023-01-06T18:41:59.459+0000] {processor.py:753} INFO - DAG(s) dict_keys(['example_branch_python_operator_decorator']) retrieved from /home/airflow/.local/lib/python3.7/site-packages/airflow/example_dags/example_branch_operator_decorator.py
[2023-01-06T18:41:59.509+0000] {logging_mixin.py:137} INFO - [2023-01-06T18:41:59.509+0000] {dag.py:2676} INFO - Sync 1 DAGs
[2023-01-06T18:41:59.543+0000] {logging_mixin.py:137} INFO - [2023-01-06T18:41:59.543+0000] {dag.py:3427} INFO - Setting next_dagrun for example_branch_python_operator_decorator to 2023-01-05T00:00:00+00:00, run_after=2023-01-06T00:00:00+00:00
[2023-01-06T18:41:59.579+0000] {processor.py:175} INFO - Processing /home/airflow/.local/lib/python3.7/site-packages/airflow/example_dags/example_branch_operator_decorator.py took 0.165 seconds
