[2023-01-06T18:36:55.710+0000] {processor.py:153} INFO - Started process (PID=53) to work on /home/airflow/.local/lib/python3.7/site-packages/airflow/example_dags/example_external_task_marker_dag.py
[2023-01-06T18:36:55.711+0000] {processor.py:743} INFO - Processing file /home/airflow/.local/lib/python3.7/site-packages/airflow/example_dags/example_external_task_marker_dag.py for tasks to queue
[2023-01-06T18:36:55.712+0000] {logging_mixin.py:137} INFO - [2023-01-06T18:36:55.712+0000] {dagbag.py:538} INFO - Filling up the DagBag from /home/airflow/.local/lib/python3.7/site-packages/airflow/example_dags/example_external_task_marker_dag.py
[2023-01-06T18:36:55.732+0000] {processor.py:753} INFO - DAG(s) dict_keys(['example_external_task_marker_child', 'example_external_task_marker_parent']) retrieved from /home/airflow/.local/lib/python3.7/site-packages/airflow/example_dags/example_external_task_marker_dag.py
[2023-01-06T18:36:55.762+0000] {logging_mixin.py:137} INFO - [2023-01-06T18:36:55.762+0000] {dag.py:2676} INFO - Sync 2 DAGs
[2023-01-06T18:36:55.786+0000] {logging_mixin.py:137} INFO - [2023-01-06T18:36:55.786+0000] {dag.py:3427} INFO - Setting next_dagrun for example_external_task_marker_child to None, run_after=None
[2023-01-06T18:36:55.789+0000] {logging_mixin.py:137} INFO - [2023-01-06T18:36:55.789+0000] {dag.py:3427} INFO - Setting next_dagrun for example_external_task_marker_parent to None, run_after=None
[2023-01-06T18:36:55.820+0000] {processor.py:175} INFO - Processing /home/airflow/.local/lib/python3.7/site-packages/airflow/example_dags/example_external_task_marker_dag.py took 0.115 seconds
[2023-01-06T18:37:26.362+0000] {processor.py:153} INFO - Started process (PID=139) to work on /home/airflow/.local/lib/python3.7/site-packages/airflow/example_dags/example_external_task_marker_dag.py
[2023-01-06T18:37:26.362+0000] {processor.py:743} INFO - Processing file /home/airflow/.local/lib/python3.7/site-packages/airflow/example_dags/example_external_task_marker_dag.py for tasks to queue
[2023-01-06T18:37:26.363+0000] {logging_mixin.py:137} INFO - [2023-01-06T18:37:26.363+0000] {dagbag.py:538} INFO - Filling up the DagBag from /home/airflow/.local/lib/python3.7/site-packages/airflow/example_dags/example_external_task_marker_dag.py
[2023-01-06T18:37:26.377+0000] {processor.py:753} INFO - DAG(s) dict_keys(['example_external_task_marker_child', 'example_external_task_marker_parent']) retrieved from /home/airflow/.local/lib/python3.7/site-packages/airflow/example_dags/example_external_task_marker_dag.py
[2023-01-06T18:37:26.408+0000] {logging_mixin.py:137} INFO - [2023-01-06T18:37:26.408+0000] {dag.py:2676} INFO - Sync 2 DAGs
[2023-01-06T18:37:26.427+0000] {logging_mixin.py:137} INFO - [2023-01-06T18:37:26.426+0000] {dag.py:3427} INFO - Setting next_dagrun for example_external_task_marker_child to None, run_after=None
[2023-01-06T18:37:26.429+0000] {logging_mixin.py:137} INFO - [2023-01-06T18:37:26.429+0000] {dag.py:3427} INFO - Setting next_dagrun for example_external_task_marker_parent to None, run_after=None
[2023-01-06T18:37:26.441+0000] {processor.py:175} INFO - Processing /home/airflow/.local/lib/python3.7/site-packages/airflow/example_dags/example_external_task_marker_dag.py took 0.082 seconds
[2023-01-06T18:37:56.797+0000] {processor.py:153} INFO - Started process (PID=225) to work on /home/airflow/.local/lib/python3.7/site-packages/airflow/example_dags/example_external_task_marker_dag.py
[2023-01-06T18:37:56.798+0000] {processor.py:743} INFO - Processing file /home/airflow/.local/lib/python3.7/site-packages/airflow/example_dags/example_external_task_marker_dag.py for tasks to queue
[2023-01-06T18:37:56.799+0000] {logging_mixin.py:137} INFO - [2023-01-06T18:37:56.799+0000] {dagbag.py:538} INFO - Filling up the DagBag from /home/airflow/.local/lib/python3.7/site-packages/airflow/example_dags/example_external_task_marker_dag.py
[2023-01-06T18:37:56.812+0000] {processor.py:753} INFO - DAG(s) dict_keys(['example_external_task_marker_parent', 'example_external_task_marker_child']) retrieved from /home/airflow/.local/lib/python3.7/site-packages/airflow/example_dags/example_external_task_marker_dag.py
[2023-01-06T18:37:56.847+0000] {logging_mixin.py:137} INFO - [2023-01-06T18:37:56.847+0000] {dag.py:2676} INFO - Sync 2 DAGs
[2023-01-06T18:37:56.868+0000] {logging_mixin.py:137} INFO - [2023-01-06T18:37:56.867+0000] {dag.py:3427} INFO - Setting next_dagrun for example_external_task_marker_child to None, run_after=None
[2023-01-06T18:37:56.870+0000] {logging_mixin.py:137} INFO - [2023-01-06T18:37:56.870+0000] {dag.py:3427} INFO - Setting next_dagrun for example_external_task_marker_parent to None, run_after=None
[2023-01-06T18:37:56.885+0000] {processor.py:175} INFO - Processing /home/airflow/.local/lib/python3.7/site-packages/airflow/example_dags/example_external_task_marker_dag.py took 0.090 seconds
[2023-01-06T18:38:27.230+0000] {processor.py:153} INFO - Started process (PID=295) to work on /home/airflow/.local/lib/python3.7/site-packages/airflow/example_dags/example_external_task_marker_dag.py
[2023-01-06T18:38:27.231+0000] {processor.py:743} INFO - Processing file /home/airflow/.local/lib/python3.7/site-packages/airflow/example_dags/example_external_task_marker_dag.py for tasks to queue
[2023-01-06T18:38:27.231+0000] {logging_mixin.py:137} INFO - [2023-01-06T18:38:27.231+0000] {dagbag.py:538} INFO - Filling up the DagBag from /home/airflow/.local/lib/python3.7/site-packages/airflow/example_dags/example_external_task_marker_dag.py
[2023-01-06T18:38:27.244+0000] {processor.py:753} INFO - DAG(s) dict_keys(['example_external_task_marker_child', 'example_external_task_marker_parent']) retrieved from /home/airflow/.local/lib/python3.7/site-packages/airflow/example_dags/example_external_task_marker_dag.py
[2023-01-06T18:38:27.280+0000] {logging_mixin.py:137} INFO - [2023-01-06T18:38:27.280+0000] {dag.py:2676} INFO - Sync 2 DAGs
[2023-01-06T18:38:27.298+0000] {logging_mixin.py:137} INFO - [2023-01-06T18:38:27.298+0000] {dag.py:3427} INFO - Setting next_dagrun for example_external_task_marker_child to None, run_after=None
[2023-01-06T18:38:27.301+0000] {logging_mixin.py:137} INFO - [2023-01-06T18:38:27.301+0000] {dag.py:3427} INFO - Setting next_dagrun for example_external_task_marker_parent to None, run_after=None
[2023-01-06T18:38:27.314+0000] {processor.py:175} INFO - Processing /home/airflow/.local/lib/python3.7/site-packages/airflow/example_dags/example_external_task_marker_dag.py took 0.087 seconds
[2023-01-06T18:38:57.658+0000] {processor.py:153} INFO - Started process (PID=381) to work on /home/airflow/.local/lib/python3.7/site-packages/airflow/example_dags/example_external_task_marker_dag.py
[2023-01-06T18:38:57.659+0000] {processor.py:743} INFO - Processing file /home/airflow/.local/lib/python3.7/site-packages/airflow/example_dags/example_external_task_marker_dag.py for tasks to queue
[2023-01-06T18:38:57.659+0000] {logging_mixin.py:137} INFO - [2023-01-06T18:38:57.659+0000] {dagbag.py:538} INFO - Filling up the DagBag from /home/airflow/.local/lib/python3.7/site-packages/airflow/example_dags/example_external_task_marker_dag.py
[2023-01-06T18:38:57.672+0000] {processor.py:753} INFO - DAG(s) dict_keys(['example_external_task_marker_parent', 'example_external_task_marker_child']) retrieved from /home/airflow/.local/lib/python3.7/site-packages/airflow/example_dags/example_external_task_marker_dag.py
[2023-01-06T18:38:57.708+0000] {logging_mixin.py:137} INFO - [2023-01-06T18:38:57.708+0000] {dag.py:2676} INFO - Sync 2 DAGs
[2023-01-06T18:38:57.727+0000] {logging_mixin.py:137} INFO - [2023-01-06T18:38:57.726+0000] {dag.py:3427} INFO - Setting next_dagrun for example_external_task_marker_child to None, run_after=None
[2023-01-06T18:38:57.729+0000] {logging_mixin.py:137} INFO - [2023-01-06T18:38:57.729+0000] {dag.py:3427} INFO - Setting next_dagrun for example_external_task_marker_parent to None, run_after=None
[2023-01-06T18:38:57.742+0000] {processor.py:175} INFO - Processing /home/airflow/.local/lib/python3.7/site-packages/airflow/example_dags/example_external_task_marker_dag.py took 0.087 seconds
[2023-01-06T18:39:27.969+0000] {processor.py:153} INFO - Started process (PID=451) to work on /home/airflow/.local/lib/python3.7/site-packages/airflow/example_dags/example_external_task_marker_dag.py
[2023-01-06T18:39:27.970+0000] {processor.py:743} INFO - Processing file /home/airflow/.local/lib/python3.7/site-packages/airflow/example_dags/example_external_task_marker_dag.py for tasks to queue
[2023-01-06T18:39:27.970+0000] {logging_mixin.py:137} INFO - [2023-01-06T18:39:27.970+0000] {dagbag.py:538} INFO - Filling up the DagBag from /home/airflow/.local/lib/python3.7/site-packages/airflow/example_dags/example_external_task_marker_dag.py
[2023-01-06T18:39:27.981+0000] {processor.py:753} INFO - DAG(s) dict_keys(['example_external_task_marker_child', 'example_external_task_marker_parent']) retrieved from /home/airflow/.local/lib/python3.7/site-packages/airflow/example_dags/example_external_task_marker_dag.py
[2023-01-06T18:39:28.012+0000] {logging_mixin.py:137} INFO - [2023-01-06T18:39:28.011+0000] {dag.py:2676} INFO - Sync 2 DAGs
[2023-01-06T18:39:28.030+0000] {logging_mixin.py:137} INFO - [2023-01-06T18:39:28.029+0000] {dag.py:3427} INFO - Setting next_dagrun for example_external_task_marker_child to None, run_after=None
[2023-01-06T18:39:28.032+0000] {logging_mixin.py:137} INFO - [2023-01-06T18:39:28.032+0000] {dag.py:3427} INFO - Setting next_dagrun for example_external_task_marker_parent to None, run_after=None
[2023-01-06T18:39:28.045+0000] {processor.py:175} INFO - Processing /home/airflow/.local/lib/python3.7/site-packages/airflow/example_dags/example_external_task_marker_dag.py took 0.079 seconds
[2023-01-06T18:39:58.557+0000] {processor.py:153} INFO - Started process (PID=537) to work on /home/airflow/.local/lib/python3.7/site-packages/airflow/example_dags/example_external_task_marker_dag.py
[2023-01-06T18:39:58.557+0000] {processor.py:743} INFO - Processing file /home/airflow/.local/lib/python3.7/site-packages/airflow/example_dags/example_external_task_marker_dag.py for tasks to queue
[2023-01-06T18:39:58.558+0000] {logging_mixin.py:137} INFO - [2023-01-06T18:39:58.558+0000] {dagbag.py:538} INFO - Filling up the DagBag from /home/airflow/.local/lib/python3.7/site-packages/airflow/example_dags/example_external_task_marker_dag.py
[2023-01-06T18:39:58.570+0000] {processor.py:753} INFO - DAG(s) dict_keys(['example_external_task_marker_child', 'example_external_task_marker_parent']) retrieved from /home/airflow/.local/lib/python3.7/site-packages/airflow/example_dags/example_external_task_marker_dag.py
[2023-01-06T18:39:58.602+0000] {logging_mixin.py:137} INFO - [2023-01-06T18:39:58.602+0000] {dag.py:2676} INFO - Sync 2 DAGs
[2023-01-06T18:39:58.624+0000] {logging_mixin.py:137} INFO - [2023-01-06T18:39:58.624+0000] {dag.py:3427} INFO - Setting next_dagrun for example_external_task_marker_child to None, run_after=None
[2023-01-06T18:39:58.627+0000] {logging_mixin.py:137} INFO - [2023-01-06T18:39:58.627+0000] {dag.py:3427} INFO - Setting next_dagrun for example_external_task_marker_parent to None, run_after=None
[2023-01-06T18:39:58.639+0000] {processor.py:175} INFO - Processing /home/airflow/.local/lib/python3.7/site-packages/airflow/example_dags/example_external_task_marker_dag.py took 0.086 seconds
[2023-01-06T18:40:29.174+0000] {processor.py:153} INFO - Started process (PID=624) to work on /home/airflow/.local/lib/python3.7/site-packages/airflow/example_dags/example_external_task_marker_dag.py
[2023-01-06T18:40:29.175+0000] {processor.py:743} INFO - Processing file /home/airflow/.local/lib/python3.7/site-packages/airflow/example_dags/example_external_task_marker_dag.py for tasks to queue
[2023-01-06T18:40:29.175+0000] {logging_mixin.py:137} INFO - [2023-01-06T18:40:29.175+0000] {dagbag.py:538} INFO - Filling up the DagBag from /home/airflow/.local/lib/python3.7/site-packages/airflow/example_dags/example_external_task_marker_dag.py
[2023-01-06T18:40:29.188+0000] {processor.py:753} INFO - DAG(s) dict_keys(['example_external_task_marker_child', 'example_external_task_marker_parent']) retrieved from /home/airflow/.local/lib/python3.7/site-packages/airflow/example_dags/example_external_task_marker_dag.py
[2023-01-06T18:40:29.221+0000] {logging_mixin.py:137} INFO - [2023-01-06T18:40:29.221+0000] {dag.py:2676} INFO - Sync 2 DAGs
[2023-01-06T18:40:29.243+0000] {logging_mixin.py:137} INFO - [2023-01-06T18:40:29.243+0000] {dag.py:3427} INFO - Setting next_dagrun for example_external_task_marker_child to None, run_after=None
[2023-01-06T18:40:29.246+0000] {logging_mixin.py:137} INFO - [2023-01-06T18:40:29.246+0000] {dag.py:3427} INFO - Setting next_dagrun for example_external_task_marker_parent to None, run_after=None
[2023-01-06T18:40:29.258+0000] {processor.py:175} INFO - Processing /home/airflow/.local/lib/python3.7/site-packages/airflow/example_dags/example_external_task_marker_dag.py took 0.088 seconds
[2023-01-06T18:40:59.505+0000] {processor.py:153} INFO - Started process (PID=694) to work on /home/airflow/.local/lib/python3.7/site-packages/airflow/example_dags/example_external_task_marker_dag.py
[2023-01-06T18:40:59.506+0000] {processor.py:743} INFO - Processing file /home/airflow/.local/lib/python3.7/site-packages/airflow/example_dags/example_external_task_marker_dag.py for tasks to queue
[2023-01-06T18:40:59.507+0000] {logging_mixin.py:137} INFO - [2023-01-06T18:40:59.507+0000] {dagbag.py:538} INFO - Filling up the DagBag from /home/airflow/.local/lib/python3.7/site-packages/airflow/example_dags/example_external_task_marker_dag.py
[2023-01-06T18:40:59.518+0000] {processor.py:753} INFO - DAG(s) dict_keys(['example_external_task_marker_parent', 'example_external_task_marker_child']) retrieved from /home/airflow/.local/lib/python3.7/site-packages/airflow/example_dags/example_external_task_marker_dag.py
[2023-01-06T18:40:59.549+0000] {logging_mixin.py:137} INFO - [2023-01-06T18:40:59.549+0000] {dag.py:2676} INFO - Sync 2 DAGs
[2023-01-06T18:40:59.566+0000] {logging_mixin.py:137} INFO - [2023-01-06T18:40:59.566+0000] {dag.py:3427} INFO - Setting next_dagrun for example_external_task_marker_child to None, run_after=None
[2023-01-06T18:40:59.569+0000] {logging_mixin.py:137} INFO - [2023-01-06T18:40:59.568+0000] {dag.py:3427} INFO - Setting next_dagrun for example_external_task_marker_parent to None, run_after=None
[2023-01-06T18:40:59.580+0000] {processor.py:175} INFO - Processing /home/airflow/.local/lib/python3.7/site-packages/airflow/example_dags/example_external_task_marker_dag.py took 0.078 seconds
[2023-01-06T18:41:29.716+0000] {processor.py:153} INFO - Started process (PID=780) to work on /home/airflow/.local/lib/python3.7/site-packages/airflow/example_dags/example_external_task_marker_dag.py
[2023-01-06T18:41:29.717+0000] {processor.py:743} INFO - Processing file /home/airflow/.local/lib/python3.7/site-packages/airflow/example_dags/example_external_task_marker_dag.py for tasks to queue
[2023-01-06T18:41:29.717+0000] {logging_mixin.py:137} INFO - [2023-01-06T18:41:29.717+0000] {dagbag.py:538} INFO - Filling up the DagBag from /home/airflow/.local/lib/python3.7/site-packages/airflow/example_dags/example_external_task_marker_dag.py
[2023-01-06T18:41:29.731+0000] {processor.py:753} INFO - DAG(s) dict_keys(['example_external_task_marker_child', 'example_external_task_marker_parent']) retrieved from /home/airflow/.local/lib/python3.7/site-packages/airflow/example_dags/example_external_task_marker_dag.py
[2023-01-06T18:41:29.773+0000] {logging_mixin.py:137} INFO - [2023-01-06T18:41:29.772+0000] {dag.py:2676} INFO - Sync 2 DAGs
[2023-01-06T18:41:29.795+0000] {logging_mixin.py:137} INFO - [2023-01-06T18:41:29.795+0000] {dag.py:3427} INFO - Setting next_dagrun for example_external_task_marker_child to None, run_after=None
[2023-01-06T18:41:29.798+0000] {logging_mixin.py:137} INFO - [2023-01-06T18:41:29.798+0000] {dag.py:3427} INFO - Setting next_dagrun for example_external_task_marker_parent to None, run_after=None
[2023-01-06T18:41:29.811+0000] {processor.py:175} INFO - Processing /home/airflow/.local/lib/python3.7/site-packages/airflow/example_dags/example_external_task_marker_dag.py took 0.099 seconds
[2023-01-06T18:42:00.846+0000] {processor.py:153} INFO - Started process (PID=865) to work on /home/airflow/.local/lib/python3.7/site-packages/airflow/example_dags/example_external_task_marker_dag.py
[2023-01-06T18:42:00.848+0000] {processor.py:743} INFO - Processing file /home/airflow/.local/lib/python3.7/site-packages/airflow/example_dags/example_external_task_marker_dag.py for tasks to queue
[2023-01-06T18:42:00.849+0000] {logging_mixin.py:137} INFO - [2023-01-06T18:42:00.848+0000] {dagbag.py:538} INFO - Filling up the DagBag from /home/airflow/.local/lib/python3.7/site-packages/airflow/example_dags/example_external_task_marker_dag.py
[2023-01-06T18:42:00.862+0000] {processor.py:753} INFO - DAG(s) dict_keys(['example_external_task_marker_child', 'example_external_task_marker_parent']) retrieved from /home/airflow/.local/lib/python3.7/site-packages/airflow/example_dags/example_external_task_marker_dag.py
[2023-01-06T18:42:00.906+0000] {logging_mixin.py:137} INFO - [2023-01-06T18:42:00.905+0000] {dag.py:2676} INFO - Sync 2 DAGs
[2023-01-06T18:42:00.934+0000] {logging_mixin.py:137} INFO - [2023-01-06T18:42:00.934+0000] {dag.py:3427} INFO - Setting next_dagrun for example_external_task_marker_child to None, run_after=None
[2023-01-06T18:42:00.938+0000] {logging_mixin.py:137} INFO - [2023-01-06T18:42:00.938+0000] {dag.py:3427} INFO - Setting next_dagrun for example_external_task_marker_parent to None, run_after=None
[2023-01-06T18:42:00.952+0000] {processor.py:175} INFO - Processing /home/airflow/.local/lib/python3.7/site-packages/airflow/example_dags/example_external_task_marker_dag.py took 0.112 seconds
