[2023-01-06T18:36:54.684+0000] {processor.py:153} INFO - Started process (PID=39) to work on /home/airflow/.local/lib/python3.7/site-packages/airflow/example_dags/example_short_circuit_decorator.py
[2023-01-06T18:36:54.685+0000] {processor.py:743} INFO - Processing file /home/airflow/.local/lib/python3.7/site-packages/airflow/example_dags/example_short_circuit_decorator.py for tasks to queue
[2023-01-06T18:36:54.686+0000] {logging_mixin.py:137} INFO - [2023-01-06T18:36:54.686+0000] {dagbag.py:538} INFO - Filling up the DagBag from /home/airflow/.local/lib/python3.7/site-packages/airflow/example_dags/example_short_circuit_decorator.py
[2023-01-06T18:36:54.744+0000] {processor.py:753} INFO - DAG(s) dict_keys(['example_short_circuit_decorator']) retrieved from /home/airflow/.local/lib/python3.7/site-packages/airflow/example_dags/example_short_circuit_decorator.py
[2023-01-06T18:36:54.773+0000] {logging_mixin.py:137} INFO - [2023-01-06T18:36:54.773+0000] {dag.py:2676} INFO - Sync 1 DAGs
[2023-01-06T18:36:54.803+0000] {logging_mixin.py:137} INFO - [2023-01-06T18:36:54.803+0000] {dag.py:3427} INFO - Setting next_dagrun for example_short_circuit_decorator to 2023-01-05T18:36:54.803300+00:00, run_after=2023-01-06T18:36:54.803300+00:00
[2023-01-06T18:36:54.827+0000] {processor.py:175} INFO - Processing /home/airflow/.local/lib/python3.7/site-packages/airflow/example_dags/example_short_circuit_decorator.py took 0.146 seconds
[2023-01-06T18:37:25.526+0000] {processor.py:153} INFO - Started process (PID=125) to work on /home/airflow/.local/lib/python3.7/site-packages/airflow/example_dags/example_short_circuit_decorator.py
[2023-01-06T18:37:25.527+0000] {processor.py:743} INFO - Processing file /home/airflow/.local/lib/python3.7/site-packages/airflow/example_dags/example_short_circuit_decorator.py for tasks to queue
[2023-01-06T18:37:25.528+0000] {logging_mixin.py:137} INFO - [2023-01-06T18:37:25.528+0000] {dagbag.py:538} INFO - Filling up the DagBag from /home/airflow/.local/lib/python3.7/site-packages/airflow/example_dags/example_short_circuit_decorator.py
[2023-01-06T18:37:25.552+0000] {processor.py:753} INFO - DAG(s) dict_keys(['example_short_circuit_decorator']) retrieved from /home/airflow/.local/lib/python3.7/site-packages/airflow/example_dags/example_short_circuit_decorator.py
[2023-01-06T18:37:25.593+0000] {logging_mixin.py:137} INFO - [2023-01-06T18:37:25.593+0000] {dag.py:2676} INFO - Sync 1 DAGs
[2023-01-06T18:37:25.615+0000] {logging_mixin.py:137} INFO - [2023-01-06T18:37:25.615+0000] {dag.py:3427} INFO - Setting next_dagrun for example_short_circuit_decorator to 2023-01-05T18:37:25.615588+00:00, run_after=2023-01-06T18:37:25.615588+00:00
[2023-01-06T18:37:25.642+0000] {processor.py:175} INFO - Processing /home/airflow/.local/lib/python3.7/site-packages/airflow/example_dags/example_short_circuit_decorator.py took 0.119 seconds
[2023-01-06T18:37:55.709+0000] {processor.py:153} INFO - Started process (PID=204) to work on /home/airflow/.local/lib/python3.7/site-packages/airflow/example_dags/example_short_circuit_decorator.py
[2023-01-06T18:37:55.710+0000] {processor.py:743} INFO - Processing file /home/airflow/.local/lib/python3.7/site-packages/airflow/example_dags/example_short_circuit_decorator.py for tasks to queue
[2023-01-06T18:37:55.710+0000] {logging_mixin.py:137} INFO - [2023-01-06T18:37:55.710+0000] {dagbag.py:538} INFO - Filling up the DagBag from /home/airflow/.local/lib/python3.7/site-packages/airflow/example_dags/example_short_circuit_decorator.py
[2023-01-06T18:37:55.729+0000] {processor.py:753} INFO - DAG(s) dict_keys(['example_short_circuit_decorator']) retrieved from /home/airflow/.local/lib/python3.7/site-packages/airflow/example_dags/example_short_circuit_decorator.py
[2023-01-06T18:37:55.760+0000] {logging_mixin.py:137} INFO - [2023-01-06T18:37:55.760+0000] {dag.py:2676} INFO - Sync 1 DAGs
[2023-01-06T18:37:55.780+0000] {logging_mixin.py:137} INFO - [2023-01-06T18:37:55.780+0000] {dag.py:3427} INFO - Setting next_dagrun for example_short_circuit_decorator to 2023-01-05T18:37:55.779849+00:00, run_after=2023-01-06T18:37:55.779849+00:00
[2023-01-06T18:37:55.804+0000] {processor.py:175} INFO - Processing /home/airflow/.local/lib/python3.7/site-packages/airflow/example_dags/example_short_circuit_decorator.py took 0.098 seconds
[2023-01-06T18:38:26.250+0000] {processor.py:153} INFO - Started process (PID=281) to work on /home/airflow/.local/lib/python3.7/site-packages/airflow/example_dags/example_short_circuit_decorator.py
[2023-01-06T18:38:26.251+0000] {processor.py:743} INFO - Processing file /home/airflow/.local/lib/python3.7/site-packages/airflow/example_dags/example_short_circuit_decorator.py for tasks to queue
[2023-01-06T18:38:26.251+0000] {logging_mixin.py:137} INFO - [2023-01-06T18:38:26.251+0000] {dagbag.py:538} INFO - Filling up the DagBag from /home/airflow/.local/lib/python3.7/site-packages/airflow/example_dags/example_short_circuit_decorator.py
[2023-01-06T18:38:26.271+0000] {processor.py:753} INFO - DAG(s) dict_keys(['example_short_circuit_decorator']) retrieved from /home/airflow/.local/lib/python3.7/site-packages/airflow/example_dags/example_short_circuit_decorator.py
[2023-01-06T18:38:26.301+0000] {logging_mixin.py:137} INFO - [2023-01-06T18:38:26.301+0000] {dag.py:2676} INFO - Sync 1 DAGs
[2023-01-06T18:38:26.320+0000] {logging_mixin.py:137} INFO - [2023-01-06T18:38:26.320+0000] {dag.py:3427} INFO - Setting next_dagrun for example_short_circuit_decorator to 2023-01-05T18:38:26.320285+00:00, run_after=2023-01-06T18:38:26.320285+00:00
[2023-01-06T18:38:26.345+0000] {processor.py:175} INFO - Processing /home/airflow/.local/lib/python3.7/site-packages/airflow/example_dags/example_short_circuit_decorator.py took 0.098 seconds
[2023-01-06T18:38:56.691+0000] {processor.py:153} INFO - Started process (PID=367) to work on /home/airflow/.local/lib/python3.7/site-packages/airflow/example_dags/example_short_circuit_decorator.py
[2023-01-06T18:38:56.691+0000] {processor.py:743} INFO - Processing file /home/airflow/.local/lib/python3.7/site-packages/airflow/example_dags/example_short_circuit_decorator.py for tasks to queue
[2023-01-06T18:38:56.692+0000] {logging_mixin.py:137} INFO - [2023-01-06T18:38:56.692+0000] {dagbag.py:538} INFO - Filling up the DagBag from /home/airflow/.local/lib/python3.7/site-packages/airflow/example_dags/example_short_circuit_decorator.py
[2023-01-06T18:38:56.720+0000] {processor.py:753} INFO - DAG(s) dict_keys(['example_short_circuit_decorator']) retrieved from /home/airflow/.local/lib/python3.7/site-packages/airflow/example_dags/example_short_circuit_decorator.py
[2023-01-06T18:38:56.754+0000] {logging_mixin.py:137} INFO - [2023-01-06T18:38:56.754+0000] {dag.py:2676} INFO - Sync 1 DAGs
[2023-01-06T18:38:56.777+0000] {logging_mixin.py:137} INFO - [2023-01-06T18:38:56.777+0000] {dag.py:3427} INFO - Setting next_dagrun for example_short_circuit_decorator to 2023-01-05T18:38:56.776133+00:00, run_after=2023-01-06T18:38:56.776133+00:00
[2023-01-06T18:38:56.803+0000] {processor.py:175} INFO - Processing /home/airflow/.local/lib/python3.7/site-packages/airflow/example_dags/example_short_circuit_decorator.py took 0.117 seconds
[2023-01-06T18:39:27.024+0000] {processor.py:153} INFO - Started process (PID=437) to work on /home/airflow/.local/lib/python3.7/site-packages/airflow/example_dags/example_short_circuit_decorator.py
[2023-01-06T18:39:27.025+0000] {processor.py:743} INFO - Processing file /home/airflow/.local/lib/python3.7/site-packages/airflow/example_dags/example_short_circuit_decorator.py for tasks to queue
[2023-01-06T18:39:27.025+0000] {logging_mixin.py:137} INFO - [2023-01-06T18:39:27.025+0000] {dagbag.py:538} INFO - Filling up the DagBag from /home/airflow/.local/lib/python3.7/site-packages/airflow/example_dags/example_short_circuit_decorator.py
[2023-01-06T18:39:27.045+0000] {processor.py:753} INFO - DAG(s) dict_keys(['example_short_circuit_decorator']) retrieved from /home/airflow/.local/lib/python3.7/site-packages/airflow/example_dags/example_short_circuit_decorator.py
[2023-01-06T18:39:27.076+0000] {logging_mixin.py:137} INFO - [2023-01-06T18:39:27.076+0000] {dag.py:2676} INFO - Sync 1 DAGs
[2023-01-06T18:39:27.094+0000] {logging_mixin.py:137} INFO - [2023-01-06T18:39:27.094+0000] {dag.py:3427} INFO - Setting next_dagrun for example_short_circuit_decorator to 2023-01-05T18:39:27.094165+00:00, run_after=2023-01-06T18:39:27.094165+00:00
[2023-01-06T18:39:27.118+0000] {processor.py:175} INFO - Processing /home/airflow/.local/lib/python3.7/site-packages/airflow/example_dags/example_short_circuit_decorator.py took 0.097 seconds
[2023-01-06T18:39:57.641+0000] {processor.py:153} INFO - Started process (PID=523) to work on /home/airflow/.local/lib/python3.7/site-packages/airflow/example_dags/example_short_circuit_decorator.py
[2023-01-06T18:39:57.642+0000] {processor.py:743} INFO - Processing file /home/airflow/.local/lib/python3.7/site-packages/airflow/example_dags/example_short_circuit_decorator.py for tasks to queue
[2023-01-06T18:39:57.642+0000] {logging_mixin.py:137} INFO - [2023-01-06T18:39:57.642+0000] {dagbag.py:538} INFO - Filling up the DagBag from /home/airflow/.local/lib/python3.7/site-packages/airflow/example_dags/example_short_circuit_decorator.py
[2023-01-06T18:39:57.663+0000] {processor.py:753} INFO - DAG(s) dict_keys(['example_short_circuit_decorator']) retrieved from /home/airflow/.local/lib/python3.7/site-packages/airflow/example_dags/example_short_circuit_decorator.py
[2023-01-06T18:39:57.692+0000] {logging_mixin.py:137} INFO - [2023-01-06T18:39:57.691+0000] {dag.py:2676} INFO - Sync 1 DAGs
[2023-01-06T18:39:57.709+0000] {logging_mixin.py:137} INFO - [2023-01-06T18:39:57.709+0000] {dag.py:3427} INFO - Setting next_dagrun for example_short_circuit_decorator to 2023-01-05T18:39:57.709192+00:00, run_after=2023-01-06T18:39:57.709192+00:00
[2023-01-06T18:39:57.734+0000] {processor.py:175} INFO - Processing /home/airflow/.local/lib/python3.7/site-packages/airflow/example_dags/example_short_circuit_decorator.py took 0.097 seconds
[2023-01-06T18:40:28.086+0000] {processor.py:153} INFO - Started process (PID=610) to work on /home/airflow/.local/lib/python3.7/site-packages/airflow/example_dags/example_short_circuit_decorator.py
[2023-01-06T18:40:28.086+0000] {processor.py:743} INFO - Processing file /home/airflow/.local/lib/python3.7/site-packages/airflow/example_dags/example_short_circuit_decorator.py for tasks to queue
[2023-01-06T18:40:28.087+0000] {logging_mixin.py:137} INFO - [2023-01-06T18:40:28.087+0000] {dagbag.py:538} INFO - Filling up the DagBag from /home/airflow/.local/lib/python3.7/site-packages/airflow/example_dags/example_short_circuit_decorator.py
[2023-01-06T18:40:28.114+0000] {processor.py:753} INFO - DAG(s) dict_keys(['example_short_circuit_decorator']) retrieved from /home/airflow/.local/lib/python3.7/site-packages/airflow/example_dags/example_short_circuit_decorator.py
[2023-01-06T18:40:28.153+0000] {logging_mixin.py:137} INFO - [2023-01-06T18:40:28.152+0000] {dag.py:2676} INFO - Sync 1 DAGs
[2023-01-06T18:40:28.174+0000] {logging_mixin.py:137} INFO - [2023-01-06T18:40:28.173+0000] {dag.py:3427} INFO - Setting next_dagrun for example_short_circuit_decorator to 2023-01-05T18:40:28.173705+00:00, run_after=2023-01-06T18:40:28.173705+00:00
[2023-01-06T18:40:28.192+0000] {processor.py:175} INFO - Processing /home/airflow/.local/lib/python3.7/site-packages/airflow/example_dags/example_short_circuit_decorator.py took 0.109 seconds
[2023-01-06T18:40:58.551+0000] {processor.py:153} INFO - Started process (PID=680) to work on /home/airflow/.local/lib/python3.7/site-packages/airflow/example_dags/example_short_circuit_decorator.py
[2023-01-06T18:40:58.551+0000] {processor.py:743} INFO - Processing file /home/airflow/.local/lib/python3.7/site-packages/airflow/example_dags/example_short_circuit_decorator.py for tasks to queue
[2023-01-06T18:40:58.552+0000] {logging_mixin.py:137} INFO - [2023-01-06T18:40:58.551+0000] {dagbag.py:538} INFO - Filling up the DagBag from /home/airflow/.local/lib/python3.7/site-packages/airflow/example_dags/example_short_circuit_decorator.py
[2023-01-06T18:40:58.570+0000] {processor.py:753} INFO - DAG(s) dict_keys(['example_short_circuit_decorator']) retrieved from /home/airflow/.local/lib/python3.7/site-packages/airflow/example_dags/example_short_circuit_decorator.py
[2023-01-06T18:40:58.597+0000] {logging_mixin.py:137} INFO - [2023-01-06T18:40:58.597+0000] {dag.py:2676} INFO - Sync 1 DAGs
[2023-01-06T18:40:58.615+0000] {logging_mixin.py:137} INFO - [2023-01-06T18:40:58.615+0000] {dag.py:3427} INFO - Setting next_dagrun for example_short_circuit_decorator to 2023-01-05T18:40:58.615228+00:00, run_after=2023-01-06T18:40:58.615228+00:00
[2023-01-06T18:40:58.640+0000] {processor.py:175} INFO - Processing /home/airflow/.local/lib/python3.7/site-packages/airflow/example_dags/example_short_circuit_decorator.py took 0.092 seconds
[2023-01-06T18:41:28.883+0000] {processor.py:153} INFO - Started process (PID=766) to work on /home/airflow/.local/lib/python3.7/site-packages/airflow/example_dags/example_short_circuit_decorator.py
[2023-01-06T18:41:28.884+0000] {processor.py:743} INFO - Processing file /home/airflow/.local/lib/python3.7/site-packages/airflow/example_dags/example_short_circuit_decorator.py for tasks to queue
[2023-01-06T18:41:28.884+0000] {logging_mixin.py:137} INFO - [2023-01-06T18:41:28.884+0000] {dagbag.py:538} INFO - Filling up the DagBag from /home/airflow/.local/lib/python3.7/site-packages/airflow/example_dags/example_short_circuit_decorator.py
[2023-01-06T18:41:28.903+0000] {processor.py:753} INFO - DAG(s) dict_keys(['example_short_circuit_decorator']) retrieved from /home/airflow/.local/lib/python3.7/site-packages/airflow/example_dags/example_short_circuit_decorator.py
[2023-01-06T18:41:28.931+0000] {logging_mixin.py:137} INFO - [2023-01-06T18:41:28.931+0000] {dag.py:2676} INFO - Sync 1 DAGs
[2023-01-06T18:41:28.950+0000] {logging_mixin.py:137} INFO - [2023-01-06T18:41:28.950+0000] {dag.py:3427} INFO - Setting next_dagrun for example_short_circuit_decorator to 2023-01-05T18:41:28.949924+00:00, run_after=2023-01-06T18:41:28.949924+00:00
[2023-01-06T18:41:28.975+0000] {processor.py:175} INFO - Processing /home/airflow/.local/lib/python3.7/site-packages/airflow/example_dags/example_short_circuit_decorator.py took 0.095 seconds
[2023-01-06T18:41:59.416+0000] {processor.py:153} INFO - Started process (PID=851) to work on /home/airflow/.local/lib/python3.7/site-packages/airflow/example_dags/example_short_circuit_decorator.py
[2023-01-06T18:41:59.423+0000] {processor.py:743} INFO - Processing file /home/airflow/.local/lib/python3.7/site-packages/airflow/example_dags/example_short_circuit_decorator.py for tasks to queue
[2023-01-06T18:41:59.425+0000] {logging_mixin.py:137} INFO - [2023-01-06T18:41:59.425+0000] {dagbag.py:538} INFO - Filling up the DagBag from /home/airflow/.local/lib/python3.7/site-packages/airflow/example_dags/example_short_circuit_decorator.py
[2023-01-06T18:41:59.482+0000] {processor.py:753} INFO - DAG(s) dict_keys(['example_short_circuit_decorator']) retrieved from /home/airflow/.local/lib/python3.7/site-packages/airflow/example_dags/example_short_circuit_decorator.py
[2023-01-06T18:41:59.533+0000] {logging_mixin.py:137} INFO - [2023-01-06T18:41:59.532+0000] {dag.py:2676} INFO - Sync 1 DAGs
[2023-01-06T18:41:59.562+0000] {logging_mixin.py:137} INFO - [2023-01-06T18:41:59.561+0000] {dag.py:3427} INFO - Setting next_dagrun for example_short_circuit_decorator to 2023-01-05T18:41:59.561630+00:00, run_after=2023-01-06T18:41:59.561630+00:00
[2023-01-06T18:41:59.590+0000] {processor.py:175} INFO - Processing /home/airflow/.local/lib/python3.7/site-packages/airflow/example_dags/example_short_circuit_decorator.py took 0.179 seconds
