[2023-01-06T18:36:56.178+0000] {processor.py:153} INFO - Started process (PID=60) to work on /home/airflow/.local/lib/python3.7/site-packages/airflow/example_dags/example_branch_python_dop_operator_3.py
[2023-01-06T18:36:56.179+0000] {processor.py:743} INFO - Processing file /home/airflow/.local/lib/python3.7/site-packages/airflow/example_dags/example_branch_python_dop_operator_3.py for tasks to queue
[2023-01-06T18:36:56.179+0000] {logging_mixin.py:137} INFO - [2023-01-06T18:36:56.179+0000] {dagbag.py:538} INFO - Filling up the DagBag from /home/airflow/.local/lib/python3.7/site-packages/airflow/example_dags/example_branch_python_dop_operator_3.py
[2023-01-06T18:36:56.200+0000] {processor.py:753} INFO - DAG(s) dict_keys(['example_branch_dop_operator_v3']) retrieved from /home/airflow/.local/lib/python3.7/site-packages/airflow/example_dags/example_branch_python_dop_operator_3.py
[2023-01-06T18:36:56.221+0000] {logging_mixin.py:137} INFO - [2023-01-06T18:36:56.221+0000] {dag.py:2676} INFO - Sync 1 DAGs
[2023-01-06T18:36:56.244+0000] {logging_mixin.py:137} INFO - [2023-01-06T18:36:56.243+0000] {dag.py:3427} INFO - Setting next_dagrun for example_branch_dop_operator_v3 to 2023-01-06T18:35:00+00:00, run_after=2023-01-06T18:36:00+00:00
[2023-01-06T18:36:56.281+0000] {processor.py:175} INFO - Processing /home/airflow/.local/lib/python3.7/site-packages/airflow/example_dags/example_branch_python_dop_operator_3.py took 0.106 seconds
[2023-01-06T18:37:26.702+0000] {processor.py:153} INFO - Started process (PID=146) to work on /home/airflow/.local/lib/python3.7/site-packages/airflow/example_dags/example_branch_python_dop_operator_3.py
[2023-01-06T18:37:26.703+0000] {processor.py:743} INFO - Processing file /home/airflow/.local/lib/python3.7/site-packages/airflow/example_dags/example_branch_python_dop_operator_3.py for tasks to queue
[2023-01-06T18:37:26.703+0000] {logging_mixin.py:137} INFO - [2023-01-06T18:37:26.703+0000] {dagbag.py:538} INFO - Filling up the DagBag from /home/airflow/.local/lib/python3.7/site-packages/airflow/example_dags/example_branch_python_dop_operator_3.py
[2023-01-06T18:37:26.723+0000] {processor.py:753} INFO - DAG(s) dict_keys(['example_branch_dop_operator_v3']) retrieved from /home/airflow/.local/lib/python3.7/site-packages/airflow/example_dags/example_branch_python_dop_operator_3.py
[2023-01-06T18:37:26.751+0000] {logging_mixin.py:137} INFO - [2023-01-06T18:37:26.751+0000] {dag.py:2676} INFO - Sync 1 DAGs
[2023-01-06T18:37:26.772+0000] {logging_mixin.py:137} INFO - [2023-01-06T18:37:26.772+0000] {dag.py:3427} INFO - Setting next_dagrun for example_branch_dop_operator_v3 to 2023-01-06T18:36:00+00:00, run_after=2023-01-06T18:37:00+00:00
[2023-01-06T18:37:26.786+0000] {processor.py:175} INFO - Processing /home/airflow/.local/lib/python3.7/site-packages/airflow/example_dags/example_branch_python_dop_operator_3.py took 0.087 seconds
[2023-01-06T18:37:57.215+0000] {processor.py:153} INFO - Started process (PID=232) to work on /home/airflow/.local/lib/python3.7/site-packages/airflow/example_dags/example_branch_python_dop_operator_3.py
[2023-01-06T18:37:57.216+0000] {processor.py:743} INFO - Processing file /home/airflow/.local/lib/python3.7/site-packages/airflow/example_dags/example_branch_python_dop_operator_3.py for tasks to queue
[2023-01-06T18:37:57.216+0000] {logging_mixin.py:137} INFO - [2023-01-06T18:37:57.216+0000] {dagbag.py:538} INFO - Filling up the DagBag from /home/airflow/.local/lib/python3.7/site-packages/airflow/example_dags/example_branch_python_dop_operator_3.py
[2023-01-06T18:37:57.235+0000] {processor.py:753} INFO - DAG(s) dict_keys(['example_branch_dop_operator_v3']) retrieved from /home/airflow/.local/lib/python3.7/site-packages/airflow/example_dags/example_branch_python_dop_operator_3.py
[2023-01-06T18:37:57.267+0000] {logging_mixin.py:137} INFO - [2023-01-06T18:37:57.267+0000] {dag.py:2676} INFO - Sync 1 DAGs
[2023-01-06T18:37:57.290+0000] {logging_mixin.py:137} INFO - [2023-01-06T18:37:57.290+0000] {dag.py:3427} INFO - Setting next_dagrun for example_branch_dop_operator_v3 to 2023-01-06T18:36:00+00:00, run_after=2023-01-06T18:37:00+00:00
[2023-01-06T18:37:57.306+0000] {processor.py:175} INFO - Processing /home/airflow/.local/lib/python3.7/site-packages/airflow/example_dags/example_branch_python_dop_operator_3.py took 0.095 seconds
[2023-01-06T18:38:27.582+0000] {processor.py:153} INFO - Started process (PID=302) to work on /home/airflow/.local/lib/python3.7/site-packages/airflow/example_dags/example_branch_python_dop_operator_3.py
[2023-01-06T18:38:27.583+0000] {processor.py:743} INFO - Processing file /home/airflow/.local/lib/python3.7/site-packages/airflow/example_dags/example_branch_python_dop_operator_3.py for tasks to queue
[2023-01-06T18:38:27.584+0000] {logging_mixin.py:137} INFO - [2023-01-06T18:38:27.584+0000] {dagbag.py:538} INFO - Filling up the DagBag from /home/airflow/.local/lib/python3.7/site-packages/airflow/example_dags/example_branch_python_dop_operator_3.py
[2023-01-06T18:38:27.602+0000] {processor.py:753} INFO - DAG(s) dict_keys(['example_branch_dop_operator_v3']) retrieved from /home/airflow/.local/lib/python3.7/site-packages/airflow/example_dags/example_branch_python_dop_operator_3.py
[2023-01-06T18:38:27.634+0000] {logging_mixin.py:137} INFO - [2023-01-06T18:38:27.633+0000] {dag.py:2676} INFO - Sync 1 DAGs
[2023-01-06T18:38:27.656+0000] {logging_mixin.py:137} INFO - [2023-01-06T18:38:27.656+0000] {dag.py:3427} INFO - Setting next_dagrun for example_branch_dop_operator_v3 to 2023-01-06T18:37:00+00:00, run_after=2023-01-06T18:38:00+00:00
[2023-01-06T18:38:27.671+0000] {processor.py:175} INFO - Processing /home/airflow/.local/lib/python3.7/site-packages/airflow/example_dags/example_branch_python_dop_operator_3.py took 0.092 seconds
[2023-01-06T18:38:58.008+0000] {processor.py:153} INFO - Started process (PID=388) to work on /home/airflow/.local/lib/python3.7/site-packages/airflow/example_dags/example_branch_python_dop_operator_3.py
[2023-01-06T18:38:58.009+0000] {processor.py:743} INFO - Processing file /home/airflow/.local/lib/python3.7/site-packages/airflow/example_dags/example_branch_python_dop_operator_3.py for tasks to queue
[2023-01-06T18:38:58.010+0000] {logging_mixin.py:137} INFO - [2023-01-06T18:38:58.009+0000] {dagbag.py:538} INFO - Filling up the DagBag from /home/airflow/.local/lib/python3.7/site-packages/airflow/example_dags/example_branch_python_dop_operator_3.py
[2023-01-06T18:38:58.030+0000] {processor.py:753} INFO - DAG(s) dict_keys(['example_branch_dop_operator_v3']) retrieved from /home/airflow/.local/lib/python3.7/site-packages/airflow/example_dags/example_branch_python_dop_operator_3.py
[2023-01-06T18:38:58.060+0000] {logging_mixin.py:137} INFO - [2023-01-06T18:38:58.059+0000] {dag.py:2676} INFO - Sync 1 DAGs
[2023-01-06T18:38:58.083+0000] {logging_mixin.py:137} INFO - [2023-01-06T18:38:58.083+0000] {dag.py:3427} INFO - Setting next_dagrun for example_branch_dop_operator_v3 to 2023-01-06T18:37:00+00:00, run_after=2023-01-06T18:38:00+00:00
[2023-01-06T18:38:58.097+0000] {processor.py:175} INFO - Processing /home/airflow/.local/lib/python3.7/site-packages/airflow/example_dags/example_branch_python_dop_operator_3.py took 0.092 seconds
[2023-01-06T18:39:28.453+0000] {processor.py:153} INFO - Started process (PID=458) to work on /home/airflow/.local/lib/python3.7/site-packages/airflow/example_dags/example_branch_python_dop_operator_3.py
[2023-01-06T18:39:28.454+0000] {processor.py:743} INFO - Processing file /home/airflow/.local/lib/python3.7/site-packages/airflow/example_dags/example_branch_python_dop_operator_3.py for tasks to queue
[2023-01-06T18:39:28.455+0000] {logging_mixin.py:137} INFO - [2023-01-06T18:39:28.455+0000] {dagbag.py:538} INFO - Filling up the DagBag from /home/airflow/.local/lib/python3.7/site-packages/airflow/example_dags/example_branch_python_dop_operator_3.py
[2023-01-06T18:39:28.481+0000] {processor.py:753} INFO - DAG(s) dict_keys(['example_branch_dop_operator_v3']) retrieved from /home/airflow/.local/lib/python3.7/site-packages/airflow/example_dags/example_branch_python_dop_operator_3.py
[2023-01-06T18:39:28.528+0000] {logging_mixin.py:137} INFO - [2023-01-06T18:39:28.528+0000] {dag.py:2676} INFO - Sync 1 DAGs
[2023-01-06T18:39:28.561+0000] {logging_mixin.py:137} INFO - [2023-01-06T18:39:28.560+0000] {dag.py:3427} INFO - Setting next_dagrun for example_branch_dop_operator_v3 to 2023-01-06T18:38:00+00:00, run_after=2023-01-06T18:39:00+00:00
[2023-01-06T18:39:28.581+0000] {processor.py:175} INFO - Processing /home/airflow/.local/lib/python3.7/site-packages/airflow/example_dags/example_branch_python_dop_operator_3.py took 0.131 seconds
[2023-01-06T18:39:59.000+0000] {processor.py:153} INFO - Started process (PID=544) to work on /home/airflow/.local/lib/python3.7/site-packages/airflow/example_dags/example_branch_python_dop_operator_3.py
[2023-01-06T18:39:59.001+0000] {processor.py:743} INFO - Processing file /home/airflow/.local/lib/python3.7/site-packages/airflow/example_dags/example_branch_python_dop_operator_3.py for tasks to queue
[2023-01-06T18:39:59.002+0000] {logging_mixin.py:137} INFO - [2023-01-06T18:39:59.001+0000] {dagbag.py:538} INFO - Filling up the DagBag from /home/airflow/.local/lib/python3.7/site-packages/airflow/example_dags/example_branch_python_dop_operator_3.py
[2023-01-06T18:39:59.022+0000] {processor.py:753} INFO - DAG(s) dict_keys(['example_branch_dop_operator_v3']) retrieved from /home/airflow/.local/lib/python3.7/site-packages/airflow/example_dags/example_branch_python_dop_operator_3.py
[2023-01-06T18:39:59.053+0000] {logging_mixin.py:137} INFO - [2023-01-06T18:39:59.053+0000] {dag.py:2676} INFO - Sync 1 DAGs
[2023-01-06T18:39:59.076+0000] {logging_mixin.py:137} INFO - [2023-01-06T18:39:59.076+0000] {dag.py:3427} INFO - Setting next_dagrun for example_branch_dop_operator_v3 to 2023-01-06T18:38:00+00:00, run_after=2023-01-06T18:39:00+00:00
[2023-01-06T18:39:59.090+0000] {processor.py:175} INFO - Processing /home/airflow/.local/lib/python3.7/site-packages/airflow/example_dags/example_branch_python_dop_operator_3.py took 0.093 seconds
[2023-01-06T18:40:29.524+0000] {processor.py:153} INFO - Started process (PID=631) to work on /home/airflow/.local/lib/python3.7/site-packages/airflow/example_dags/example_branch_python_dop_operator_3.py
[2023-01-06T18:40:29.525+0000] {processor.py:743} INFO - Processing file /home/airflow/.local/lib/python3.7/site-packages/airflow/example_dags/example_branch_python_dop_operator_3.py for tasks to queue
[2023-01-06T18:40:29.526+0000] {logging_mixin.py:137} INFO - [2023-01-06T18:40:29.526+0000] {dagbag.py:538} INFO - Filling up the DagBag from /home/airflow/.local/lib/python3.7/site-packages/airflow/example_dags/example_branch_python_dop_operator_3.py
[2023-01-06T18:40:29.545+0000] {processor.py:753} INFO - DAG(s) dict_keys(['example_branch_dop_operator_v3']) retrieved from /home/airflow/.local/lib/python3.7/site-packages/airflow/example_dags/example_branch_python_dop_operator_3.py
[2023-01-06T18:40:29.577+0000] {logging_mixin.py:137} INFO - [2023-01-06T18:40:29.577+0000] {dag.py:2676} INFO - Sync 1 DAGs
[2023-01-06T18:40:29.600+0000] {logging_mixin.py:137} INFO - [2023-01-06T18:40:29.600+0000] {dag.py:3427} INFO - Setting next_dagrun for example_branch_dop_operator_v3 to 2023-01-06T18:39:00+00:00, run_after=2023-01-06T18:40:00+00:00
[2023-01-06T18:40:29.614+0000] {processor.py:175} INFO - Processing /home/airflow/.local/lib/python3.7/site-packages/airflow/example_dags/example_branch_python_dop_operator_3.py took 0.093 seconds
[2023-01-06T18:40:59.837+0000] {processor.py:153} INFO - Started process (PID=701) to work on /home/airflow/.local/lib/python3.7/site-packages/airflow/example_dags/example_branch_python_dop_operator_3.py
[2023-01-06T18:40:59.838+0000] {processor.py:743} INFO - Processing file /home/airflow/.local/lib/python3.7/site-packages/airflow/example_dags/example_branch_python_dop_operator_3.py for tasks to queue
[2023-01-06T18:40:59.838+0000] {logging_mixin.py:137} INFO - [2023-01-06T18:40:59.838+0000] {dagbag.py:538} INFO - Filling up the DagBag from /home/airflow/.local/lib/python3.7/site-packages/airflow/example_dags/example_branch_python_dop_operator_3.py
[2023-01-06T18:40:59.858+0000] {processor.py:753} INFO - DAG(s) dict_keys(['example_branch_dop_operator_v3']) retrieved from /home/airflow/.local/lib/python3.7/site-packages/airflow/example_dags/example_branch_python_dop_operator_3.py
[2023-01-06T18:40:59.886+0000] {logging_mixin.py:137} INFO - [2023-01-06T18:40:59.886+0000] {dag.py:2676} INFO - Sync 1 DAGs
[2023-01-06T18:40:59.907+0000] {logging_mixin.py:137} INFO - [2023-01-06T18:40:59.907+0000] {dag.py:3427} INFO - Setting next_dagrun for example_branch_dop_operator_v3 to 2023-01-06T18:39:00+00:00, run_after=2023-01-06T18:40:00+00:00
[2023-01-06T18:40:59.921+0000] {processor.py:175} INFO - Processing /home/airflow/.local/lib/python3.7/site-packages/airflow/example_dags/example_branch_python_dop_operator_3.py took 0.087 seconds
[2023-01-06T18:41:30.233+0000] {processor.py:153} INFO - Started process (PID=787) to work on /home/airflow/.local/lib/python3.7/site-packages/airflow/example_dags/example_branch_python_dop_operator_3.py
[2023-01-06T18:41:30.234+0000] {processor.py:743} INFO - Processing file /home/airflow/.local/lib/python3.7/site-packages/airflow/example_dags/example_branch_python_dop_operator_3.py for tasks to queue
[2023-01-06T18:41:30.234+0000] {logging_mixin.py:137} INFO - [2023-01-06T18:41:30.234+0000] {dagbag.py:538} INFO - Filling up the DagBag from /home/airflow/.local/lib/python3.7/site-packages/airflow/example_dags/example_branch_python_dop_operator_3.py
[2023-01-06T18:41:30.254+0000] {processor.py:753} INFO - DAG(s) dict_keys(['example_branch_dop_operator_v3']) retrieved from /home/airflow/.local/lib/python3.7/site-packages/airflow/example_dags/example_branch_python_dop_operator_3.py
[2023-01-06T18:41:30.282+0000] {logging_mixin.py:137} INFO - [2023-01-06T18:41:30.282+0000] {dag.py:2676} INFO - Sync 1 DAGs
[2023-01-06T18:41:30.303+0000] {logging_mixin.py:137} INFO - [2023-01-06T18:41:30.303+0000] {dag.py:3427} INFO - Setting next_dagrun for example_branch_dop_operator_v3 to 2023-01-06T18:40:00+00:00, run_after=2023-01-06T18:41:00+00:00
[2023-01-06T18:41:30.316+0000] {processor.py:175} INFO - Processing /home/airflow/.local/lib/python3.7/site-packages/airflow/example_dags/example_branch_python_dop_operator_3.py took 0.085 seconds
[2023-01-06T18:42:01.291+0000] {processor.py:153} INFO - Started process (PID=872) to work on /home/airflow/.local/lib/python3.7/site-packages/airflow/example_dags/example_branch_python_dop_operator_3.py
[2023-01-06T18:42:01.292+0000] {processor.py:743} INFO - Processing file /home/airflow/.local/lib/python3.7/site-packages/airflow/example_dags/example_branch_python_dop_operator_3.py for tasks to queue
[2023-01-06T18:42:01.293+0000] {logging_mixin.py:137} INFO - [2023-01-06T18:42:01.292+0000] {dagbag.py:538} INFO - Filling up the DagBag from /home/airflow/.local/lib/python3.7/site-packages/airflow/example_dags/example_branch_python_dop_operator_3.py
[2023-01-06T18:42:01.315+0000] {processor.py:753} INFO - DAG(s) dict_keys(['example_branch_dop_operator_v3']) retrieved from /home/airflow/.local/lib/python3.7/site-packages/airflow/example_dags/example_branch_python_dop_operator_3.py
[2023-01-06T18:42:01.353+0000] {logging_mixin.py:137} INFO - [2023-01-06T18:42:01.352+0000] {dag.py:2676} INFO - Sync 1 DAGs
[2023-01-06T18:42:01.376+0000] {logging_mixin.py:137} INFO - [2023-01-06T18:42:01.376+0000] {dag.py:3427} INFO - Setting next_dagrun for example_branch_dop_operator_v3 to 2023-01-06T18:41:00+00:00, run_after=2023-01-06T18:42:00+00:00
[2023-01-06T18:42:01.389+0000] {processor.py:175} INFO - Processing /home/airflow/.local/lib/python3.7/site-packages/airflow/example_dags/example_branch_python_dop_operator_3.py took 0.101 seconds
