[2023-01-06T18:36:55.609+0000] {processor.py:153} INFO - Started process (PID=52) to work on /home/airflow/.local/lib/python3.7/site-packages/airflow/example_dags/example_nested_branch_dag.py
[2023-01-06T18:36:55.609+0000] {processor.py:743} INFO - Processing file /home/airflow/.local/lib/python3.7/site-packages/airflow/example_dags/example_nested_branch_dag.py for tasks to queue
[2023-01-06T18:36:55.610+0000] {logging_mixin.py:137} INFO - [2023-01-06T18:36:55.610+0000] {dagbag.py:538} INFO - Filling up the DagBag from /home/airflow/.local/lib/python3.7/site-packages/airflow/example_dags/example_nested_branch_dag.py
[2023-01-06T18:36:55.632+0000] {processor.py:753} INFO - DAG(s) dict_keys(['example_nested_branch_dag']) retrieved from /home/airflow/.local/lib/python3.7/site-packages/airflow/example_dags/example_nested_branch_dag.py
[2023-01-06T18:36:55.652+0000] {logging_mixin.py:137} INFO - [2023-01-06T18:36:55.652+0000] {dag.py:2676} INFO - Sync 1 DAGs
[2023-01-06T18:36:55.673+0000] {logging_mixin.py:137} INFO - [2023-01-06T18:36:55.673+0000] {dag.py:3427} INFO - Setting next_dagrun for example_nested_branch_dag to 2023-01-05T00:00:00+00:00, run_after=2023-01-06T00:00:00+00:00
[2023-01-06T18:36:55.687+0000] {processor.py:175} INFO - Processing /home/airflow/.local/lib/python3.7/site-packages/airflow/example_dags/example_nested_branch_dag.py took 0.082 seconds
[2023-01-06T18:37:26.295+0000] {processor.py:153} INFO - Started process (PID=138) to work on /home/airflow/.local/lib/python3.7/site-packages/airflow/example_dags/example_nested_branch_dag.py
[2023-01-06T18:37:26.296+0000] {processor.py:743} INFO - Processing file /home/airflow/.local/lib/python3.7/site-packages/airflow/example_dags/example_nested_branch_dag.py for tasks to queue
[2023-01-06T18:37:26.297+0000] {logging_mixin.py:137} INFO - [2023-01-06T18:37:26.297+0000] {dagbag.py:538} INFO - Filling up the DagBag from /home/airflow/.local/lib/python3.7/site-packages/airflow/example_dags/example_nested_branch_dag.py
[2023-01-06T18:37:26.320+0000] {processor.py:753} INFO - DAG(s) dict_keys(['example_nested_branch_dag']) retrieved from /home/airflow/.local/lib/python3.7/site-packages/airflow/example_dags/example_nested_branch_dag.py
[2023-01-06T18:37:26.350+0000] {logging_mixin.py:137} INFO - [2023-01-06T18:37:26.350+0000] {dag.py:2676} INFO - Sync 1 DAGs
[2023-01-06T18:37:26.369+0000] {logging_mixin.py:137} INFO - [2023-01-06T18:37:26.369+0000] {dag.py:3427} INFO - Setting next_dagrun for example_nested_branch_dag to 2023-01-05T00:00:00+00:00, run_after=2023-01-06T00:00:00+00:00
[2023-01-06T18:37:26.383+0000] {processor.py:175} INFO - Processing /home/airflow/.local/lib/python3.7/site-packages/airflow/example_dags/example_nested_branch_dag.py took 0.090 seconds
[2023-01-06T18:37:56.727+0000] {processor.py:153} INFO - Started process (PID=224) to work on /home/airflow/.local/lib/python3.7/site-packages/airflow/example_dags/example_nested_branch_dag.py
[2023-01-06T18:37:56.728+0000] {processor.py:743} INFO - Processing file /home/airflow/.local/lib/python3.7/site-packages/airflow/example_dags/example_nested_branch_dag.py for tasks to queue
[2023-01-06T18:37:56.728+0000] {logging_mixin.py:137} INFO - [2023-01-06T18:37:56.728+0000] {dagbag.py:538} INFO - Filling up the DagBag from /home/airflow/.local/lib/python3.7/site-packages/airflow/example_dags/example_nested_branch_dag.py
[2023-01-06T18:37:56.748+0000] {processor.py:753} INFO - DAG(s) dict_keys(['example_nested_branch_dag']) retrieved from /home/airflow/.local/lib/python3.7/site-packages/airflow/example_dags/example_nested_branch_dag.py
[2023-01-06T18:37:56.781+0000] {logging_mixin.py:137} INFO - [2023-01-06T18:37:56.781+0000] {dag.py:2676} INFO - Sync 1 DAGs
[2023-01-06T18:37:56.801+0000] {logging_mixin.py:137} INFO - [2023-01-06T18:37:56.801+0000] {dag.py:3427} INFO - Setting next_dagrun for example_nested_branch_dag to 2023-01-05T00:00:00+00:00, run_after=2023-01-06T00:00:00+00:00
[2023-01-06T18:37:56.815+0000] {processor.py:175} INFO - Processing /home/airflow/.local/lib/python3.7/site-packages/airflow/example_dags/example_nested_branch_dag.py took 0.092 seconds
[2023-01-06T18:38:27.142+0000] {processor.py:153} INFO - Started process (PID=294) to work on /home/airflow/.local/lib/python3.7/site-packages/airflow/example_dags/example_nested_branch_dag.py
[2023-01-06T18:38:27.143+0000] {processor.py:743} INFO - Processing file /home/airflow/.local/lib/python3.7/site-packages/airflow/example_dags/example_nested_branch_dag.py for tasks to queue
[2023-01-06T18:38:27.144+0000] {logging_mixin.py:137} INFO - [2023-01-06T18:38:27.144+0000] {dagbag.py:538} INFO - Filling up the DagBag from /home/airflow/.local/lib/python3.7/site-packages/airflow/example_dags/example_nested_branch_dag.py
[2023-01-06T18:38:27.164+0000] {processor.py:753} INFO - DAG(s) dict_keys(['example_nested_branch_dag']) retrieved from /home/airflow/.local/lib/python3.7/site-packages/airflow/example_dags/example_nested_branch_dag.py
[2023-01-06T18:38:27.203+0000] {logging_mixin.py:137} INFO - [2023-01-06T18:38:27.203+0000] {dag.py:2676} INFO - Sync 1 DAGs
[2023-01-06T18:38:27.223+0000] {logging_mixin.py:137} INFO - [2023-01-06T18:38:27.223+0000] {dag.py:3427} INFO - Setting next_dagrun for example_nested_branch_dag to 2023-01-05T00:00:00+00:00, run_after=2023-01-06T00:00:00+00:00
[2023-01-06T18:38:27.236+0000] {processor.py:175} INFO - Processing /home/airflow/.local/lib/python3.7/site-packages/airflow/example_dags/example_nested_branch_dag.py took 0.097 seconds
[2023-01-06T18:38:57.577+0000] {processor.py:153} INFO - Started process (PID=380) to work on /home/airflow/.local/lib/python3.7/site-packages/airflow/example_dags/example_nested_branch_dag.py
[2023-01-06T18:38:57.578+0000] {processor.py:743} INFO - Processing file /home/airflow/.local/lib/python3.7/site-packages/airflow/example_dags/example_nested_branch_dag.py for tasks to queue
[2023-01-06T18:38:57.578+0000] {logging_mixin.py:137} INFO - [2023-01-06T18:38:57.578+0000] {dagbag.py:538} INFO - Filling up the DagBag from /home/airflow/.local/lib/python3.7/site-packages/airflow/example_dags/example_nested_branch_dag.py
[2023-01-06T18:38:57.598+0000] {processor.py:753} INFO - DAG(s) dict_keys(['example_nested_branch_dag']) retrieved from /home/airflow/.local/lib/python3.7/site-packages/airflow/example_dags/example_nested_branch_dag.py
[2023-01-06T18:38:57.630+0000] {logging_mixin.py:137} INFO - [2023-01-06T18:38:57.630+0000] {dag.py:2676} INFO - Sync 1 DAGs
[2023-01-06T18:38:57.650+0000] {logging_mixin.py:137} INFO - [2023-01-06T18:38:57.650+0000] {dag.py:3427} INFO - Setting next_dagrun for example_nested_branch_dag to 2023-01-05T00:00:00+00:00, run_after=2023-01-06T00:00:00+00:00
[2023-01-06T18:38:57.663+0000] {processor.py:175} INFO - Processing /home/airflow/.local/lib/python3.7/site-packages/airflow/example_dags/example_nested_branch_dag.py took 0.089 seconds
[2023-01-06T18:39:27.965+0000] {processor.py:153} INFO - Started process (PID=450) to work on /home/airflow/.local/lib/python3.7/site-packages/airflow/example_dags/example_nested_branch_dag.py
[2023-01-06T18:39:27.966+0000] {processor.py:743} INFO - Processing file /home/airflow/.local/lib/python3.7/site-packages/airflow/example_dags/example_nested_branch_dag.py for tasks to queue
[2023-01-06T18:39:27.967+0000] {logging_mixin.py:137} INFO - [2023-01-06T18:39:27.967+0000] {dagbag.py:538} INFO - Filling up the DagBag from /home/airflow/.local/lib/python3.7/site-packages/airflow/example_dags/example_nested_branch_dag.py
[2023-01-06T18:39:27.985+0000] {processor.py:753} INFO - DAG(s) dict_keys(['example_nested_branch_dag']) retrieved from /home/airflow/.local/lib/python3.7/site-packages/airflow/example_dags/example_nested_branch_dag.py
[2023-01-06T18:39:28.013+0000] {logging_mixin.py:137} INFO - [2023-01-06T18:39:28.013+0000] {dag.py:2676} INFO - Sync 1 DAGs
[2023-01-06T18:39:28.031+0000] {logging_mixin.py:137} INFO - [2023-01-06T18:39:28.031+0000] {dag.py:3427} INFO - Setting next_dagrun for example_nested_branch_dag to 2023-01-05T00:00:00+00:00, run_after=2023-01-06T00:00:00+00:00
[2023-01-06T18:39:28.044+0000] {processor.py:175} INFO - Processing /home/airflow/.local/lib/python3.7/site-packages/airflow/example_dags/example_nested_branch_dag.py took 0.082 seconds
[2023-01-06T18:39:58.465+0000] {processor.py:153} INFO - Started process (PID=536) to work on /home/airflow/.local/lib/python3.7/site-packages/airflow/example_dags/example_nested_branch_dag.py
[2023-01-06T18:39:58.466+0000] {processor.py:743} INFO - Processing file /home/airflow/.local/lib/python3.7/site-packages/airflow/example_dags/example_nested_branch_dag.py for tasks to queue
[2023-01-06T18:39:58.466+0000] {logging_mixin.py:137} INFO - [2023-01-06T18:39:58.466+0000] {dagbag.py:538} INFO - Filling up the DagBag from /home/airflow/.local/lib/python3.7/site-packages/airflow/example_dags/example_nested_branch_dag.py
[2023-01-06T18:39:58.492+0000] {processor.py:753} INFO - DAG(s) dict_keys(['example_nested_branch_dag']) retrieved from /home/airflow/.local/lib/python3.7/site-packages/airflow/example_dags/example_nested_branch_dag.py
[2023-01-06T18:39:58.525+0000] {logging_mixin.py:137} INFO - [2023-01-06T18:39:58.525+0000] {dag.py:2676} INFO - Sync 1 DAGs
[2023-01-06T18:39:58.546+0000] {logging_mixin.py:137} INFO - [2023-01-06T18:39:58.546+0000] {dag.py:3427} INFO - Setting next_dagrun for example_nested_branch_dag to 2023-01-05T00:00:00+00:00, run_after=2023-01-06T00:00:00+00:00
[2023-01-06T18:39:58.559+0000] {processor.py:175} INFO - Processing /home/airflow/.local/lib/python3.7/site-packages/airflow/example_dags/example_nested_branch_dag.py took 0.097 seconds
[2023-01-06T18:40:29.089+0000] {processor.py:153} INFO - Started process (PID=623) to work on /home/airflow/.local/lib/python3.7/site-packages/airflow/example_dags/example_nested_branch_dag.py
[2023-01-06T18:40:29.090+0000] {processor.py:743} INFO - Processing file /home/airflow/.local/lib/python3.7/site-packages/airflow/example_dags/example_nested_branch_dag.py for tasks to queue
[2023-01-06T18:40:29.090+0000] {logging_mixin.py:137} INFO - [2023-01-06T18:40:29.090+0000] {dagbag.py:538} INFO - Filling up the DagBag from /home/airflow/.local/lib/python3.7/site-packages/airflow/example_dags/example_nested_branch_dag.py
[2023-01-06T18:40:29.111+0000] {processor.py:753} INFO - DAG(s) dict_keys(['example_nested_branch_dag']) retrieved from /home/airflow/.local/lib/python3.7/site-packages/airflow/example_dags/example_nested_branch_dag.py
[2023-01-06T18:40:29.144+0000] {logging_mixin.py:137} INFO - [2023-01-06T18:40:29.144+0000] {dag.py:2676} INFO - Sync 1 DAGs
[2023-01-06T18:40:29.166+0000] {logging_mixin.py:137} INFO - [2023-01-06T18:40:29.166+0000] {dag.py:3427} INFO - Setting next_dagrun for example_nested_branch_dag to 2023-01-05T00:00:00+00:00, run_after=2023-01-06T00:00:00+00:00
[2023-01-06T18:40:29.181+0000] {processor.py:175} INFO - Processing /home/airflow/.local/lib/python3.7/site-packages/airflow/example_dags/example_nested_branch_dag.py took 0.096 seconds
[2023-01-06T18:40:59.432+0000] {processor.py:153} INFO - Started process (PID=693) to work on /home/airflow/.local/lib/python3.7/site-packages/airflow/example_dags/example_nested_branch_dag.py
[2023-01-06T18:40:59.433+0000] {processor.py:743} INFO - Processing file /home/airflow/.local/lib/python3.7/site-packages/airflow/example_dags/example_nested_branch_dag.py for tasks to queue
[2023-01-06T18:40:59.434+0000] {logging_mixin.py:137} INFO - [2023-01-06T18:40:59.434+0000] {dagbag.py:538} INFO - Filling up the DagBag from /home/airflow/.local/lib/python3.7/site-packages/airflow/example_dags/example_nested_branch_dag.py
[2023-01-06T18:40:59.453+0000] {processor.py:753} INFO - DAG(s) dict_keys(['example_nested_branch_dag']) retrieved from /home/airflow/.local/lib/python3.7/site-packages/airflow/example_dags/example_nested_branch_dag.py
[2023-01-06T18:40:59.482+0000] {logging_mixin.py:137} INFO - [2023-01-06T18:40:59.482+0000] {dag.py:2676} INFO - Sync 1 DAGs
[2023-01-06T18:40:59.501+0000] {logging_mixin.py:137} INFO - [2023-01-06T18:40:59.501+0000] {dag.py:3427} INFO - Setting next_dagrun for example_nested_branch_dag to 2023-01-05T00:00:00+00:00, run_after=2023-01-06T00:00:00+00:00
[2023-01-06T18:40:59.514+0000] {processor.py:175} INFO - Processing /home/airflow/.local/lib/python3.7/site-packages/airflow/example_dags/example_nested_branch_dag.py took 0.085 seconds
[2023-01-06T18:41:29.715+0000] {processor.py:153} INFO - Started process (PID=779) to work on /home/airflow/.local/lib/python3.7/site-packages/airflow/example_dags/example_nested_branch_dag.py
[2023-01-06T18:41:29.716+0000] {processor.py:743} INFO - Processing file /home/airflow/.local/lib/python3.7/site-packages/airflow/example_dags/example_nested_branch_dag.py for tasks to queue
[2023-01-06T18:41:29.716+0000] {logging_mixin.py:137} INFO - [2023-01-06T18:41:29.716+0000] {dagbag.py:538} INFO - Filling up the DagBag from /home/airflow/.local/lib/python3.7/site-packages/airflow/example_dags/example_nested_branch_dag.py
[2023-01-06T18:41:29.736+0000] {processor.py:753} INFO - DAG(s) dict_keys(['example_nested_branch_dag']) retrieved from /home/airflow/.local/lib/python3.7/site-packages/airflow/example_dags/example_nested_branch_dag.py
[2023-01-06T18:41:29.766+0000] {logging_mixin.py:137} INFO - [2023-01-06T18:41:29.766+0000] {dag.py:2676} INFO - Sync 1 DAGs
[2023-01-06T18:41:29.787+0000] {logging_mixin.py:137} INFO - [2023-01-06T18:41:29.787+0000] {dag.py:3427} INFO - Setting next_dagrun for example_nested_branch_dag to 2023-01-05T00:00:00+00:00, run_after=2023-01-06T00:00:00+00:00
[2023-01-06T18:41:29.800+0000] {processor.py:175} INFO - Processing /home/airflow/.local/lib/python3.7/site-packages/airflow/example_dags/example_nested_branch_dag.py took 0.087 seconds
[2023-01-06T18:42:00.727+0000] {processor.py:153} INFO - Started process (PID=864) to work on /home/airflow/.local/lib/python3.7/site-packages/airflow/example_dags/example_nested_branch_dag.py
[2023-01-06T18:42:00.728+0000] {processor.py:743} INFO - Processing file /home/airflow/.local/lib/python3.7/site-packages/airflow/example_dags/example_nested_branch_dag.py for tasks to queue
[2023-01-06T18:42:00.729+0000] {logging_mixin.py:137} INFO - [2023-01-06T18:42:00.729+0000] {dagbag.py:538} INFO - Filling up the DagBag from /home/airflow/.local/lib/python3.7/site-packages/airflow/example_dags/example_nested_branch_dag.py
[2023-01-06T18:42:00.765+0000] {processor.py:753} INFO - DAG(s) dict_keys(['example_nested_branch_dag']) retrieved from /home/airflow/.local/lib/python3.7/site-packages/airflow/example_dags/example_nested_branch_dag.py
[2023-01-06T18:42:00.816+0000] {logging_mixin.py:137} INFO - [2023-01-06T18:42:00.815+0000] {dag.py:2676} INFO - Sync 1 DAGs
[2023-01-06T18:42:00.846+0000] {logging_mixin.py:137} INFO - [2023-01-06T18:42:00.846+0000] {dag.py:3427} INFO - Setting next_dagrun for example_nested_branch_dag to 2023-01-05T00:00:00+00:00, run_after=2023-01-06T00:00:00+00:00
[2023-01-06T18:42:00.863+0000] {processor.py:175} INFO - Processing /home/airflow/.local/lib/python3.7/site-packages/airflow/example_dags/example_nested_branch_dag.py took 0.140 seconds
