[2023-01-06T18:36:54.973+0000] {processor.py:153} INFO - Started process (PID=43) to work on /home/airflow/.local/lib/python3.7/site-packages/airflow/example_dags/example_complex.py
[2023-01-06T18:36:54.974+0000] {processor.py:743} INFO - Processing file /home/airflow/.local/lib/python3.7/site-packages/airflow/example_dags/example_complex.py for tasks to queue
[2023-01-06T18:36:54.975+0000] {logging_mixin.py:137} INFO - [2023-01-06T18:36:54.975+0000] {dagbag.py:538} INFO - Filling up the DagBag from /home/airflow/.local/lib/python3.7/site-packages/airflow/example_dags/example_complex.py
[2023-01-06T18:36:54.986+0000] {logging_mixin.py:137} INFO - [2023-01-06T18:36:54.986+0000] {taskmixin.py:205} WARNING - Dependency <Task(BashOperator): create_entry_group>, delete_entry_group already registered for DAG: example_complex
[2023-01-06T18:36:54.986+0000] {logging_mixin.py:137} INFO - [2023-01-06T18:36:54.986+0000] {taskmixin.py:205} WARNING - Dependency <Task(BashOperator): delete_entry_group>, create_entry_group already registered for DAG: example_complex
[2023-01-06T18:36:54.986+0000] {logging_mixin.py:137} INFO - [2023-01-06T18:36:54.986+0000] {taskmixin.py:205} WARNING - Dependency <Task(BashOperator): create_entry_gcs>, delete_entry already registered for DAG: example_complex
[2023-01-06T18:36:54.986+0000] {logging_mixin.py:137} INFO - [2023-01-06T18:36:54.986+0000] {taskmixin.py:205} WARNING - Dependency <Task(BashOperator): delete_entry>, create_entry_gcs already registered for DAG: example_complex
[2023-01-06T18:36:54.987+0000] {logging_mixin.py:137} INFO - [2023-01-06T18:36:54.987+0000] {taskmixin.py:205} WARNING - Dependency <Task(BashOperator): create_tag>, delete_tag already registered for DAG: example_complex
[2023-01-06T18:36:54.987+0000] {logging_mixin.py:137} INFO - [2023-01-06T18:36:54.987+0000] {taskmixin.py:205} WARNING - Dependency <Task(BashOperator): delete_tag>, create_tag already registered for DAG: example_complex
[2023-01-06T18:36:54.993+0000] {processor.py:753} INFO - DAG(s) dict_keys(['example_complex']) retrieved from /home/airflow/.local/lib/python3.7/site-packages/airflow/example_dags/example_complex.py
[2023-01-06T18:36:55.015+0000] {logging_mixin.py:137} INFO - [2023-01-06T18:36:55.015+0000] {dag.py:2676} INFO - Sync 1 DAGs
[2023-01-06T18:36:55.036+0000] {logging_mixin.py:137} INFO - [2023-01-06T18:36:55.036+0000] {dag.py:3427} INFO - Setting next_dagrun for example_complex to None, run_after=None
[2023-01-06T18:36:55.051+0000] {processor.py:175} INFO - Processing /home/airflow/.local/lib/python3.7/site-packages/airflow/example_dags/example_complex.py took 0.081 seconds
[2023-01-06T18:37:25.868+0000] {processor.py:153} INFO - Started process (PID=129) to work on /home/airflow/.local/lib/python3.7/site-packages/airflow/example_dags/example_complex.py
[2023-01-06T18:37:25.868+0000] {processor.py:743} INFO - Processing file /home/airflow/.local/lib/python3.7/site-packages/airflow/example_dags/example_complex.py for tasks to queue
[2023-01-06T18:37:25.869+0000] {logging_mixin.py:137} INFO - [2023-01-06T18:37:25.869+0000] {dagbag.py:538} INFO - Filling up the DagBag from /home/airflow/.local/lib/python3.7/site-packages/airflow/example_dags/example_complex.py
[2023-01-06T18:37:25.879+0000] {logging_mixin.py:137} INFO - [2023-01-06T18:37:25.879+0000] {taskmixin.py:205} WARNING - Dependency <Task(BashOperator): create_entry_group>, delete_entry_group already registered for DAG: example_complex
[2023-01-06T18:37:25.879+0000] {logging_mixin.py:137} INFO - [2023-01-06T18:37:25.879+0000] {taskmixin.py:205} WARNING - Dependency <Task(BashOperator): delete_entry_group>, create_entry_group already registered for DAG: example_complex
[2023-01-06T18:37:25.879+0000] {logging_mixin.py:137} INFO - [2023-01-06T18:37:25.879+0000] {taskmixin.py:205} WARNING - Dependency <Task(BashOperator): create_entry_gcs>, delete_entry already registered for DAG: example_complex
[2023-01-06T18:37:25.879+0000] {logging_mixin.py:137} INFO - [2023-01-06T18:37:25.879+0000] {taskmixin.py:205} WARNING - Dependency <Task(BashOperator): delete_entry>, create_entry_gcs already registered for DAG: example_complex
[2023-01-06T18:37:25.880+0000] {logging_mixin.py:137} INFO - [2023-01-06T18:37:25.880+0000] {taskmixin.py:205} WARNING - Dependency <Task(BashOperator): create_tag>, delete_tag already registered for DAG: example_complex
[2023-01-06T18:37:25.880+0000] {logging_mixin.py:137} INFO - [2023-01-06T18:37:25.880+0000] {taskmixin.py:205} WARNING - Dependency <Task(BashOperator): delete_tag>, create_tag already registered for DAG: example_complex
[2023-01-06T18:37:25.887+0000] {processor.py:753} INFO - DAG(s) dict_keys(['example_complex']) retrieved from /home/airflow/.local/lib/python3.7/site-packages/airflow/example_dags/example_complex.py
[2023-01-06T18:37:25.919+0000] {logging_mixin.py:137} INFO - [2023-01-06T18:37:25.918+0000] {dag.py:2676} INFO - Sync 1 DAGs
[2023-01-06T18:37:25.936+0000] {logging_mixin.py:137} INFO - [2023-01-06T18:37:25.936+0000] {dag.py:3427} INFO - Setting next_dagrun for example_complex to None, run_after=None
[2023-01-06T18:37:25.949+0000] {processor.py:175} INFO - Processing /home/airflow/.local/lib/python3.7/site-packages/airflow/example_dags/example_complex.py took 0.084 seconds
[2023-01-06T18:37:56.037+0000] {processor.py:153} INFO - Started process (PID=208) to work on /home/airflow/.local/lib/python3.7/site-packages/airflow/example_dags/example_complex.py
[2023-01-06T18:37:56.038+0000] {processor.py:743} INFO - Processing file /home/airflow/.local/lib/python3.7/site-packages/airflow/example_dags/example_complex.py for tasks to queue
[2023-01-06T18:37:56.039+0000] {logging_mixin.py:137} INFO - [2023-01-06T18:37:56.039+0000] {dagbag.py:538} INFO - Filling up the DagBag from /home/airflow/.local/lib/python3.7/site-packages/airflow/example_dags/example_complex.py
[2023-01-06T18:37:56.048+0000] {logging_mixin.py:137} INFO - [2023-01-06T18:37:56.048+0000] {taskmixin.py:205} WARNING - Dependency <Task(BashOperator): create_entry_group>, delete_entry_group already registered for DAG: example_complex
[2023-01-06T18:37:56.048+0000] {logging_mixin.py:137} INFO - [2023-01-06T18:37:56.048+0000] {taskmixin.py:205} WARNING - Dependency <Task(BashOperator): delete_entry_group>, create_entry_group already registered for DAG: example_complex
[2023-01-06T18:37:56.048+0000] {logging_mixin.py:137} INFO - [2023-01-06T18:37:56.048+0000] {taskmixin.py:205} WARNING - Dependency <Task(BashOperator): create_entry_gcs>, delete_entry already registered for DAG: example_complex
[2023-01-06T18:37:56.048+0000] {logging_mixin.py:137} INFO - [2023-01-06T18:37:56.048+0000] {taskmixin.py:205} WARNING - Dependency <Task(BashOperator): delete_entry>, create_entry_gcs already registered for DAG: example_complex
[2023-01-06T18:37:56.049+0000] {logging_mixin.py:137} INFO - [2023-01-06T18:37:56.049+0000] {taskmixin.py:205} WARNING - Dependency <Task(BashOperator): create_tag>, delete_tag already registered for DAG: example_complex
[2023-01-06T18:37:56.049+0000] {logging_mixin.py:137} INFO - [2023-01-06T18:37:56.049+0000] {taskmixin.py:205} WARNING - Dependency <Task(BashOperator): delete_tag>, create_tag already registered for DAG: example_complex
[2023-01-06T18:37:56.055+0000] {processor.py:753} INFO - DAG(s) dict_keys(['example_complex']) retrieved from /home/airflow/.local/lib/python3.7/site-packages/airflow/example_dags/example_complex.py
[2023-01-06T18:37:56.089+0000] {logging_mixin.py:137} INFO - [2023-01-06T18:37:56.089+0000] {dag.py:2676} INFO - Sync 1 DAGs
[2023-01-06T18:37:56.108+0000] {logging_mixin.py:137} INFO - [2023-01-06T18:37:56.108+0000] {dag.py:3427} INFO - Setting next_dagrun for example_complex to None, run_after=None
[2023-01-06T18:37:56.123+0000] {processor.py:175} INFO - Processing /home/airflow/.local/lib/python3.7/site-packages/airflow/example_dags/example_complex.py took 0.089 seconds
[2023-01-06T18:38:26.500+0000] {processor.py:153} INFO - Started process (PID=285) to work on /home/airflow/.local/lib/python3.7/site-packages/airflow/example_dags/example_complex.py
[2023-01-06T18:38:26.501+0000] {processor.py:743} INFO - Processing file /home/airflow/.local/lib/python3.7/site-packages/airflow/example_dags/example_complex.py for tasks to queue
[2023-01-06T18:38:26.501+0000] {logging_mixin.py:137} INFO - [2023-01-06T18:38:26.501+0000] {dagbag.py:538} INFO - Filling up the DagBag from /home/airflow/.local/lib/python3.7/site-packages/airflow/example_dags/example_complex.py
[2023-01-06T18:38:26.511+0000] {logging_mixin.py:137} INFO - [2023-01-06T18:38:26.511+0000] {taskmixin.py:205} WARNING - Dependency <Task(BashOperator): create_entry_group>, delete_entry_group already registered for DAG: example_complex
[2023-01-06T18:38:26.511+0000] {logging_mixin.py:137} INFO - [2023-01-06T18:38:26.511+0000] {taskmixin.py:205} WARNING - Dependency <Task(BashOperator): delete_entry_group>, create_entry_group already registered for DAG: example_complex
[2023-01-06T18:38:26.511+0000] {logging_mixin.py:137} INFO - [2023-01-06T18:38:26.511+0000] {taskmixin.py:205} WARNING - Dependency <Task(BashOperator): create_entry_gcs>, delete_entry already registered for DAG: example_complex
[2023-01-06T18:38:26.511+0000] {logging_mixin.py:137} INFO - [2023-01-06T18:38:26.511+0000] {taskmixin.py:205} WARNING - Dependency <Task(BashOperator): delete_entry>, create_entry_gcs already registered for DAG: example_complex
[2023-01-06T18:38:26.512+0000] {logging_mixin.py:137} INFO - [2023-01-06T18:38:26.511+0000] {taskmixin.py:205} WARNING - Dependency <Task(BashOperator): create_tag>, delete_tag already registered for DAG: example_complex
[2023-01-06T18:38:26.512+0000] {logging_mixin.py:137} INFO - [2023-01-06T18:38:26.512+0000] {taskmixin.py:205} WARNING - Dependency <Task(BashOperator): delete_tag>, create_tag already registered for DAG: example_complex
[2023-01-06T18:38:26.518+0000] {processor.py:753} INFO - DAG(s) dict_keys(['example_complex']) retrieved from /home/airflow/.local/lib/python3.7/site-packages/airflow/example_dags/example_complex.py
[2023-01-06T18:38:26.554+0000] {logging_mixin.py:137} INFO - [2023-01-06T18:38:26.554+0000] {dag.py:2676} INFO - Sync 1 DAGs
[2023-01-06T18:38:26.573+0000] {logging_mixin.py:137} INFO - [2023-01-06T18:38:26.573+0000] {dag.py:3427} INFO - Setting next_dagrun for example_complex to None, run_after=None
[2023-01-06T18:38:26.587+0000] {processor.py:175} INFO - Processing /home/airflow/.local/lib/python3.7/site-packages/airflow/example_dags/example_complex.py took 0.090 seconds
[2023-01-06T18:38:57.044+0000] {processor.py:153} INFO - Started process (PID=371) to work on /home/airflow/.local/lib/python3.7/site-packages/airflow/example_dags/example_complex.py
[2023-01-06T18:38:57.045+0000] {processor.py:743} INFO - Processing file /home/airflow/.local/lib/python3.7/site-packages/airflow/example_dags/example_complex.py for tasks to queue
[2023-01-06T18:38:57.046+0000] {logging_mixin.py:137} INFO - [2023-01-06T18:38:57.045+0000] {dagbag.py:538} INFO - Filling up the DagBag from /home/airflow/.local/lib/python3.7/site-packages/airflow/example_dags/example_complex.py
[2023-01-06T18:38:57.055+0000] {logging_mixin.py:137} INFO - [2023-01-06T18:38:57.055+0000] {taskmixin.py:205} WARNING - Dependency <Task(BashOperator): create_entry_group>, delete_entry_group already registered for DAG: example_complex
[2023-01-06T18:38:57.055+0000] {logging_mixin.py:137} INFO - [2023-01-06T18:38:57.055+0000] {taskmixin.py:205} WARNING - Dependency <Task(BashOperator): delete_entry_group>, create_entry_group already registered for DAG: example_complex
[2023-01-06T18:38:57.055+0000] {logging_mixin.py:137} INFO - [2023-01-06T18:38:57.055+0000] {taskmixin.py:205} WARNING - Dependency <Task(BashOperator): create_entry_gcs>, delete_entry already registered for DAG: example_complex
[2023-01-06T18:38:57.055+0000] {logging_mixin.py:137} INFO - [2023-01-06T18:38:57.055+0000] {taskmixin.py:205} WARNING - Dependency <Task(BashOperator): delete_entry>, create_entry_gcs already registered for DAG: example_complex
[2023-01-06T18:38:57.055+0000] {logging_mixin.py:137} INFO - [2023-01-06T18:38:57.055+0000] {taskmixin.py:205} WARNING - Dependency <Task(BashOperator): create_tag>, delete_tag already registered for DAG: example_complex
[2023-01-06T18:38:57.056+0000] {logging_mixin.py:137} INFO - [2023-01-06T18:38:57.056+0000] {taskmixin.py:205} WARNING - Dependency <Task(BashOperator): delete_tag>, create_tag already registered for DAG: example_complex
[2023-01-06T18:38:57.061+0000] {processor.py:753} INFO - DAG(s) dict_keys(['example_complex']) retrieved from /home/airflow/.local/lib/python3.7/site-packages/airflow/example_dags/example_complex.py
[2023-01-06T18:38:57.095+0000] {logging_mixin.py:137} INFO - [2023-01-06T18:38:57.094+0000] {dag.py:2676} INFO - Sync 1 DAGs
[2023-01-06T18:38:57.112+0000] {logging_mixin.py:137} INFO - [2023-01-06T18:38:57.112+0000] {dag.py:3427} INFO - Setting next_dagrun for example_complex to None, run_after=None
[2023-01-06T18:38:57.124+0000] {processor.py:175} INFO - Processing /home/airflow/.local/lib/python3.7/site-packages/airflow/example_dags/example_complex.py took 0.083 seconds
[2023-01-06T18:39:27.369+0000] {processor.py:153} INFO - Started process (PID=441) to work on /home/airflow/.local/lib/python3.7/site-packages/airflow/example_dags/example_complex.py
[2023-01-06T18:39:27.370+0000] {processor.py:743} INFO - Processing file /home/airflow/.local/lib/python3.7/site-packages/airflow/example_dags/example_complex.py for tasks to queue
[2023-01-06T18:39:27.370+0000] {logging_mixin.py:137} INFO - [2023-01-06T18:39:27.370+0000] {dagbag.py:538} INFO - Filling up the DagBag from /home/airflow/.local/lib/python3.7/site-packages/airflow/example_dags/example_complex.py
[2023-01-06T18:39:27.379+0000] {logging_mixin.py:137} INFO - [2023-01-06T18:39:27.379+0000] {taskmixin.py:205} WARNING - Dependency <Task(BashOperator): create_entry_group>, delete_entry_group already registered for DAG: example_complex
[2023-01-06T18:39:27.379+0000] {logging_mixin.py:137} INFO - [2023-01-06T18:39:27.379+0000] {taskmixin.py:205} WARNING - Dependency <Task(BashOperator): delete_entry_group>, create_entry_group already registered for DAG: example_complex
[2023-01-06T18:39:27.380+0000] {logging_mixin.py:137} INFO - [2023-01-06T18:39:27.380+0000] {taskmixin.py:205} WARNING - Dependency <Task(BashOperator): create_entry_gcs>, delete_entry already registered for DAG: example_complex
[2023-01-06T18:39:27.380+0000] {logging_mixin.py:137} INFO - [2023-01-06T18:39:27.380+0000] {taskmixin.py:205} WARNING - Dependency <Task(BashOperator): delete_entry>, create_entry_gcs already registered for DAG: example_complex
[2023-01-06T18:39:27.380+0000] {logging_mixin.py:137} INFO - [2023-01-06T18:39:27.380+0000] {taskmixin.py:205} WARNING - Dependency <Task(BashOperator): create_tag>, delete_tag already registered for DAG: example_complex
[2023-01-06T18:39:27.380+0000] {logging_mixin.py:137} INFO - [2023-01-06T18:39:27.380+0000] {taskmixin.py:205} WARNING - Dependency <Task(BashOperator): delete_tag>, create_tag already registered for DAG: example_complex
[2023-01-06T18:39:27.386+0000] {processor.py:753} INFO - DAG(s) dict_keys(['example_complex']) retrieved from /home/airflow/.local/lib/python3.7/site-packages/airflow/example_dags/example_complex.py
[2023-01-06T18:39:27.418+0000] {logging_mixin.py:137} INFO - [2023-01-06T18:39:27.417+0000] {dag.py:2676} INFO - Sync 1 DAGs
[2023-01-06T18:39:27.436+0000] {logging_mixin.py:137} INFO - [2023-01-06T18:39:27.435+0000] {dag.py:3427} INFO - Setting next_dagrun for example_complex to None, run_after=None
[2023-01-06T18:39:27.449+0000] {processor.py:175} INFO - Processing /home/airflow/.local/lib/python3.7/site-packages/airflow/example_dags/example_complex.py took 0.083 seconds
[2023-01-06T18:39:57.959+0000] {processor.py:153} INFO - Started process (PID=527) to work on /home/airflow/.local/lib/python3.7/site-packages/airflow/example_dags/example_complex.py
[2023-01-06T18:39:57.960+0000] {processor.py:743} INFO - Processing file /home/airflow/.local/lib/python3.7/site-packages/airflow/example_dags/example_complex.py for tasks to queue
[2023-01-06T18:39:57.960+0000] {logging_mixin.py:137} INFO - [2023-01-06T18:39:57.960+0000] {dagbag.py:538} INFO - Filling up the DagBag from /home/airflow/.local/lib/python3.7/site-packages/airflow/example_dags/example_complex.py
[2023-01-06T18:39:57.970+0000] {logging_mixin.py:137} INFO - [2023-01-06T18:39:57.970+0000] {taskmixin.py:205} WARNING - Dependency <Task(BashOperator): create_entry_group>, delete_entry_group already registered for DAG: example_complex
[2023-01-06T18:39:57.971+0000] {logging_mixin.py:137} INFO - [2023-01-06T18:39:57.971+0000] {taskmixin.py:205} WARNING - Dependency <Task(BashOperator): delete_entry_group>, create_entry_group already registered for DAG: example_complex
[2023-01-06T18:39:57.971+0000] {logging_mixin.py:137} INFO - [2023-01-06T18:39:57.971+0000] {taskmixin.py:205} WARNING - Dependency <Task(BashOperator): create_entry_gcs>, delete_entry already registered for DAG: example_complex
[2023-01-06T18:39:57.971+0000] {logging_mixin.py:137} INFO - [2023-01-06T18:39:57.971+0000] {taskmixin.py:205} WARNING - Dependency <Task(BashOperator): delete_entry>, create_entry_gcs already registered for DAG: example_complex
[2023-01-06T18:39:57.971+0000] {logging_mixin.py:137} INFO - [2023-01-06T18:39:57.971+0000] {taskmixin.py:205} WARNING - Dependency <Task(BashOperator): create_tag>, delete_tag already registered for DAG: example_complex
[2023-01-06T18:39:57.971+0000] {logging_mixin.py:137} INFO - [2023-01-06T18:39:57.971+0000] {taskmixin.py:205} WARNING - Dependency <Task(BashOperator): delete_tag>, create_tag already registered for DAG: example_complex
[2023-01-06T18:39:57.977+0000] {processor.py:753} INFO - DAG(s) dict_keys(['example_complex']) retrieved from /home/airflow/.local/lib/python3.7/site-packages/airflow/example_dags/example_complex.py
[2023-01-06T18:39:58.009+0000] {logging_mixin.py:137} INFO - [2023-01-06T18:39:58.009+0000] {dag.py:2676} INFO - Sync 1 DAGs
[2023-01-06T18:39:58.028+0000] {logging_mixin.py:137} INFO - [2023-01-06T18:39:58.028+0000] {dag.py:3427} INFO - Setting next_dagrun for example_complex to None, run_after=None
[2023-01-06T18:39:58.040+0000] {processor.py:175} INFO - Processing /home/airflow/.local/lib/python3.7/site-packages/airflow/example_dags/example_complex.py took 0.084 seconds
[2023-01-06T18:40:28.469+0000] {processor.py:153} INFO - Started process (PID=614) to work on /home/airflow/.local/lib/python3.7/site-packages/airflow/example_dags/example_complex.py
[2023-01-06T18:40:28.470+0000] {processor.py:743} INFO - Processing file /home/airflow/.local/lib/python3.7/site-packages/airflow/example_dags/example_complex.py for tasks to queue
[2023-01-06T18:40:28.470+0000] {logging_mixin.py:137} INFO - [2023-01-06T18:40:28.470+0000] {dagbag.py:538} INFO - Filling up the DagBag from /home/airflow/.local/lib/python3.7/site-packages/airflow/example_dags/example_complex.py
[2023-01-06T18:40:28.480+0000] {logging_mixin.py:137} INFO - [2023-01-06T18:40:28.480+0000] {taskmixin.py:205} WARNING - Dependency <Task(BashOperator): create_entry_group>, delete_entry_group already registered for DAG: example_complex
[2023-01-06T18:40:28.481+0000] {logging_mixin.py:137} INFO - [2023-01-06T18:40:28.481+0000] {taskmixin.py:205} WARNING - Dependency <Task(BashOperator): delete_entry_group>, create_entry_group already registered for DAG: example_complex
[2023-01-06T18:40:28.481+0000] {logging_mixin.py:137} INFO - [2023-01-06T18:40:28.481+0000] {taskmixin.py:205} WARNING - Dependency <Task(BashOperator): create_entry_gcs>, delete_entry already registered for DAG: example_complex
[2023-01-06T18:40:28.481+0000] {logging_mixin.py:137} INFO - [2023-01-06T18:40:28.481+0000] {taskmixin.py:205} WARNING - Dependency <Task(BashOperator): delete_entry>, create_entry_gcs already registered for DAG: example_complex
[2023-01-06T18:40:28.481+0000] {logging_mixin.py:137} INFO - [2023-01-06T18:40:28.481+0000] {taskmixin.py:205} WARNING - Dependency <Task(BashOperator): create_tag>, delete_tag already registered for DAG: example_complex
[2023-01-06T18:40:28.481+0000] {logging_mixin.py:137} INFO - [2023-01-06T18:40:28.481+0000] {taskmixin.py:205} WARNING - Dependency <Task(BashOperator): delete_tag>, create_tag already registered for DAG: example_complex
[2023-01-06T18:40:28.488+0000] {processor.py:753} INFO - DAG(s) dict_keys(['example_complex']) retrieved from /home/airflow/.local/lib/python3.7/site-packages/airflow/example_dags/example_complex.py
[2023-01-06T18:40:28.524+0000] {logging_mixin.py:137} INFO - [2023-01-06T18:40:28.524+0000] {dag.py:2676} INFO - Sync 1 DAGs
[2023-01-06T18:40:28.542+0000] {logging_mixin.py:137} INFO - [2023-01-06T18:40:28.542+0000] {dag.py:3427} INFO - Setting next_dagrun for example_complex to None, run_after=None
[2023-01-06T18:40:28.556+0000] {processor.py:175} INFO - Processing /home/airflow/.local/lib/python3.7/site-packages/airflow/example_dags/example_complex.py took 0.090 seconds
[2023-01-06T18:40:58.861+0000] {processor.py:153} INFO - Started process (PID=684) to work on /home/airflow/.local/lib/python3.7/site-packages/airflow/example_dags/example_complex.py
[2023-01-06T18:40:58.862+0000] {processor.py:743} INFO - Processing file /home/airflow/.local/lib/python3.7/site-packages/airflow/example_dags/example_complex.py for tasks to queue
[2023-01-06T18:40:58.863+0000] {logging_mixin.py:137} INFO - [2023-01-06T18:40:58.863+0000] {dagbag.py:538} INFO - Filling up the DagBag from /home/airflow/.local/lib/python3.7/site-packages/airflow/example_dags/example_complex.py
[2023-01-06T18:40:58.872+0000] {logging_mixin.py:137} INFO - [2023-01-06T18:40:58.872+0000] {taskmixin.py:205} WARNING - Dependency <Task(BashOperator): create_entry_group>, delete_entry_group already registered for DAG: example_complex
[2023-01-06T18:40:58.872+0000] {logging_mixin.py:137} INFO - [2023-01-06T18:40:58.872+0000] {taskmixin.py:205} WARNING - Dependency <Task(BashOperator): delete_entry_group>, create_entry_group already registered for DAG: example_complex
[2023-01-06T18:40:58.873+0000] {logging_mixin.py:137} INFO - [2023-01-06T18:40:58.873+0000] {taskmixin.py:205} WARNING - Dependency <Task(BashOperator): create_entry_gcs>, delete_entry already registered for DAG: example_complex
[2023-01-06T18:40:58.873+0000] {logging_mixin.py:137} INFO - [2023-01-06T18:40:58.873+0000] {taskmixin.py:205} WARNING - Dependency <Task(BashOperator): delete_entry>, create_entry_gcs already registered for DAG: example_complex
[2023-01-06T18:40:58.873+0000] {logging_mixin.py:137} INFO - [2023-01-06T18:40:58.873+0000] {taskmixin.py:205} WARNING - Dependency <Task(BashOperator): create_tag>, delete_tag already registered for DAG: example_complex
[2023-01-06T18:40:58.873+0000] {logging_mixin.py:137} INFO - [2023-01-06T18:40:58.873+0000] {taskmixin.py:205} WARNING - Dependency <Task(BashOperator): delete_tag>, create_tag already registered for DAG: example_complex
[2023-01-06T18:40:58.879+0000] {processor.py:753} INFO - DAG(s) dict_keys(['example_complex']) retrieved from /home/airflow/.local/lib/python3.7/site-packages/airflow/example_dags/example_complex.py
[2023-01-06T18:40:58.911+0000] {logging_mixin.py:137} INFO - [2023-01-06T18:40:58.910+0000] {dag.py:2676} INFO - Sync 1 DAGs
[2023-01-06T18:40:58.929+0000] {logging_mixin.py:137} INFO - [2023-01-06T18:40:58.929+0000] {dag.py:3427} INFO - Setting next_dagrun for example_complex to None, run_after=None
[2023-01-06T18:40:58.942+0000] {processor.py:175} INFO - Processing /home/airflow/.local/lib/python3.7/site-packages/airflow/example_dags/example_complex.py took 0.084 seconds
[2023-01-06T18:41:29.105+0000] {processor.py:153} INFO - Started process (PID=770) to work on /home/airflow/.local/lib/python3.7/site-packages/airflow/example_dags/example_complex.py
[2023-01-06T18:41:29.106+0000] {processor.py:743} INFO - Processing file /home/airflow/.local/lib/python3.7/site-packages/airflow/example_dags/example_complex.py for tasks to queue
[2023-01-06T18:41:29.106+0000] {logging_mixin.py:137} INFO - [2023-01-06T18:41:29.106+0000] {dagbag.py:538} INFO - Filling up the DagBag from /home/airflow/.local/lib/python3.7/site-packages/airflow/example_dags/example_complex.py
[2023-01-06T18:41:29.115+0000] {logging_mixin.py:137} INFO - [2023-01-06T18:41:29.115+0000] {taskmixin.py:205} WARNING - Dependency <Task(BashOperator): create_entry_group>, delete_entry_group already registered for DAG: example_complex
[2023-01-06T18:41:29.116+0000] {logging_mixin.py:137} INFO - [2023-01-06T18:41:29.116+0000] {taskmixin.py:205} WARNING - Dependency <Task(BashOperator): delete_entry_group>, create_entry_group already registered for DAG: example_complex
[2023-01-06T18:41:29.116+0000] {logging_mixin.py:137} INFO - [2023-01-06T18:41:29.116+0000] {taskmixin.py:205} WARNING - Dependency <Task(BashOperator): create_entry_gcs>, delete_entry already registered for DAG: example_complex
[2023-01-06T18:41:29.116+0000] {logging_mixin.py:137} INFO - [2023-01-06T18:41:29.116+0000] {taskmixin.py:205} WARNING - Dependency <Task(BashOperator): delete_entry>, create_entry_gcs already registered for DAG: example_complex
[2023-01-06T18:41:29.117+0000] {logging_mixin.py:137} INFO - [2023-01-06T18:41:29.117+0000] {taskmixin.py:205} WARNING - Dependency <Task(BashOperator): create_tag>, delete_tag already registered for DAG: example_complex
[2023-01-06T18:41:29.117+0000] {logging_mixin.py:137} INFO - [2023-01-06T18:41:29.117+0000] {taskmixin.py:205} WARNING - Dependency <Task(BashOperator): delete_tag>, create_tag already registered for DAG: example_complex
[2023-01-06T18:41:29.123+0000] {processor.py:753} INFO - DAG(s) dict_keys(['example_complex']) retrieved from /home/airflow/.local/lib/python3.7/site-packages/airflow/example_dags/example_complex.py
[2023-01-06T18:41:29.162+0000] {logging_mixin.py:137} INFO - [2023-01-06T18:41:29.162+0000] {dag.py:2676} INFO - Sync 1 DAGs
[2023-01-06T18:41:29.181+0000] {logging_mixin.py:137} INFO - [2023-01-06T18:41:29.181+0000] {dag.py:3427} INFO - Setting next_dagrun for example_complex to None, run_after=None
[2023-01-06T18:41:29.199+0000] {processor.py:175} INFO - Processing /home/airflow/.local/lib/python3.7/site-packages/airflow/example_dags/example_complex.py took 0.096 seconds
[2023-01-06T18:41:59.893+0000] {processor.py:153} INFO - Started process (PID=855) to work on /home/airflow/.local/lib/python3.7/site-packages/airflow/example_dags/example_complex.py
[2023-01-06T18:41:59.895+0000] {processor.py:743} INFO - Processing file /home/airflow/.local/lib/python3.7/site-packages/airflow/example_dags/example_complex.py for tasks to queue
[2023-01-06T18:41:59.896+0000] {logging_mixin.py:137} INFO - [2023-01-06T18:41:59.896+0000] {dagbag.py:538} INFO - Filling up the DagBag from /home/airflow/.local/lib/python3.7/site-packages/airflow/example_dags/example_complex.py
[2023-01-06T18:41:59.931+0000] {logging_mixin.py:137} INFO - [2023-01-06T18:41:59.930+0000] {taskmixin.py:205} WARNING - Dependency <Task(BashOperator): create_entry_group>, delete_entry_group already registered for DAG: example_complex
[2023-01-06T18:41:59.931+0000] {logging_mixin.py:137} INFO - [2023-01-06T18:41:59.931+0000] {taskmixin.py:205} WARNING - Dependency <Task(BashOperator): delete_entry_group>, create_entry_group already registered for DAG: example_complex
[2023-01-06T18:41:59.933+0000] {logging_mixin.py:137} INFO - [2023-01-06T18:41:59.933+0000] {taskmixin.py:205} WARNING - Dependency <Task(BashOperator): create_entry_gcs>, delete_entry already registered for DAG: example_complex
[2023-01-06T18:41:59.933+0000] {logging_mixin.py:137} INFO - [2023-01-06T18:41:59.933+0000] {taskmixin.py:205} WARNING - Dependency <Task(BashOperator): delete_entry>, create_entry_gcs already registered for DAG: example_complex
[2023-01-06T18:41:59.934+0000] {logging_mixin.py:137} INFO - [2023-01-06T18:41:59.934+0000] {taskmixin.py:205} WARNING - Dependency <Task(BashOperator): create_tag>, delete_tag already registered for DAG: example_complex
[2023-01-06T18:41:59.934+0000] {logging_mixin.py:137} INFO - [2023-01-06T18:41:59.934+0000] {taskmixin.py:205} WARNING - Dependency <Task(BashOperator): delete_tag>, create_tag already registered for DAG: example_complex
[2023-01-06T18:41:59.943+0000] {processor.py:753} INFO - DAG(s) dict_keys(['example_complex']) retrieved from /home/airflow/.local/lib/python3.7/site-packages/airflow/example_dags/example_complex.py
[2023-01-06T18:42:00.011+0000] {logging_mixin.py:137} INFO - [2023-01-06T18:42:00.011+0000] {dag.py:2676} INFO - Sync 1 DAGs
[2023-01-06T18:42:00.042+0000] {logging_mixin.py:137} INFO - [2023-01-06T18:42:00.041+0000] {dag.py:3427} INFO - Setting next_dagrun for example_complex to None, run_after=None
[2023-01-06T18:42:00.077+0000] {processor.py:175} INFO - Processing /home/airflow/.local/lib/python3.7/site-packages/airflow/example_dags/example_complex.py took 0.188 seconds
