[2023-01-06T18:36:55.366+0000] {processor.py:153} INFO - Started process (PID=48) to work on /home/airflow/.local/lib/python3.7/site-packages/airflow/example_dags/example_sensors.py
[2023-01-06T18:36:55.367+0000] {processor.py:743} INFO - Processing file /home/airflow/.local/lib/python3.7/site-packages/airflow/example_dags/example_sensors.py for tasks to queue
[2023-01-06T18:36:55.368+0000] {logging_mixin.py:137} INFO - [2023-01-06T18:36:55.368+0000] {dagbag.py:538} INFO - Filling up the DagBag from /home/airflow/.local/lib/python3.7/site-packages/airflow/example_dags/example_sensors.py
[2023-01-06T18:36:55.398+0000] {processor.py:753} INFO - DAG(s) dict_keys(['example_sensors']) retrieved from /home/airflow/.local/lib/python3.7/site-packages/airflow/example_dags/example_sensors.py
[2023-01-06T18:36:55.422+0000] {logging_mixin.py:137} INFO - [2023-01-06T18:36:55.421+0000] {dag.py:2676} INFO - Sync 1 DAGs
[2023-01-06T18:36:55.442+0000] {logging_mixin.py:137} INFO - [2023-01-06T18:36:55.442+0000] {dag.py:3427} INFO - Setting next_dagrun for example_sensors to None, run_after=None
[2023-01-06T18:36:55.483+0000] {processor.py:175} INFO - Processing /home/airflow/.local/lib/python3.7/site-packages/airflow/example_dags/example_sensors.py took 0.121 seconds
[2023-01-06T18:37:26.082+0000] {processor.py:153} INFO - Started process (PID=134) to work on /home/airflow/.local/lib/python3.7/site-packages/airflow/example_dags/example_sensors.py
[2023-01-06T18:37:26.083+0000] {processor.py:743} INFO - Processing file /home/airflow/.local/lib/python3.7/site-packages/airflow/example_dags/example_sensors.py for tasks to queue
[2023-01-06T18:37:26.083+0000] {logging_mixin.py:137} INFO - [2023-01-06T18:37:26.083+0000] {dagbag.py:538} INFO - Filling up the DagBag from /home/airflow/.local/lib/python3.7/site-packages/airflow/example_dags/example_sensors.py
[2023-01-06T18:37:26.102+0000] {processor.py:753} INFO - DAG(s) dict_keys(['example_sensors']) retrieved from /home/airflow/.local/lib/python3.7/site-packages/airflow/example_dags/example_sensors.py
[2023-01-06T18:37:26.132+0000] {logging_mixin.py:137} INFO - [2023-01-06T18:37:26.132+0000] {dag.py:2676} INFO - Sync 1 DAGs
[2023-01-06T18:37:26.150+0000] {logging_mixin.py:137} INFO - [2023-01-06T18:37:26.150+0000] {dag.py:3427} INFO - Setting next_dagrun for example_sensors to None, run_after=None
[2023-01-06T18:37:26.163+0000] {processor.py:175} INFO - Processing /home/airflow/.local/lib/python3.7/site-packages/airflow/example_dags/example_sensors.py took 0.084 seconds
[2023-01-06T18:37:56.485+0000] {processor.py:153} INFO - Started process (PID=220) to work on /home/airflow/.local/lib/python3.7/site-packages/airflow/example_dags/example_sensors.py
[2023-01-06T18:37:56.486+0000] {processor.py:743} INFO - Processing file /home/airflow/.local/lib/python3.7/site-packages/airflow/example_dags/example_sensors.py for tasks to queue
[2023-01-06T18:37:56.486+0000] {logging_mixin.py:137} INFO - [2023-01-06T18:37:56.486+0000] {dagbag.py:538} INFO - Filling up the DagBag from /home/airflow/.local/lib/python3.7/site-packages/airflow/example_dags/example_sensors.py
[2023-01-06T18:37:56.503+0000] {processor.py:753} INFO - DAG(s) dict_keys(['example_sensors']) retrieved from /home/airflow/.local/lib/python3.7/site-packages/airflow/example_dags/example_sensors.py
[2023-01-06T18:37:56.534+0000] {logging_mixin.py:137} INFO - [2023-01-06T18:37:56.533+0000] {dag.py:2676} INFO - Sync 1 DAGs
[2023-01-06T18:37:56.552+0000] {logging_mixin.py:137} INFO - [2023-01-06T18:37:56.552+0000] {dag.py:3427} INFO - Setting next_dagrun for example_sensors to None, run_after=None
[2023-01-06T18:37:56.566+0000] {processor.py:175} INFO - Processing /home/airflow/.local/lib/python3.7/site-packages/airflow/example_dags/example_sensors.py took 0.084 seconds
[2023-01-06T18:38:26.912+0000] {processor.py:153} INFO - Started process (PID=290) to work on /home/airflow/.local/lib/python3.7/site-packages/airflow/example_dags/example_sensors.py
[2023-01-06T18:38:26.913+0000] {processor.py:743} INFO - Processing file /home/airflow/.local/lib/python3.7/site-packages/airflow/example_dags/example_sensors.py for tasks to queue
[2023-01-06T18:38:26.913+0000] {logging_mixin.py:137} INFO - [2023-01-06T18:38:26.913+0000] {dagbag.py:538} INFO - Filling up the DagBag from /home/airflow/.local/lib/python3.7/site-packages/airflow/example_dags/example_sensors.py
[2023-01-06T18:38:26.933+0000] {processor.py:753} INFO - DAG(s) dict_keys(['example_sensors']) retrieved from /home/airflow/.local/lib/python3.7/site-packages/airflow/example_dags/example_sensors.py
[2023-01-06T18:38:26.964+0000] {logging_mixin.py:137} INFO - [2023-01-06T18:38:26.964+0000] {dag.py:2676} INFO - Sync 1 DAGs
[2023-01-06T18:38:26.983+0000] {logging_mixin.py:137} INFO - [2023-01-06T18:38:26.983+0000] {dag.py:3427} INFO - Setting next_dagrun for example_sensors to None, run_after=None
[2023-01-06T18:38:26.998+0000] {processor.py:175} INFO - Processing /home/airflow/.local/lib/python3.7/site-packages/airflow/example_dags/example_sensors.py took 0.089 seconds
[2023-01-06T18:38:57.358+0000] {processor.py:153} INFO - Started process (PID=376) to work on /home/airflow/.local/lib/python3.7/site-packages/airflow/example_dags/example_sensors.py
[2023-01-06T18:38:57.359+0000] {processor.py:743} INFO - Processing file /home/airflow/.local/lib/python3.7/site-packages/airflow/example_dags/example_sensors.py for tasks to queue
[2023-01-06T18:38:57.360+0000] {logging_mixin.py:137} INFO - [2023-01-06T18:38:57.359+0000] {dagbag.py:538} INFO - Filling up the DagBag from /home/airflow/.local/lib/python3.7/site-packages/airflow/example_dags/example_sensors.py
[2023-01-06T18:38:57.377+0000] {processor.py:753} INFO - DAG(s) dict_keys(['example_sensors']) retrieved from /home/airflow/.local/lib/python3.7/site-packages/airflow/example_dags/example_sensors.py
[2023-01-06T18:38:57.405+0000] {logging_mixin.py:137} INFO - [2023-01-06T18:38:57.405+0000] {dag.py:2676} INFO - Sync 1 DAGs
[2023-01-06T18:38:57.424+0000] {logging_mixin.py:137} INFO - [2023-01-06T18:38:57.424+0000] {dag.py:3427} INFO - Setting next_dagrun for example_sensors to None, run_after=None
[2023-01-06T18:38:57.440+0000] {processor.py:175} INFO - Processing /home/airflow/.local/lib/python3.7/site-packages/airflow/example_dags/example_sensors.py took 0.085 seconds
[2023-01-06T18:39:27.670+0000] {processor.py:153} INFO - Started process (PID=446) to work on /home/airflow/.local/lib/python3.7/site-packages/airflow/example_dags/example_sensors.py
[2023-01-06T18:39:27.671+0000] {processor.py:743} INFO - Processing file /home/airflow/.local/lib/python3.7/site-packages/airflow/example_dags/example_sensors.py for tasks to queue
[2023-01-06T18:39:27.672+0000] {logging_mixin.py:137} INFO - [2023-01-06T18:39:27.672+0000] {dagbag.py:538} INFO - Filling up the DagBag from /home/airflow/.local/lib/python3.7/site-packages/airflow/example_dags/example_sensors.py
[2023-01-06T18:39:27.688+0000] {processor.py:753} INFO - DAG(s) dict_keys(['example_sensors']) retrieved from /home/airflow/.local/lib/python3.7/site-packages/airflow/example_dags/example_sensors.py
[2023-01-06T18:39:27.718+0000] {logging_mixin.py:137} INFO - [2023-01-06T18:39:27.718+0000] {dag.py:2676} INFO - Sync 1 DAGs
[2023-01-06T18:39:27.737+0000] {logging_mixin.py:137} INFO - [2023-01-06T18:39:27.736+0000] {dag.py:3427} INFO - Setting next_dagrun for example_sensors to None, run_after=None
[2023-01-06T18:39:27.749+0000] {processor.py:175} INFO - Processing /home/airflow/.local/lib/python3.7/site-packages/airflow/example_dags/example_sensors.py took 0.082 seconds
[2023-01-06T18:39:58.250+0000] {processor.py:153} INFO - Started process (PID=532) to work on /home/airflow/.local/lib/python3.7/site-packages/airflow/example_dags/example_sensors.py
[2023-01-06T18:39:58.251+0000] {processor.py:743} INFO - Processing file /home/airflow/.local/lib/python3.7/site-packages/airflow/example_dags/example_sensors.py for tasks to queue
[2023-01-06T18:39:58.252+0000] {logging_mixin.py:137} INFO - [2023-01-06T18:39:58.252+0000] {dagbag.py:538} INFO - Filling up the DagBag from /home/airflow/.local/lib/python3.7/site-packages/airflow/example_dags/example_sensors.py
[2023-01-06T18:39:58.268+0000] {processor.py:753} INFO - DAG(s) dict_keys(['example_sensors']) retrieved from /home/airflow/.local/lib/python3.7/site-packages/airflow/example_dags/example_sensors.py
[2023-01-06T18:39:58.299+0000] {logging_mixin.py:137} INFO - [2023-01-06T18:39:58.299+0000] {dag.py:2676} INFO - Sync 1 DAGs
[2023-01-06T18:39:58.316+0000] {logging_mixin.py:137} INFO - [2023-01-06T18:39:58.316+0000] {dag.py:3427} INFO - Setting next_dagrun for example_sensors to None, run_after=None
[2023-01-06T18:39:58.329+0000] {processor.py:175} INFO - Processing /home/airflow/.local/lib/python3.7/site-packages/airflow/example_dags/example_sensors.py took 0.081 seconds
[2023-01-06T18:40:28.796+0000] {processor.py:153} INFO - Started process (PID=619) to work on /home/airflow/.local/lib/python3.7/site-packages/airflow/example_dags/example_sensors.py
[2023-01-06T18:40:28.797+0000] {processor.py:743} INFO - Processing file /home/airflow/.local/lib/python3.7/site-packages/airflow/example_dags/example_sensors.py for tasks to queue
[2023-01-06T18:40:28.798+0000] {logging_mixin.py:137} INFO - [2023-01-06T18:40:28.798+0000] {dagbag.py:538} INFO - Filling up the DagBag from /home/airflow/.local/lib/python3.7/site-packages/airflow/example_dags/example_sensors.py
[2023-01-06T18:40:28.819+0000] {processor.py:753} INFO - DAG(s) dict_keys(['example_sensors']) retrieved from /home/airflow/.local/lib/python3.7/site-packages/airflow/example_dags/example_sensors.py
[2023-01-06T18:40:28.861+0000] {logging_mixin.py:137} INFO - [2023-01-06T18:40:28.861+0000] {dag.py:2676} INFO - Sync 1 DAGs
[2023-01-06T18:40:28.886+0000] {logging_mixin.py:137} INFO - [2023-01-06T18:40:28.885+0000] {dag.py:3427} INFO - Setting next_dagrun for example_sensors to None, run_after=None
[2023-01-06T18:40:28.909+0000] {processor.py:175} INFO - Processing /home/airflow/.local/lib/python3.7/site-packages/airflow/example_dags/example_sensors.py took 0.116 seconds
[2023-01-06T18:40:59.224+0000] {processor.py:153} INFO - Started process (PID=689) to work on /home/airflow/.local/lib/python3.7/site-packages/airflow/example_dags/example_sensors.py
[2023-01-06T18:40:59.225+0000] {processor.py:743} INFO - Processing file /home/airflow/.local/lib/python3.7/site-packages/airflow/example_dags/example_sensors.py for tasks to queue
[2023-01-06T18:40:59.225+0000] {logging_mixin.py:137} INFO - [2023-01-06T18:40:59.225+0000] {dagbag.py:538} INFO - Filling up the DagBag from /home/airflow/.local/lib/python3.7/site-packages/airflow/example_dags/example_sensors.py
[2023-01-06T18:40:59.241+0000] {processor.py:753} INFO - DAG(s) dict_keys(['example_sensors']) retrieved from /home/airflow/.local/lib/python3.7/site-packages/airflow/example_dags/example_sensors.py
[2023-01-06T18:40:59.271+0000] {logging_mixin.py:137} INFO - [2023-01-06T18:40:59.271+0000] {dag.py:2676} INFO - Sync 1 DAGs
[2023-01-06T18:40:59.288+0000] {logging_mixin.py:137} INFO - [2023-01-06T18:40:59.288+0000] {dag.py:3427} INFO - Setting next_dagrun for example_sensors to None, run_after=None
[2023-01-06T18:40:59.301+0000] {processor.py:175} INFO - Processing /home/airflow/.local/lib/python3.7/site-packages/airflow/example_dags/example_sensors.py took 0.080 seconds
[2023-01-06T18:41:29.498+0000] {processor.py:153} INFO - Started process (PID=775) to work on /home/airflow/.local/lib/python3.7/site-packages/airflow/example_dags/example_sensors.py
[2023-01-06T18:41:29.499+0000] {processor.py:743} INFO - Processing file /home/airflow/.local/lib/python3.7/site-packages/airflow/example_dags/example_sensors.py for tasks to queue
[2023-01-06T18:41:29.500+0000] {logging_mixin.py:137} INFO - [2023-01-06T18:41:29.500+0000] {dagbag.py:538} INFO - Filling up the DagBag from /home/airflow/.local/lib/python3.7/site-packages/airflow/example_dags/example_sensors.py
[2023-01-06T18:41:29.516+0000] {processor.py:753} INFO - DAG(s) dict_keys(['example_sensors']) retrieved from /home/airflow/.local/lib/python3.7/site-packages/airflow/example_dags/example_sensors.py
[2023-01-06T18:41:29.547+0000] {logging_mixin.py:137} INFO - [2023-01-06T18:41:29.547+0000] {dag.py:2676} INFO - Sync 1 DAGs
[2023-01-06T18:41:29.567+0000] {logging_mixin.py:137} INFO - [2023-01-06T18:41:29.566+0000] {dag.py:3427} INFO - Setting next_dagrun for example_sensors to None, run_after=None
[2023-01-06T18:41:29.581+0000] {processor.py:175} INFO - Processing /home/airflow/.local/lib/python3.7/site-packages/airflow/example_dags/example_sensors.py took 0.087 seconds
[2023-01-06T18:42:00.464+0000] {processor.py:153} INFO - Started process (PID=860) to work on /home/airflow/.local/lib/python3.7/site-packages/airflow/example_dags/example_sensors.py
[2023-01-06T18:42:00.464+0000] {processor.py:743} INFO - Processing file /home/airflow/.local/lib/python3.7/site-packages/airflow/example_dags/example_sensors.py for tasks to queue
[2023-01-06T18:42:00.465+0000] {logging_mixin.py:137} INFO - [2023-01-06T18:42:00.465+0000] {dagbag.py:538} INFO - Filling up the DagBag from /home/airflow/.local/lib/python3.7/site-packages/airflow/example_dags/example_sensors.py
[2023-01-06T18:42:00.482+0000] {processor.py:753} INFO - DAG(s) dict_keys(['example_sensors']) retrieved from /home/airflow/.local/lib/python3.7/site-packages/airflow/example_dags/example_sensors.py
[2023-01-06T18:42:00.518+0000] {logging_mixin.py:137} INFO - [2023-01-06T18:42:00.518+0000] {dag.py:2676} INFO - Sync 1 DAGs
[2023-01-06T18:42:00.539+0000] {logging_mixin.py:137} INFO - [2023-01-06T18:42:00.539+0000] {dag.py:3427} INFO - Setting next_dagrun for example_sensors to None, run_after=None
[2023-01-06T18:42:00.557+0000] {processor.py:175} INFO - Processing /home/airflow/.local/lib/python3.7/site-packages/airflow/example_dags/example_sensors.py took 0.096 seconds
