[2023-01-06T18:36:55.508+0000] {processor.py:153} INFO - Started process (PID=51) to work on /home/airflow/.local/lib/python3.7/site-packages/airflow/example_dags/tutorial_dag.py
[2023-01-06T18:36:55.509+0000] {processor.py:743} INFO - Processing file /home/airflow/.local/lib/python3.7/site-packages/airflow/example_dags/tutorial_dag.py for tasks to queue
[2023-01-06T18:36:55.510+0000] {logging_mixin.py:137} INFO - [2023-01-06T18:36:55.510+0000] {dagbag.py:538} INFO - Filling up the DagBag from /home/airflow/.local/lib/python3.7/site-packages/airflow/example_dags/tutorial_dag.py
[2023-01-06T18:36:55.526+0000] {processor.py:753} INFO - DAG(s) dict_keys(['tutorial_dag']) retrieved from /home/airflow/.local/lib/python3.7/site-packages/airflow/example_dags/tutorial_dag.py
[2023-01-06T18:36:55.555+0000] {logging_mixin.py:137} INFO - [2023-01-06T18:36:55.555+0000] {dag.py:2676} INFO - Sync 1 DAGs
[2023-01-06T18:36:55.575+0000] {logging_mixin.py:137} INFO - [2023-01-06T18:36:55.575+0000] {dag.py:3427} INFO - Setting next_dagrun for tutorial_dag to None, run_after=None
[2023-01-06T18:36:55.591+0000] {processor.py:175} INFO - Processing /home/airflow/.local/lib/python3.7/site-packages/airflow/example_dags/tutorial_dag.py took 0.087 seconds
[2023-01-06T18:37:26.265+0000] {processor.py:153} INFO - Started process (PID=137) to work on /home/airflow/.local/lib/python3.7/site-packages/airflow/example_dags/tutorial_dag.py
[2023-01-06T18:37:26.266+0000] {processor.py:743} INFO - Processing file /home/airflow/.local/lib/python3.7/site-packages/airflow/example_dags/tutorial_dag.py for tasks to queue
[2023-01-06T18:37:26.266+0000] {logging_mixin.py:137} INFO - [2023-01-06T18:37:26.266+0000] {dagbag.py:538} INFO - Filling up the DagBag from /home/airflow/.local/lib/python3.7/site-packages/airflow/example_dags/tutorial_dag.py
[2023-01-06T18:37:26.280+0000] {processor.py:753} INFO - DAG(s) dict_keys(['tutorial_dag']) retrieved from /home/airflow/.local/lib/python3.7/site-packages/airflow/example_dags/tutorial_dag.py
[2023-01-06T18:37:26.310+0000] {logging_mixin.py:137} INFO - [2023-01-06T18:37:26.310+0000] {dag.py:2676} INFO - Sync 1 DAGs
[2023-01-06T18:37:26.329+0000] {logging_mixin.py:137} INFO - [2023-01-06T18:37:26.329+0000] {dag.py:3427} INFO - Setting next_dagrun for tutorial_dag to None, run_after=None
[2023-01-06T18:37:26.343+0000] {processor.py:175} INFO - Processing /home/airflow/.local/lib/python3.7/site-packages/airflow/example_dags/tutorial_dag.py took 0.081 seconds
[2023-01-06T18:37:56.692+0000] {processor.py:153} INFO - Started process (PID=223) to work on /home/airflow/.local/lib/python3.7/site-packages/airflow/example_dags/tutorial_dag.py
[2023-01-06T18:37:56.693+0000] {processor.py:743} INFO - Processing file /home/airflow/.local/lib/python3.7/site-packages/airflow/example_dags/tutorial_dag.py for tasks to queue
[2023-01-06T18:37:56.694+0000] {logging_mixin.py:137} INFO - [2023-01-06T18:37:56.694+0000] {dagbag.py:538} INFO - Filling up the DagBag from /home/airflow/.local/lib/python3.7/site-packages/airflow/example_dags/tutorial_dag.py
[2023-01-06T18:37:56.708+0000] {processor.py:753} INFO - DAG(s) dict_keys(['tutorial_dag']) retrieved from /home/airflow/.local/lib/python3.7/site-packages/airflow/example_dags/tutorial_dag.py
[2023-01-06T18:37:56.740+0000] {logging_mixin.py:137} INFO - [2023-01-06T18:37:56.740+0000] {dag.py:2676} INFO - Sync 1 DAGs
[2023-01-06T18:37:56.759+0000] {logging_mixin.py:137} INFO - [2023-01-06T18:37:56.759+0000] {dag.py:3427} INFO - Setting next_dagrun for tutorial_dag to None, run_after=None
[2023-01-06T18:37:56.774+0000] {processor.py:175} INFO - Processing /home/airflow/.local/lib/python3.7/site-packages/airflow/example_dags/tutorial_dag.py took 0.085 seconds
[2023-01-06T18:38:27.118+0000] {processor.py:153} INFO - Started process (PID=293) to work on /home/airflow/.local/lib/python3.7/site-packages/airflow/example_dags/tutorial_dag.py
[2023-01-06T18:38:27.120+0000] {processor.py:743} INFO - Processing file /home/airflow/.local/lib/python3.7/site-packages/airflow/example_dags/tutorial_dag.py for tasks to queue
[2023-01-06T18:38:27.121+0000] {logging_mixin.py:137} INFO - [2023-01-06T18:38:27.120+0000] {dagbag.py:538} INFO - Filling up the DagBag from /home/airflow/.local/lib/python3.7/site-packages/airflow/example_dags/tutorial_dag.py
[2023-01-06T18:38:27.134+0000] {processor.py:753} INFO - DAG(s) dict_keys(['tutorial_dag']) retrieved from /home/airflow/.local/lib/python3.7/site-packages/airflow/example_dags/tutorial_dag.py
[2023-01-06T18:38:27.167+0000] {logging_mixin.py:137} INFO - [2023-01-06T18:38:27.167+0000] {dag.py:2676} INFO - Sync 1 DAGs
[2023-01-06T18:38:27.194+0000] {logging_mixin.py:137} INFO - [2023-01-06T18:38:27.193+0000] {dag.py:3427} INFO - Setting next_dagrun for tutorial_dag to None, run_after=None
[2023-01-06T18:38:27.208+0000] {processor.py:175} INFO - Processing /home/airflow/.local/lib/python3.7/site-packages/airflow/example_dags/tutorial_dag.py took 0.094 seconds
[2023-01-06T18:38:57.559+0000] {processor.py:153} INFO - Started process (PID=379) to work on /home/airflow/.local/lib/python3.7/site-packages/airflow/example_dags/tutorial_dag.py
[2023-01-06T18:38:57.560+0000] {processor.py:743} INFO - Processing file /home/airflow/.local/lib/python3.7/site-packages/airflow/example_dags/tutorial_dag.py for tasks to queue
[2023-01-06T18:38:57.561+0000] {logging_mixin.py:137} INFO - [2023-01-06T18:38:57.561+0000] {dagbag.py:538} INFO - Filling up the DagBag from /home/airflow/.local/lib/python3.7/site-packages/airflow/example_dags/tutorial_dag.py
[2023-01-06T18:38:57.572+0000] {processor.py:753} INFO - DAG(s) dict_keys(['tutorial_dag']) retrieved from /home/airflow/.local/lib/python3.7/site-packages/airflow/example_dags/tutorial_dag.py
[2023-01-06T18:38:57.601+0000] {logging_mixin.py:137} INFO - [2023-01-06T18:38:57.601+0000] {dag.py:2676} INFO - Sync 1 DAGs
[2023-01-06T18:38:57.622+0000] {logging_mixin.py:137} INFO - [2023-01-06T18:38:57.622+0000] {dag.py:3427} INFO - Setting next_dagrun for tutorial_dag to None, run_after=None
[2023-01-06T18:38:57.637+0000] {processor.py:175} INFO - Processing /home/airflow/.local/lib/python3.7/site-packages/airflow/example_dags/tutorial_dag.py took 0.081 seconds
[2023-01-06T18:39:27.875+0000] {processor.py:153} INFO - Started process (PID=449) to work on /home/airflow/.local/lib/python3.7/site-packages/airflow/example_dags/tutorial_dag.py
[2023-01-06T18:39:27.876+0000] {processor.py:743} INFO - Processing file /home/airflow/.local/lib/python3.7/site-packages/airflow/example_dags/tutorial_dag.py for tasks to queue
[2023-01-06T18:39:27.876+0000] {logging_mixin.py:137} INFO - [2023-01-06T18:39:27.876+0000] {dagbag.py:538} INFO - Filling up the DagBag from /home/airflow/.local/lib/python3.7/site-packages/airflow/example_dags/tutorial_dag.py
[2023-01-06T18:39:27.887+0000] {processor.py:753} INFO - DAG(s) dict_keys(['tutorial_dag']) retrieved from /home/airflow/.local/lib/python3.7/site-packages/airflow/example_dags/tutorial_dag.py
[2023-01-06T18:39:27.916+0000] {logging_mixin.py:137} INFO - [2023-01-06T18:39:27.916+0000] {dag.py:2676} INFO - Sync 1 DAGs
[2023-01-06T18:39:27.933+0000] {logging_mixin.py:137} INFO - [2023-01-06T18:39:27.933+0000] {dag.py:3427} INFO - Setting next_dagrun for tutorial_dag to None, run_after=None
[2023-01-06T18:39:27.946+0000] {processor.py:175} INFO - Processing /home/airflow/.local/lib/python3.7/site-packages/airflow/example_dags/tutorial_dag.py took 0.074 seconds
[2023-01-06T18:39:58.449+0000] {processor.py:153} INFO - Started process (PID=535) to work on /home/airflow/.local/lib/python3.7/site-packages/airflow/example_dags/tutorial_dag.py
[2023-01-06T18:39:58.450+0000] {processor.py:743} INFO - Processing file /home/airflow/.local/lib/python3.7/site-packages/airflow/example_dags/tutorial_dag.py for tasks to queue
[2023-01-06T18:39:58.451+0000] {logging_mixin.py:137} INFO - [2023-01-06T18:39:58.451+0000] {dagbag.py:538} INFO - Filling up the DagBag from /home/airflow/.local/lib/python3.7/site-packages/airflow/example_dags/tutorial_dag.py
[2023-01-06T18:39:58.464+0000] {processor.py:753} INFO - DAG(s) dict_keys(['tutorial_dag']) retrieved from /home/airflow/.local/lib/python3.7/site-packages/airflow/example_dags/tutorial_dag.py
[2023-01-06T18:39:58.503+0000] {logging_mixin.py:137} INFO - [2023-01-06T18:39:58.503+0000] {dag.py:2676} INFO - Sync 1 DAGs
[2023-01-06T18:39:58.523+0000] {logging_mixin.py:137} INFO - [2023-01-06T18:39:58.523+0000] {dag.py:3427} INFO - Setting next_dagrun for tutorial_dag to None, run_after=None
[2023-01-06T18:39:58.536+0000] {processor.py:175} INFO - Processing /home/airflow/.local/lib/python3.7/site-packages/airflow/example_dags/tutorial_dag.py took 0.090 seconds
[2023-01-06T18:40:29.074+0000] {processor.py:153} INFO - Started process (PID=622) to work on /home/airflow/.local/lib/python3.7/site-packages/airflow/example_dags/tutorial_dag.py
[2023-01-06T18:40:29.074+0000] {processor.py:743} INFO - Processing file /home/airflow/.local/lib/python3.7/site-packages/airflow/example_dags/tutorial_dag.py for tasks to queue
[2023-01-06T18:40:29.075+0000] {logging_mixin.py:137} INFO - [2023-01-06T18:40:29.075+0000] {dagbag.py:538} INFO - Filling up the DagBag from /home/airflow/.local/lib/python3.7/site-packages/airflow/example_dags/tutorial_dag.py
[2023-01-06T18:40:29.087+0000] {processor.py:753} INFO - DAG(s) dict_keys(['tutorial_dag']) retrieved from /home/airflow/.local/lib/python3.7/site-packages/airflow/example_dags/tutorial_dag.py
[2023-01-06T18:40:29.119+0000] {logging_mixin.py:137} INFO - [2023-01-06T18:40:29.119+0000] {dag.py:2676} INFO - Sync 1 DAGs
[2023-01-06T18:40:29.138+0000] {logging_mixin.py:137} INFO - [2023-01-06T18:40:29.138+0000] {dag.py:3427} INFO - Setting next_dagrun for tutorial_dag to None, run_after=None
[2023-01-06T18:40:29.152+0000] {processor.py:175} INFO - Processing /home/airflow/.local/lib/python3.7/site-packages/airflow/example_dags/tutorial_dag.py took 0.081 seconds
[2023-01-06T18:40:59.412+0000] {processor.py:153} INFO - Started process (PID=692) to work on /home/airflow/.local/lib/python3.7/site-packages/airflow/example_dags/tutorial_dag.py
[2023-01-06T18:40:59.413+0000] {processor.py:743} INFO - Processing file /home/airflow/.local/lib/python3.7/site-packages/airflow/example_dags/tutorial_dag.py for tasks to queue
[2023-01-06T18:40:59.414+0000] {logging_mixin.py:137} INFO - [2023-01-06T18:40:59.414+0000] {dagbag.py:538} INFO - Filling up the DagBag from /home/airflow/.local/lib/python3.7/site-packages/airflow/example_dags/tutorial_dag.py
[2023-01-06T18:40:59.425+0000] {processor.py:753} INFO - DAG(s) dict_keys(['tutorial_dag']) retrieved from /home/airflow/.local/lib/python3.7/site-packages/airflow/example_dags/tutorial_dag.py
[2023-01-06T18:40:59.454+0000] {logging_mixin.py:137} INFO - [2023-01-06T18:40:59.454+0000] {dag.py:2676} INFO - Sync 1 DAGs
[2023-01-06T18:40:59.471+0000] {logging_mixin.py:137} INFO - [2023-01-06T18:40:59.471+0000] {dag.py:3427} INFO - Setting next_dagrun for tutorial_dag to None, run_after=None
[2023-01-06T18:40:59.485+0000] {processor.py:175} INFO - Processing /home/airflow/.local/lib/python3.7/site-packages/airflow/example_dags/tutorial_dag.py took 0.076 seconds
[2023-01-06T18:41:29.612+0000] {processor.py:153} INFO - Started process (PID=778) to work on /home/airflow/.local/lib/python3.7/site-packages/airflow/example_dags/tutorial_dag.py
[2023-01-06T18:41:29.612+0000] {processor.py:743} INFO - Processing file /home/airflow/.local/lib/python3.7/site-packages/airflow/example_dags/tutorial_dag.py for tasks to queue
[2023-01-06T18:41:29.613+0000] {logging_mixin.py:137} INFO - [2023-01-06T18:41:29.613+0000] {dagbag.py:538} INFO - Filling up the DagBag from /home/airflow/.local/lib/python3.7/site-packages/airflow/example_dags/tutorial_dag.py
[2023-01-06T18:41:29.623+0000] {processor.py:753} INFO - DAG(s) dict_keys(['tutorial_dag']) retrieved from /home/airflow/.local/lib/python3.7/site-packages/airflow/example_dags/tutorial_dag.py
[2023-01-06T18:41:29.652+0000] {logging_mixin.py:137} INFO - [2023-01-06T18:41:29.652+0000] {dag.py:2676} INFO - Sync 1 DAGs
[2023-01-06T18:41:29.671+0000] {logging_mixin.py:137} INFO - [2023-01-06T18:41:29.671+0000] {dag.py:3427} INFO - Setting next_dagrun for tutorial_dag to None, run_after=None
[2023-01-06T18:41:29.685+0000] {processor.py:175} INFO - Processing /home/airflow/.local/lib/python3.7/site-packages/airflow/example_dags/tutorial_dag.py took 0.076 seconds
[2023-01-06T18:42:00.683+0000] {processor.py:153} INFO - Started process (PID=863) to work on /home/airflow/.local/lib/python3.7/site-packages/airflow/example_dags/tutorial_dag.py
[2023-01-06T18:42:00.684+0000] {processor.py:743} INFO - Processing file /home/airflow/.local/lib/python3.7/site-packages/airflow/example_dags/tutorial_dag.py for tasks to queue
[2023-01-06T18:42:00.685+0000] {logging_mixin.py:137} INFO - [2023-01-06T18:42:00.685+0000] {dagbag.py:538} INFO - Filling up the DagBag from /home/airflow/.local/lib/python3.7/site-packages/airflow/example_dags/tutorial_dag.py
[2023-01-06T18:42:00.698+0000] {processor.py:753} INFO - DAG(s) dict_keys(['tutorial_dag']) retrieved from /home/airflow/.local/lib/python3.7/site-packages/airflow/example_dags/tutorial_dag.py
[2023-01-06T18:42:00.743+0000] {logging_mixin.py:137} INFO - [2023-01-06T18:42:00.743+0000] {dag.py:2676} INFO - Sync 1 DAGs
[2023-01-06T18:42:00.778+0000] {logging_mixin.py:137} INFO - [2023-01-06T18:42:00.777+0000] {dag.py:3427} INFO - Setting next_dagrun for tutorial_dag to None, run_after=None
[2023-01-06T18:42:00.801+0000] {processor.py:175} INFO - Processing /home/airflow/.local/lib/python3.7/site-packages/airflow/example_dags/tutorial_dag.py took 0.123 seconds
