[2023-01-07T19:59:34.232+0000] {taskinstance.py:1087} INFO - Dependencies all met for <TaskInstance: process_web_log.load_data manual__2023-01-07T19:59:29.972203+00:00 [queued]>
[2023-01-07T19:59:34.239+0000] {taskinstance.py:1087} INFO - Dependencies all met for <TaskInstance: process_web_log.load_data manual__2023-01-07T19:59:29.972203+00:00 [queued]>
[2023-01-07T19:59:34.240+0000] {taskinstance.py:1283} INFO - 
--------------------------------------------------------------------------------
[2023-01-07T19:59:34.240+0000] {taskinstance.py:1284} INFO - Starting attempt 1 of 1
[2023-01-07T19:59:34.240+0000] {taskinstance.py:1285} INFO - 
--------------------------------------------------------------------------------
[2023-01-07T19:59:34.249+0000] {taskinstance.py:1304} INFO - Executing <Task(PythonOperator): load_data> on 2023-01-07 19:59:29.972203+00:00
[2023-01-07T19:59:34.254+0000] {standard_task_runner.py:55} INFO - Started process 12288 to run task
[2023-01-07T19:59:34.257+0000] {standard_task_runner.py:82} INFO - Running: ['***', 'tasks', 'run', 'process_web_log', 'load_data', 'manual__2023-01-07T19:59:29.972203+00:00', '--job-id', '60', '--raw', '--subdir', 'DAGS_FOLDER/process_web_log.py', '--cfg-path', '/tmp/tmpfk51hg6a']
[2023-01-07T19:59:34.258+0000] {standard_task_runner.py:83} INFO - Job 60: Subtask load_data
[2023-01-07T19:59:34.302+0000] {task_command.py:389} INFO - Running <TaskInstance: process_web_log.load_data manual__2023-01-07T19:59:29.972203+00:00 [running]> on host b2d09a0fd3c2
[2023-01-07T19:59:34.344+0000] {taskinstance.py:1513} INFO - Exporting the following env vars:
AIRFLOW_CTX_DAG_OWNER=***
AIRFLOW_CTX_DAG_ID=process_web_log
AIRFLOW_CTX_TASK_ID=load_data
AIRFLOW_CTX_EXECUTION_DATE=2023-01-07T19:59:29.972203+00:00
AIRFLOW_CTX_TRY_NUMBER=1
AIRFLOW_CTX_DAG_RUN_ID=manual__2023-01-07T19:59:29.972203+00:00
[2023-01-07T19:59:34.347+0000] {python.py:177} INFO - Done. Returned value was: None
[2023-01-07T19:59:34.353+0000] {taskinstance.py:1327} INFO - Marking task as SUCCESS. dag_id=process_web_log, task_id=load_data, execution_date=20230107T195929, start_date=20230107T195934, end_date=20230107T195934
[2023-01-07T19:59:34.388+0000] {local_task_job.py:159} INFO - Task exited with return code 0
[2023-01-07T19:59:34.408+0000] {taskinstance.py:2582} INFO - 0 downstream tasks scheduled from follow-on schedule check
