[2023-01-07T17:39:27.891+0000] {taskinstance.py:1087} INFO - Dependencies all met for <TaskInstance: process_web_log.scan_for_log manual__2023-01-07T17:39:26.760909+00:00 [queued]>
[2023-01-07T17:39:27.897+0000] {taskinstance.py:1087} INFO - Dependencies all met for <TaskInstance: process_web_log.scan_for_log manual__2023-01-07T17:39:26.760909+00:00 [queued]>
[2023-01-07T17:39:27.898+0000] {taskinstance.py:1283} INFO - 
--------------------------------------------------------------------------------
[2023-01-07T17:39:27.898+0000] {taskinstance.py:1284} INFO - Starting attempt 1 of 1
[2023-01-07T17:39:27.898+0000] {taskinstance.py:1285} INFO - 
--------------------------------------------------------------------------------
[2023-01-07T17:39:27.910+0000] {taskinstance.py:1304} INFO - Executing <Task(PythonOperator): scan_for_log> on 2023-01-07 17:39:26.760909+00:00
[2023-01-07T17:39:27.916+0000] {standard_task_runner.py:55} INFO - Started process 320 to run task
[2023-01-07T17:39:27.920+0000] {standard_task_runner.py:82} INFO - Running: ['***', 'tasks', 'run', 'process_web_log', 'scan_for_log', 'manual__2023-01-07T17:39:26.760909+00:00', '--job-id', '24', '--raw', '--subdir', 'DAGS_FOLDER/process_web_log.py', '--cfg-path', '/tmp/tmpeqtmase1']
[2023-01-07T17:39:27.920+0000] {standard_task_runner.py:83} INFO - Job 24: Subtask scan_for_log
[2023-01-07T17:39:27.971+0000] {task_command.py:389} INFO - Running <TaskInstance: process_web_log.scan_for_log manual__2023-01-07T17:39:26.760909+00:00 [running]> on host b2d09a0fd3c2
[2023-01-07T17:39:28.016+0000] {taskinstance.py:1513} INFO - Exporting the following env vars:
AIRFLOW_CTX_DAG_OWNER=***
AIRFLOW_CTX_DAG_ID=process_web_log
AIRFLOW_CTX_TASK_ID=scan_for_log
AIRFLOW_CTX_EXECUTION_DATE=2023-01-07T17:39:26.760909+00:00
AIRFLOW_CTX_TRY_NUMBER=1
AIRFLOW_CTX_DAG_RUN_ID=manual__2023-01-07T17:39:26.760909+00:00
[2023-01-07T17:39:28.018+0000] {python.py:177} INFO - Done. Returned value was: True
[2023-01-07T17:39:28.034+0000] {taskinstance.py:1327} INFO - Marking task as SUCCESS. dag_id=process_web_log, task_id=scan_for_log, execution_date=20230107T173926, start_date=20230107T173927, end_date=20230107T173928
[2023-01-07T17:39:28.050+0000] {local_task_job.py:159} INFO - Task exited with return code 0
[2023-01-07T17:39:28.067+0000] {taskinstance.py:2582} INFO - 1 downstream tasks scheduled from follow-on schedule check
