[2023-01-07T17:38:55.504+0000] {taskinstance.py:1087} INFO - Dependencies all met for <TaskInstance: process_web_log.scan_for_log manual__2023-01-07T17:38:54.926553+00:00 [queued]>
[2023-01-07T17:38:55.517+0000] {taskinstance.py:1087} INFO - Dependencies all met for <TaskInstance: process_web_log.scan_for_log manual__2023-01-07T17:38:54.926553+00:00 [queued]>
[2023-01-07T17:38:55.523+0000] {taskinstance.py:1283} INFO - 
--------------------------------------------------------------------------------
[2023-01-07T17:38:55.523+0000] {taskinstance.py:1284} INFO - Starting attempt 1 of 1
[2023-01-07T17:38:55.523+0000] {taskinstance.py:1285} INFO - 
--------------------------------------------------------------------------------
[2023-01-07T17:38:55.540+0000] {taskinstance.py:1304} INFO - Executing <Task(PythonOperator): scan_for_log> on 2023-01-07 17:38:54.926553+00:00
[2023-01-07T17:38:55.547+0000] {standard_task_runner.py:55} INFO - Started process 269 to run task
[2023-01-07T17:38:55.551+0000] {standard_task_runner.py:82} INFO - Running: ['***', 'tasks', 'run', 'process_web_log', 'scan_for_log', 'manual__2023-01-07T17:38:54.926553+00:00', '--job-id', '22', '--raw', '--subdir', 'DAGS_FOLDER/process_web_log.py', '--cfg-path', '/tmp/tmpk7ze8sxy']
[2023-01-07T17:38:55.551+0000] {standard_task_runner.py:83} INFO - Job 22: Subtask scan_for_log
[2023-01-07T17:38:55.649+0000] {task_command.py:389} INFO - Running <TaskInstance: process_web_log.scan_for_log manual__2023-01-07T17:38:54.926553+00:00 [running]> on host b2d09a0fd3c2
[2023-01-07T17:38:55.729+0000] {taskinstance.py:1513} INFO - Exporting the following env vars:
AIRFLOW_CTX_DAG_OWNER=***
AIRFLOW_CTX_DAG_ID=process_web_log
AIRFLOW_CTX_TASK_ID=scan_for_log
AIRFLOW_CTX_EXECUTION_DATE=2023-01-07T17:38:54.926553+00:00
AIRFLOW_CTX_TRY_NUMBER=1
AIRFLOW_CTX_DAG_RUN_ID=manual__2023-01-07T17:38:54.926553+00:00
[2023-01-07T17:38:55.732+0000] {python.py:177} INFO - Done. Returned value was: True
[2023-01-07T17:38:55.773+0000] {taskinstance.py:1327} INFO - Marking task as SUCCESS. dag_id=process_web_log, task_id=scan_for_log, execution_date=20230107T173854, start_date=20230107T173855, end_date=20230107T173855
[2023-01-07T17:38:55.803+0000] {local_task_job.py:159} INFO - Task exited with return code 0
[2023-01-07T17:38:55.830+0000] {taskinstance.py:2582} INFO - 1 downstream tasks scheduled from follow-on schedule check
