[2023-01-07T17:49:28.937+0000] {taskinstance.py:1087} INFO - Dependencies all met for <TaskInstance: process_web_log.scan_for_log manual__2023-01-07T17:49:28.029297+00:00 [queued]>
[2023-01-07T17:49:28.945+0000] {taskinstance.py:1087} INFO - Dependencies all met for <TaskInstance: process_web_log.scan_for_log manual__2023-01-07T17:49:28.029297+00:00 [queued]>
[2023-01-07T17:49:28.945+0000] {taskinstance.py:1283} INFO - 
--------------------------------------------------------------------------------
[2023-01-07T17:49:28.946+0000] {taskinstance.py:1284} INFO - Starting attempt 1 of 1
[2023-01-07T17:49:28.946+0000] {taskinstance.py:1285} INFO - 
--------------------------------------------------------------------------------
[2023-01-07T17:49:28.957+0000] {taskinstance.py:1304} INFO - Executing <Task(BranchPythonOperator): scan_for_log> on 2023-01-07 17:49:28.029297+00:00
[2023-01-07T17:49:28.961+0000] {standard_task_runner.py:55} INFO - Started process 1187 to run task
[2023-01-07T17:49:28.965+0000] {standard_task_runner.py:82} INFO - Running: ['***', 'tasks', 'run', 'process_web_log', 'scan_for_log', 'manual__2023-01-07T17:49:28.029297+00:00', '--job-id', '34', '--raw', '--subdir', 'DAGS_FOLDER/process_web_log.py', '--cfg-path', '/tmp/tmpb5b1dv81']
[2023-01-07T17:49:28.965+0000] {standard_task_runner.py:83} INFO - Job 34: Subtask scan_for_log
[2023-01-07T17:49:29.013+0000] {task_command.py:389} INFO - Running <TaskInstance: process_web_log.scan_for_log manual__2023-01-07T17:49:28.029297+00:00 [running]> on host b2d09a0fd3c2
[2023-01-07T17:49:29.059+0000] {taskinstance.py:1513} INFO - Exporting the following env vars:
AIRFLOW_CTX_DAG_OWNER=***
AIRFLOW_CTX_DAG_ID=process_web_log
AIRFLOW_CTX_TASK_ID=scan_for_log
AIRFLOW_CTX_EXECUTION_DATE=2023-01-07T17:49:28.029297+00:00
AIRFLOW_CTX_TRY_NUMBER=1
AIRFLOW_CTX_DAG_RUN_ID=manual__2023-01-07T17:49:28.029297+00:00
[2023-01-07T17:49:29.061+0000] {python.py:177} INFO - Done. Returned value was: extract_data
[2023-01-07T17:49:29.061+0000] {python.py:211} INFO - Branch callable return extract_data
[2023-01-07T17:49:29.061+0000] {skipmixin.py:155} INFO - Following branch extract_data
[2023-01-07T17:49:29.061+0000] {skipmixin.py:211} INFO - Skipping tasks []
[2023-01-07T17:49:29.088+0000] {taskinstance.py:1327} INFO - Marking task as SUCCESS. dag_id=process_web_log, task_id=scan_for_log, execution_date=20230107T174928, start_date=20230107T174928, end_date=20230107T174929
[2023-01-07T17:49:29.136+0000] {local_task_job.py:159} INFO - Task exited with return code 0
[2023-01-07T17:49:29.171+0000] {taskinstance.py:2582} INFO - 1 downstream tasks scheduled from follow-on schedule check
