[2023-01-07T19:44:32.777+0000] {taskinstance.py:1087} INFO - Dependencies all met for <TaskInstance: process_web_log.extract_data manual__2023-01-07T19:44:30.732725+00:00 [queued]>
[2023-01-07T19:44:32.787+0000] {taskinstance.py:1087} INFO - Dependencies all met for <TaskInstance: process_web_log.extract_data manual__2023-01-07T19:44:30.732725+00:00 [queued]>
[2023-01-07T19:44:32.787+0000] {taskinstance.py:1283} INFO - 
--------------------------------------------------------------------------------
[2023-01-07T19:44:32.788+0000] {taskinstance.py:1284} INFO - Starting attempt 1 of 1
[2023-01-07T19:44:32.788+0000] {taskinstance.py:1285} INFO - 
--------------------------------------------------------------------------------
[2023-01-07T19:44:32.805+0000] {taskinstance.py:1304} INFO - Executing <Task(PythonOperator): extract_data> on 2023-01-07 19:44:30.732725+00:00
[2023-01-07T19:44:32.811+0000] {standard_task_runner.py:55} INFO - Started process 10979 to run task
[2023-01-07T19:44:32.815+0000] {standard_task_runner.py:82} INFO - Running: ['***', 'tasks', 'run', 'process_web_log', 'extract_data', 'manual__2023-01-07T19:44:30.732725+00:00', '--job-id', '37', '--raw', '--subdir', 'DAGS_FOLDER/process_web_log.py', '--cfg-path', '/tmp/tmpqib2j13d']
[2023-01-07T19:44:32.815+0000] {standard_task_runner.py:83} INFO - Job 37: Subtask extract_data
[2023-01-07T19:44:32.870+0000] {task_command.py:389} INFO - Running <TaskInstance: process_web_log.extract_data manual__2023-01-07T19:44:30.732725+00:00 [running]> on host b2d09a0fd3c2
[2023-01-07T19:44:32.917+0000] {taskinstance.py:1513} INFO - Exporting the following env vars:
AIRFLOW_CTX_DAG_OWNER=***
AIRFLOW_CTX_DAG_ID=process_web_log
AIRFLOW_CTX_TASK_ID=extract_data
AIRFLOW_CTX_EXECUTION_DATE=2023-01-07T19:44:30.732725+00:00
AIRFLOW_CTX_TRY_NUMBER=1
AIRFLOW_CTX_DAG_RUN_ID=manual__2023-01-07T19:44:30.732725+00:00
[2023-01-07T19:44:32.933+0000] {python.py:177} INFO - Done. Returned value was: None
[2023-01-07T19:44:32.941+0000] {taskinstance.py:1327} INFO - Marking task as SUCCESS. dag_id=process_web_log, task_id=extract_data, execution_date=20230107T194430, start_date=20230107T194432, end_date=20230107T194432
[2023-01-07T19:44:32.985+0000] {local_task_job.py:159} INFO - Task exited with return code 0
[2023-01-07T19:44:33.002+0000] {taskinstance.py:2582} INFO - 1 downstream tasks scheduled from follow-on schedule check
