[2023-01-07T19:58:26.679+0000] {taskinstance.py:1087} INFO - Dependencies all met for <TaskInstance: process_web_log.load_data manual__2023-01-07T19:58:22.818694+00:00 [queued]>
[2023-01-07T19:58:26.689+0000] {taskinstance.py:1087} INFO - Dependencies all met for <TaskInstance: process_web_log.load_data manual__2023-01-07T19:58:22.818694+00:00 [queued]>
[2023-01-07T19:58:26.689+0000] {taskinstance.py:1283} INFO - 
--------------------------------------------------------------------------------
[2023-01-07T19:58:26.692+0000] {taskinstance.py:1284} INFO - Starting attempt 1 of 1
[2023-01-07T19:58:26.692+0000] {taskinstance.py:1285} INFO - 
--------------------------------------------------------------------------------
[2023-01-07T19:58:26.710+0000] {taskinstance.py:1304} INFO - Executing <Task(PythonOperator): load_data> on 2023-01-07 19:58:22.818694+00:00
[2023-01-07T19:58:26.718+0000] {standard_task_runner.py:55} INFO - Started process 12193 to run task
[2023-01-07T19:58:26.723+0000] {standard_task_runner.py:82} INFO - Running: ['***', 'tasks', 'run', 'process_web_log', 'load_data', 'manual__2023-01-07T19:58:22.818694+00:00', '--job-id', '56', '--raw', '--subdir', 'DAGS_FOLDER/process_web_log.py', '--cfg-path', '/tmp/tmpyuxccphp']
[2023-01-07T19:58:26.724+0000] {standard_task_runner.py:83} INFO - Job 56: Subtask load_data
[2023-01-07T19:58:26.792+0000] {task_command.py:389} INFO - Running <TaskInstance: process_web_log.load_data manual__2023-01-07T19:58:22.818694+00:00 [running]> on host b2d09a0fd3c2
[2023-01-07T19:58:26.858+0000] {taskinstance.py:1513} INFO - Exporting the following env vars:
AIRFLOW_CTX_DAG_OWNER=***
AIRFLOW_CTX_DAG_ID=process_web_log
AIRFLOW_CTX_TASK_ID=load_data
AIRFLOW_CTX_EXECUTION_DATE=2023-01-07T19:58:22.818694+00:00
AIRFLOW_CTX_TRY_NUMBER=1
AIRFLOW_CTX_DAG_RUN_ID=manual__2023-01-07T19:58:22.818694+00:00
[2023-01-07T19:58:26.861+0000] {python.py:177} INFO - Done. Returned value was: None
[2023-01-07T19:58:26.871+0000] {taskinstance.py:1327} INFO - Marking task as SUCCESS. dag_id=process_web_log, task_id=load_data, execution_date=20230107T195822, start_date=20230107T195826, end_date=20230107T195826
[2023-01-07T19:58:26.934+0000] {local_task_job.py:159} INFO - Task exited with return code 0
[2023-01-07T19:58:26.955+0000] {taskinstance.py:2582} INFO - 0 downstream tasks scheduled from follow-on schedule check
