[2023-01-07T19:57:37.978+0000] {taskinstance.py:1087} INFO - Dependencies all met for <TaskInstance: process_web_log.transform_data manual__2023-01-07T19:57:35.458312+00:00 [queued]>
[2023-01-07T19:57:37.985+0000] {taskinstance.py:1087} INFO - Dependencies all met for <TaskInstance: process_web_log.transform_data manual__2023-01-07T19:57:35.458312+00:00 [queued]>
[2023-01-07T19:57:37.985+0000] {taskinstance.py:1283} INFO - 
--------------------------------------------------------------------------------
[2023-01-07T19:57:37.986+0000] {taskinstance.py:1284} INFO - Starting attempt 1 of 1
[2023-01-07T19:57:37.986+0000] {taskinstance.py:1285} INFO - 
--------------------------------------------------------------------------------
[2023-01-07T19:57:37.999+0000] {taskinstance.py:1304} INFO - Executing <Task(PythonOperator): transform_data> on 2023-01-07 19:57:35.458312+00:00
[2023-01-07T19:57:38.004+0000] {standard_task_runner.py:55} INFO - Started process 12110 to run task
[2023-01-07T19:57:38.007+0000] {standard_task_runner.py:82} INFO - Running: ['***', 'tasks', 'run', 'process_web_log', 'transform_data', 'manual__2023-01-07T19:57:35.458312+00:00', '--job-id', '51', '--raw', '--subdir', 'DAGS_FOLDER/process_web_log.py', '--cfg-path', '/tmp/tmpduz7xigo']
[2023-01-07T19:57:38.007+0000] {standard_task_runner.py:83} INFO - Job 51: Subtask transform_data
[2023-01-07T19:57:38.055+0000] {task_command.py:389} INFO - Running <TaskInstance: process_web_log.transform_data manual__2023-01-07T19:57:35.458312+00:00 [running]> on host b2d09a0fd3c2
[2023-01-07T19:57:38.103+0000] {taskinstance.py:1513} INFO - Exporting the following env vars:
AIRFLOW_CTX_DAG_OWNER=***
AIRFLOW_CTX_DAG_ID=process_web_log
AIRFLOW_CTX_TASK_ID=transform_data
AIRFLOW_CTX_EXECUTION_DATE=2023-01-07T19:57:35.458312+00:00
AIRFLOW_CTX_TRY_NUMBER=1
AIRFLOW_CTX_DAG_RUN_ID=manual__2023-01-07T19:57:35.458312+00:00
[2023-01-07T19:57:38.111+0000] {python.py:177} INFO - Done. Returned value was: None
[2023-01-07T19:57:38.117+0000] {taskinstance.py:1327} INFO - Marking task as SUCCESS. dag_id=process_web_log, task_id=transform_data, execution_date=20230107T195735, start_date=20230107T195737, end_date=20230107T195738
[2023-01-07T19:57:38.138+0000] {local_task_job.py:159} INFO - Task exited with return code 0
[2023-01-07T19:57:38.156+0000] {taskinstance.py:2582} INFO - 1 downstream tasks scheduled from follow-on schedule check
