[2023-01-07T19:50:16.318+0000] {taskinstance.py:1087} INFO - Dependencies all met for <TaskInstance: process_web_log.scan_for_log manual__2023-01-07T19:50:14.874389+00:00 [queued]>
[2023-01-07T19:50:16.326+0000] {taskinstance.py:1087} INFO - Dependencies all met for <TaskInstance: process_web_log.scan_for_log manual__2023-01-07T19:50:14.874389+00:00 [queued]>
[2023-01-07T19:50:16.326+0000] {taskinstance.py:1283} INFO - 
--------------------------------------------------------------------------------
[2023-01-07T19:50:16.326+0000] {taskinstance.py:1284} INFO - Starting attempt 1 of 1
[2023-01-07T19:50:16.327+0000] {taskinstance.py:1285} INFO - 
--------------------------------------------------------------------------------
[2023-01-07T19:50:16.337+0000] {taskinstance.py:1304} INFO - Executing <Task(BranchPythonOperator): scan_for_log> on 2023-01-07 19:50:14.874389+00:00
[2023-01-07T19:50:16.341+0000] {standard_task_runner.py:55} INFO - Started process 11479 to run task
[2023-01-07T19:50:16.345+0000] {standard_task_runner.py:82} INFO - Running: ['***', 'tasks', 'run', 'process_web_log', 'scan_for_log', 'manual__2023-01-07T19:50:14.874389+00:00', '--job-id', '48', '--raw', '--subdir', 'DAGS_FOLDER/process_web_log.py', '--cfg-path', '/tmp/tmp2mf_r9sn']
[2023-01-07T19:50:16.345+0000] {standard_task_runner.py:83} INFO - Job 48: Subtask scan_for_log
[2023-01-07T19:50:16.391+0000] {task_command.py:389} INFO - Running <TaskInstance: process_web_log.scan_for_log manual__2023-01-07T19:50:14.874389+00:00 [running]> on host b2d09a0fd3c2
[2023-01-07T19:50:16.435+0000] {taskinstance.py:1513} INFO - Exporting the following env vars:
AIRFLOW_CTX_DAG_OWNER=***
AIRFLOW_CTX_DAG_ID=process_web_log
AIRFLOW_CTX_TASK_ID=scan_for_log
AIRFLOW_CTX_EXECUTION_DATE=2023-01-07T19:50:14.874389+00:00
AIRFLOW_CTX_TRY_NUMBER=1
AIRFLOW_CTX_DAG_RUN_ID=manual__2023-01-07T19:50:14.874389+00:00
[2023-01-07T19:50:16.437+0000] {python.py:177} INFO - Done. Returned value was: None
[2023-01-07T19:50:16.437+0000] {python.py:211} INFO - Branch callable return None
[2023-01-07T19:50:16.437+0000] {skipmixin.py:155} INFO - Following branch None
[2023-01-07T19:50:16.438+0000] {skipmixin.py:211} INFO - Skipping tasks ['extract_data']
[2023-01-07T19:50:16.458+0000] {taskinstance.py:1327} INFO - Marking task as SUCCESS. dag_id=process_web_log, task_id=scan_for_log, execution_date=20230107T195014, start_date=20230107T195016, end_date=20230107T195016
[2023-01-07T19:50:16.476+0000] {local_task_job.py:159} INFO - Task exited with return code 0
[2023-01-07T19:50:16.501+0000] {taskinstance.py:2582} INFO - 0 downstream tasks scheduled from follow-on schedule check
