[2023-01-07T17:39:29.042+0000] {taskinstance.py:1087} INFO - Dependencies all met for <TaskInstance: process_web_log.extract_data manual__2023-01-07T17:39:26.760909+00:00 [queued]>
[2023-01-07T17:39:29.049+0000] {taskinstance.py:1087} INFO - Dependencies all met for <TaskInstance: process_web_log.extract_data manual__2023-01-07T17:39:26.760909+00:00 [queued]>
[2023-01-07T17:39:29.049+0000] {taskinstance.py:1283} INFO - 
--------------------------------------------------------------------------------
[2023-01-07T17:39:29.049+0000] {taskinstance.py:1284} INFO - Starting attempt 1 of 1
[2023-01-07T17:39:29.049+0000] {taskinstance.py:1285} INFO - 
--------------------------------------------------------------------------------
[2023-01-07T17:39:29.060+0000] {taskinstance.py:1304} INFO - Executing <Task(PythonOperator): extract_data> on 2023-01-07 17:39:26.760909+00:00
[2023-01-07T17:39:29.065+0000] {standard_task_runner.py:55} INFO - Started process 322 to run task
[2023-01-07T17:39:29.068+0000] {standard_task_runner.py:82} INFO - Running: ['***', 'tasks', 'run', 'process_web_log', 'extract_data', 'manual__2023-01-07T17:39:26.760909+00:00', '--job-id', '25', '--raw', '--subdir', 'DAGS_FOLDER/process_web_log.py', '--cfg-path', '/tmp/tmpup32bgcz']
[2023-01-07T17:39:29.069+0000] {standard_task_runner.py:83} INFO - Job 25: Subtask extract_data
[2023-01-07T17:39:29.128+0000] {task_command.py:389} INFO - Running <TaskInstance: process_web_log.extract_data manual__2023-01-07T17:39:26.760909+00:00 [running]> on host b2d09a0fd3c2
[2023-01-07T17:39:29.176+0000] {taskinstance.py:1513} INFO - Exporting the following env vars:
AIRFLOW_CTX_DAG_OWNER=***
AIRFLOW_CTX_DAG_ID=process_web_log
AIRFLOW_CTX_TASK_ID=extract_data
AIRFLOW_CTX_EXECUTION_DATE=2023-01-07T17:39:26.760909+00:00
AIRFLOW_CTX_TRY_NUMBER=1
AIRFLOW_CTX_DAG_RUN_ID=manual__2023-01-07T17:39:26.760909+00:00
[2023-01-07T17:39:29.195+0000] {python.py:177} INFO - Done. Returned value was: None
[2023-01-07T17:39:29.202+0000] {taskinstance.py:1327} INFO - Marking task as SUCCESS. dag_id=process_web_log, task_id=extract_data, execution_date=20230107T173926, start_date=20230107T173929, end_date=20230107T173929
[2023-01-07T17:39:29.239+0000] {local_task_job.py:159} INFO - Task exited with return code 0
[2023-01-07T17:39:29.253+0000] {taskinstance.py:2582} INFO - 0 downstream tasks scheduled from follow-on schedule check
